<?xml version="1.0" encoding="UTF-8"?>
<testng-results skipped="0" failed="23" ignored="0" total="66" passed="43">
  <reporter-output>
  </reporter-output>
  <suite name="Default suite" duration-ms="1115" started-at="2017-11-12T04:13:57Z" finished-at="2017-11-12T04:13:58Z">
    <groups>
      <group name="cvv">
        <method signature="CreditCardValidationTest.cvv(java.lang.String, java.lang.String, java.lang.String, java.lang.String)[pri:0, instance:core.CreditCardValidationTest@c25491]" name="cvv" class="core.CreditCardValidationTest"/>
      </group> <!-- cvv -->
      <group name="exp">
        <method signature="CreditCardValidationTest.exp(java.lang.String, java.lang.String, java.lang.String, java.lang.String)[pri:0, instance:core.CreditCardValidationTest@c25491]" name="exp" class="core.CreditCardValidationTest"/>
      </group> <!-- exp -->
      <group name="type">
        <method signature="CreditCardValidationTest.type(java.lang.String, java.lang.String, java.lang.String, java.lang.String)[pri:0, instance:core.CreditCardValidationTest@c25491]" name="type" class="core.CreditCardValidationTest"/>
      </group> <!-- type -->
      <group name="luhn">
        <method signature="CreditCardValidationTest.luhn(java.lang.String, java.lang.String, java.lang.String, java.lang.String)[pri:0, instance:core.CreditCardValidationTest@c25491]" name="luhn" class="core.CreditCardValidationTest"/>
      </group> <!-- luhn -->
    </groups>
    <test name="Default test" duration-ms="1115" started-at="2017-11-12T04:13:57Z" finished-at="2017-11-12T04:13:58Z">
      <class name="core.CreditCardValidationTest">
        <test-method status="FAIL" signature="cvv(java.lang.String, java.lang.String, java.lang.String, java.lang.String)[pri:0, instance:core.CreditCardValidationTest@c25491]" name="cvv" duration-ms="602" started-at="2017-11-11T21:13:57Z" data-provider="dp" finished-at="2017-11-11T21:13:58Z">
          <exception class="org.testng.internal.reflect.MethodMatcherException">
            <message>
              <![CDATA[
Data provider mismatch
Method: cvv([Parameter{index=0, type=java.lang.String, declaredAnnotations=[]}, Parameter{index=1, type=java.lang.String, declaredAnnotations=[]}, Parameter{index=2, type=java.lang.String, declaredAnnotations=[]}, Parameter{index=3, type=java.lang.String, declaredAnnotations=[]}])
Arguments: [(java.lang.String)]]]>
            </message>
            <full-stacktrace>
              <![CDATA[org.testng.internal.reflect.MethodMatcherException: 
Data provider mismatch
Method: cvv([Parameter{index=0, type=java.lang.String, declaredAnnotations=[]}, Parameter{index=1, type=java.lang.String, declaredAnnotations=[]}, Parameter{index=2, type=java.lang.String, declaredAnnotations=[]}, Parameter{index=3, type=java.lang.String, declaredAnnotations=[]}])
Arguments: [(java.lang.String)]
	at org.testng.internal.reflect.DataProviderMethodMatcher.getConformingArguments(DataProviderMethodMatcher.java:49)
	at org.testng.internal.Invoker.injectParameters(Invoker.java:1293)
	at org.testng.internal.Invoker.invokeTestMethods(Invoker.java:1187)
	at org.testng.internal.TestMethodWorker.invokeTestMethods(TestMethodWorker.java:126)
	at org.testng.internal.TestMethodWorker.run(TestMethodWorker.java:109)
	at org.testng.TestRunner.privateRun(TestRunner.java:744)
	at org.testng.TestRunner.run(TestRunner.java:602)
	at org.testng.SuiteRunner.runTest(SuiteRunner.java:380)
	at org.testng.SuiteRunner.runSequentially(SuiteRunner.java:375)
	at org.testng.SuiteRunner.privateRun(SuiteRunner.java:340)
	at org.testng.SuiteRunner.run(SuiteRunner.java:289)
	at org.testng.SuiteRunnerWorker.runSuite(SuiteRunnerWorker.java:52)
	at org.testng.SuiteRunnerWorker.run(SuiteRunnerWorker.java:86)
	at org.testng.TestNG.runSuitesSequentially(TestNG.java:1301)
	at org.testng.TestNG.runSuitesLocally(TestNG.java:1226)
	at org.testng.TestNG.runSuites(TestNG.java:1144)
	at org.testng.TestNG.run(TestNG.java:1115)
	at org.testng.remote.AbstractRemoteTestNG.run(AbstractRemoteTestNG.java:132)
	at org.testng.remote.RemoteTestNG.initAndRun(RemoteTestNG.java:230)
	at org.testng.remote.RemoteTestNG.main(RemoteTestNG.java:76)
]]>
            </full-stacktrace>
          </exception> <!-- org.testng.internal.reflect.MethodMatcherException -->
          <reporter-output>
          </reporter-output>
        </test-method> <!-- cvv -->
        <test-method status="PASS" signature="cvv(java.lang.String, java.lang.String, java.lang.String, java.lang.String)[pri:0, instance:core.CreditCardValidationTest@c25491]" name="cvv" duration-ms="270" started-at="2017-11-11T21:13:57Z" data-provider="dp" finished-at="2017-11-11T21:13:58Z">
          <params>
            <param index="0">
              <value>
                <![CDATA[VISA]]>
              </value>
            </param>
            <param index="1">
              <value>
                <![CDATA[4532-5471-0699-4816]]>
              </value>
            </param>
            <param index="2">
              <value>
                <![CDATA[03/17]]>
              </value>
            </param>
            <param index="3">
              <value>
                <![CDATA[123]]>
              </value>
            </param>
          </params>
          <reporter-output>
          </reporter-output>
        </test-method> <!-- cvv -->
        <test-method status="PASS" signature="cvv(java.lang.String, java.lang.String, java.lang.String, java.lang.String)[pri:0, instance:core.CreditCardValidationTest@c25491]" name="cvv" duration-ms="10" started-at="2017-11-11T21:13:58Z" data-provider="dp" finished-at="2017-11-11T21:13:58Z">
          <params>
            <param index="0">
              <value>
                <![CDATA[VISA]]>
              </value>
            </param>
            <param index="1">
              <value>
                <![CDATA[4961785148901]]>
              </value>
            </param>
            <param index="2">
              <value>
                <![CDATA[04/20]]>
              </value>
            </param>
            <param index="3">
              <value>
                <![CDATA[124]]>
              </value>
            </param>
          </params>
          <reporter-output>
          </reporter-output>
        </test-method> <!-- cvv -->
        <test-method status="PASS" signature="cvv(java.lang.String, java.lang.String, java.lang.String, java.lang.String)[pri:0, instance:core.CreditCardValidationTest@c25491]" name="cvv" duration-ms="0" started-at="2017-11-11T21:13:58Z" data-provider="dp" finished-at="2017-11-11T21:13:58Z">
          <params>
            <param index="0">
              <value>
                <![CDATA[MasterCard]]>
              </value>
            </param>
            <param index="1">
              <value>
                <![CDATA[5584398929973080]]>
              </value>
            </param>
            <param index="2">
              <value>
                <![CDATA[09/19]]>
              </value>
            </param>
            <param index="3">
              <value>
                <![CDATA[123]]>
              </value>
            </param>
          </params>
          <reporter-output>
          </reporter-output>
        </test-method> <!-- cvv -->
        <test-method status="PASS" signature="cvv(java.lang.String, java.lang.String, java.lang.String, java.lang.String)[pri:0, instance:core.CreditCardValidationTest@c25491]" name="cvv" duration-ms="10" started-at="2017-11-11T21:13:58Z" data-provider="dp" finished-at="2017-11-11T21:13:58Z">
          <params>
            <param index="0">
              <value>
                <![CDATA[MasterCard]]>
              </value>
            </param>
            <param index="1">
              <value>
                <![CDATA[5184398929973080]]>
              </value>
            </param>
            <param index="2">
              <value>
                <![CDATA[09/22]]>
              </value>
            </param>
            <param index="3">
              <value>
                <![CDATA[123]]>
              </value>
            </param>
          </params>
          <reporter-output>
          </reporter-output>
        </test-method> <!-- cvv -->
        <test-method status="PASS" signature="cvv(java.lang.String, java.lang.String, java.lang.String, java.lang.String)[pri:0, instance:core.CreditCardValidationTest@c25491]" name="cvv" duration-ms="10" started-at="2017-11-11T21:13:58Z" data-provider="dp" finished-at="2017-11-11T21:13:58Z">
          <params>
            <param index="0">
              <value>
                <![CDATA[MasterCard]]>
              </value>
            </param>
            <param index="1">
              <value>
                <![CDATA[5284398929973080]]>
              </value>
            </param>
            <param index="2">
              <value>
                <![CDATA[01/16]]>
              </value>
            </param>
            <param index="3">
              <value>
                <![CDATA[154]]>
              </value>
            </param>
          </params>
          <reporter-output>
          </reporter-output>
        </test-method> <!-- cvv -->
        <test-method status="PASS" signature="cvv(java.lang.String, java.lang.String, java.lang.String, java.lang.String)[pri:0, instance:core.CreditCardValidationTest@c25491]" name="cvv" duration-ms="6" started-at="2017-11-11T21:13:58Z" data-provider="dp" finished-at="2017-11-11T21:13:58Z">
          <params>
            <param index="0">
              <value>
                <![CDATA[MasterCard]]>
              </value>
            </param>
            <param index="1">
              <value>
                <![CDATA[5384398929973080]]>
              </value>
            </param>
            <param index="2">
              <value>
                <![CDATA[09/20]]>
              </value>
            </param>
            <param index="3">
              <value>
                <![CDATA[823]]>
              </value>
            </param>
          </params>
          <reporter-output>
          </reporter-output>
        </test-method> <!-- cvv -->
        <test-method status="PASS" signature="cvv(java.lang.String, java.lang.String, java.lang.String, java.lang.String)[pri:0, instance:core.CreditCardValidationTest@c25491]" name="cvv" duration-ms="5" started-at="2017-11-11T21:13:58Z" data-provider="dp" finished-at="2017-11-11T21:13:58Z">
          <params>
            <param index="0">
              <value>
                <![CDATA[MasterCard]]>
              </value>
            </param>
            <param index="1">
              <value>
                <![CDATA[5484398929973080]]>
              </value>
            </param>
            <param index="2">
              <value>
                <![CDATA[04/18]]>
              </value>
            </param>
            <param index="3">
              <value>
                <![CDATA[123]]>
              </value>
            </param>
          </params>
          <reporter-output>
          </reporter-output>
        </test-method> <!-- cvv -->
        <test-method status="PASS" signature="cvv(java.lang.String, java.lang.String, java.lang.String, java.lang.String)[pri:0, instance:core.CreditCardValidationTest@c25491]" name="cvv" duration-ms="6" started-at="2017-11-11T21:13:58Z" data-provider="dp" finished-at="2017-11-11T21:13:58Z">
          <params>
            <param index="0">
              <value>
                <![CDATA[American Express]]>
              </value>
            </param>
            <param index="1">
              <value>
                <![CDATA[344259201906721]]>
              </value>
            </param>
            <param index="2">
              <value>
                <![CDATA[03/16]]>
              </value>
            </param>
            <param index="3">
              <value>
                <![CDATA[1234]]>
              </value>
            </param>
          </params>
          <reporter-output>
          </reporter-output>
        </test-method> <!-- cvv -->
        <test-method status="PASS" signature="cvv(java.lang.String, java.lang.String, java.lang.String, java.lang.String)[pri:0, instance:core.CreditCardValidationTest@c25491]" name="cvv" duration-ms="4" started-at="2017-11-11T21:13:58Z" data-provider="dp" finished-at="2017-11-11T21:13:58Z">
          <params>
            <param index="0">
              <value>
                <![CDATA[American Express]]>
              </value>
            </param>
            <param index="1">
              <value>
                <![CDATA[374259201906721]]>
              </value>
            </param>
            <param index="2">
              <value>
                <![CDATA[05/17]]>
              </value>
            </param>
            <param index="3">
              <value>
                <![CDATA[1434]]>
              </value>
            </param>
          </params>
          <reporter-output>
          </reporter-output>
        </test-method> <!-- cvv -->
        <test-method status="FAIL" signature="cvv(java.lang.String, java.lang.String, java.lang.String, java.lang.String)[pri:0, instance:core.CreditCardValidationTest@c25491]" name="cvv" duration-ms="17" started-at="2017-11-11T21:13:58Z" data-provider="dp" finished-at="2017-11-11T21:13:58Z">
          <params>
            <param index="0">
              <value>
                <![CDATA[VISA]]>
              </value>
            </param>
            <param index="1">
              <value>
                <![CDATA[4532-5471-0699-4816]]>
              </value>
            </param>
            <param index="2">
              <value>
                <![CDATA[03/17]]>
              </value>
            </param>
            <param index="3">
              <value>
                <![CDATA[1234]]>
              </value>
            </param>
          </params>
          <exception class="java.lang.AssertionError">
            <message>
              <![CDATA[
Expected: Credit Card CVV: 1234, should be valid
     but: was <false>]]>
            </message>
            <full-stacktrace>
              <![CDATA[java.lang.AssertionError: 
Expected: Credit Card CVV: 1234, should be valid
     but: was <false>
	at org.hamcrest.MatcherAssert.assertThat(MatcherAssert.java:18)
	at org.hamcrest.MatcherAssert.assertThat(MatcherAssert.java:6)
	at core.CreditCardValidationTest.cvv(CreditCardValidationTest.java:36)
	at sun.reflect.NativeMethodAccessorImpl.invoke0(Native Method)
	at sun.reflect.NativeMethodAccessorImpl.invoke(Unknown Source)
	at sun.reflect.DelegatingMethodAccessorImpl.invoke(Unknown Source)
	at java.lang.reflect.Method.invoke(Unknown Source)
	at org.testng.internal.MethodInvocationHelper.invokeMethod(MethodInvocationHelper.java:108)
	at org.testng.internal.Invoker.invokeMethod(Invoker.java:661)
	at org.testng.internal.Invoker.invokeTestMethod(Invoker.java:869)
	at org.testng.internal.Invoker.invokeTestMethods(Invoker.java:1193)
	at org.testng.internal.TestMethodWorker.invokeTestMethods(TestMethodWorker.java:126)
	at org.testng.internal.TestMethodWorker.run(TestMethodWorker.java:109)
	at org.testng.TestRunner.privateRun(TestRunner.java:744)
	at org.testng.TestRunner.run(TestRunner.java:602)
	at org.testng.SuiteRunner.runTest(SuiteRunner.java:380)
	at org.testng.SuiteRunner.runSequentially(SuiteRunner.java:375)
	at org.testng.SuiteRunner.privateRun(SuiteRunner.java:340)
	at org.testng.SuiteRunner.run(SuiteRunner.java:289)
	at org.testng.SuiteRunnerWorker.runSuite(SuiteRunnerWorker.java:52)
	at org.testng.SuiteRunnerWorker.run(SuiteRunnerWorker.java:86)
	at org.testng.TestNG.runSuitesSequentially(TestNG.java:1301)
	at org.testng.TestNG.runSuitesLocally(TestNG.java:1226)
	at org.testng.TestNG.runSuites(TestNG.java:1144)
	at org.testng.TestNG.run(TestNG.java:1115)
	at org.testng.remote.AbstractRemoteTestNG.run(AbstractRemoteTestNG.java:132)
	at org.testng.remote.RemoteTestNG.initAndRun(RemoteTestNG.java:230)
	at org.testng.remote.RemoteTestNG.main(RemoteTestNG.java:76)
]]>
            </full-stacktrace>
          </exception> <!-- java.lang.AssertionError -->
          <reporter-output>
          </reporter-output>
        </test-method> <!-- cvv -->
        <test-method status="PASS" signature="cvv(java.lang.String, java.lang.String, java.lang.String, java.lang.String)[pri:0, instance:core.CreditCardValidationTest@c25491]" name="cvv" duration-ms="10" started-at="2017-11-11T21:13:58Z" data-provider="dp" finished-at="2017-11-11T21:13:58Z">
          <params>
            <param index="0">
              <value>
                <![CDATA[Discover]]>
              </value>
            </param>
            <param index="1">
              <value>
                <![CDATA[6211933302679615]]>
              </value>
            </param>
            <param index="2">
              <value>
                <![CDATA[06/19]]>
              </value>
            </param>
            <param index="3">
              <value>
                <![CDATA[124]]>
              </value>
            </param>
          </params>
          <reporter-output>
          </reporter-output>
        </test-method> <!-- cvv -->
        <test-method status="PASS" signature="cvv(java.lang.String, java.lang.String, java.lang.String, java.lang.String)[pri:0, instance:core.CreditCardValidationTest@c25491]" name="cvv" duration-ms="0" started-at="2017-11-11T21:13:58Z" data-provider="dp" finished-at="2017-11-11T21:13:58Z">
          <params>
            <param index="0">
              <value>
                <![CDATA[Discover]]>
              </value>
            </param>
            <param index="1">
              <value>
                <![CDATA[6011933302679615]]>
              </value>
            </param>
            <param index="2">
              <value>
                <![CDATA[02/18]]>
              </value>
            </param>
            <param index="3">
              <value>
                <![CDATA[123]]>
              </value>
            </param>
          </params>
          <reporter-output>
          </reporter-output>
        </test-method> <!-- cvv -->
        <test-method status="PASS" signature="cvv(java.lang.String, java.lang.String, java.lang.String, java.lang.String)[pri:0, instance:core.CreditCardValidationTest@c25491]" name="cvv" duration-ms="0" started-at="2017-11-11T21:13:58Z" data-provider="dp" finished-at="2017-11-11T21:13:58Z">
          <params>
            <param index="0">
              <value>
                <![CDATA[Discover]]>
              </value>
            </param>
            <param index="1">
              <value>
                <![CDATA[6411933302679615]]>
              </value>
            </param>
            <param index="2">
              <value>
                <![CDATA[01/20]]>
              </value>
            </param>
            <param index="3">
              <value>
                <![CDATA[723]]>
              </value>
            </param>
          </params>
          <reporter-output>
          </reporter-output>
        </test-method> <!-- cvv -->
        <test-method status="PASS" signature="cvv(java.lang.String, java.lang.String, java.lang.String, java.lang.String)[pri:0, instance:core.CreditCardValidationTest@c25491]" name="cvv" duration-ms="0" started-at="2017-11-11T21:13:58Z" data-provider="dp" finished-at="2017-11-11T21:13:58Z">
          <params>
            <param index="0">
              <value>
                <![CDATA[Discover]]>
              </value>
            </param>
            <param index="1">
              <value>
                <![CDATA[6511933302679615]]>
              </value>
            </param>
            <param index="2">
              <value>
                <![CDATA[05/21]]>
              </value>
            </param>
            <param index="3">
              <value>
                <![CDATA[183]]>
              </value>
            </param>
          </params>
          <reporter-output>
          </reporter-output>
        </test-method> <!-- cvv -->
        <test-method status="PASS" signature="cvv(java.lang.String, java.lang.String, java.lang.String, java.lang.String)[pri:0, instance:core.CreditCardValidationTest@c25491]" name="cvv" duration-ms="0" started-at="2017-11-11T21:13:58Z" data-provider="dp" finished-at="2017-11-11T21:13:58Z">
          <params>
            <param index="0">
              <value>
                <![CDATA[MoldovaBank]]>
              </value>
            </param>
            <param index="1">
              <value>
                <![CDATA[85247652465412]]>
              </value>
            </param>
            <param index="2">
              <value>
                <![CDATA[12/25]]>
              </value>
            </param>
            <param index="3">
              <value>
                <![CDATA[369]]>
              </value>
            </param>
          </params>
          <reporter-output>
          </reporter-output>
        </test-method> <!-- cvv -->
        <test-method status="FAIL" signature="exp(java.lang.String, java.lang.String, java.lang.String, java.lang.String)[pri:0, instance:core.CreditCardValidationTest@c25491]" name="exp" duration-ms="144" started-at="2017-11-11T21:13:58Z" data-provider="dp" finished-at="2017-11-11T21:13:58Z">
          <exception class="org.testng.internal.reflect.MethodMatcherException">
            <message>
              <![CDATA[
Data provider mismatch
Method: exp([Parameter{index=0, type=java.lang.String, declaredAnnotations=[]}, Parameter{index=1, type=java.lang.String, declaredAnnotations=[]}, Parameter{index=2, type=java.lang.String, declaredAnnotations=[]}, Parameter{index=3, type=java.lang.String, declaredAnnotations=[]}])
Arguments: [(java.lang.String)]]]>
            </message>
            <full-stacktrace>
              <![CDATA[org.testng.internal.reflect.MethodMatcherException: 
Data provider mismatch
Method: exp([Parameter{index=0, type=java.lang.String, declaredAnnotations=[]}, Parameter{index=1, type=java.lang.String, declaredAnnotations=[]}, Parameter{index=2, type=java.lang.String, declaredAnnotations=[]}, Parameter{index=3, type=java.lang.String, declaredAnnotations=[]}])
Arguments: [(java.lang.String)]
	at org.testng.internal.reflect.DataProviderMethodMatcher.getConformingArguments(DataProviderMethodMatcher.java:49)
	at org.testng.internal.Invoker.injectParameters(Invoker.java:1293)
	at org.testng.internal.Invoker.invokeTestMethods(Invoker.java:1187)
	at org.testng.internal.TestMethodWorker.invokeTestMethods(TestMethodWorker.java:126)
	at org.testng.internal.TestMethodWorker.run(TestMethodWorker.java:109)
	at org.testng.TestRunner.privateRun(TestRunner.java:744)
	at org.testng.TestRunner.run(TestRunner.java:602)
	at org.testng.SuiteRunner.runTest(SuiteRunner.java:380)
	at org.testng.SuiteRunner.runSequentially(SuiteRunner.java:375)
	at org.testng.SuiteRunner.privateRun(SuiteRunner.java:340)
	at org.testng.SuiteRunner.run(SuiteRunner.java:289)
	at org.testng.SuiteRunnerWorker.runSuite(SuiteRunnerWorker.java:52)
	at org.testng.SuiteRunnerWorker.run(SuiteRunnerWorker.java:86)
	at org.testng.TestNG.runSuitesSequentially(TestNG.java:1301)
	at org.testng.TestNG.runSuitesLocally(TestNG.java:1226)
	at org.testng.TestNG.runSuites(TestNG.java:1144)
	at org.testng.TestNG.run(TestNG.java:1115)
	at org.testng.remote.AbstractRemoteTestNG.run(AbstractRemoteTestNG.java:132)
	at org.testng.remote.RemoteTestNG.initAndRun(RemoteTestNG.java:230)
	at org.testng.remote.RemoteTestNG.main(RemoteTestNG.java:76)
]]>
            </full-stacktrace>
          </exception> <!-- org.testng.internal.reflect.MethodMatcherException -->
          <reporter-output>
          </reporter-output>
        </test-method> <!-- exp -->
        <test-method status="FAIL" signature="exp(java.lang.String, java.lang.String, java.lang.String, java.lang.String)[pri:0, instance:core.CreditCardValidationTest@c25491]" name="exp" duration-ms="17" started-at="2017-11-11T21:13:58Z" data-provider="dp" finished-at="2017-11-11T21:13:58Z">
          <params>
            <param index="0">
              <value>
                <![CDATA[VISA]]>
              </value>
            </param>
            <param index="1">
              <value>
                <![CDATA[4532-5471-0699-4816]]>
              </value>
            </param>
            <param index="2">
              <value>
                <![CDATA[03/17]]>
              </value>
            </param>
            <param index="3">
              <value>
                <![CDATA[123]]>
              </value>
            </param>
          </params>
          <exception class="java.lang.AssertionError">
            <message>
              <![CDATA[
Expected: Credit Card Exp: 03/17, should be not expired
     but: was <false>]]>
            </message>
            <full-stacktrace>
              <![CDATA[java.lang.AssertionError: 
Expected: Credit Card Exp: 03/17, should be not expired
     but: was <false>
	at org.hamcrest.MatcherAssert.assertThat(MatcherAssert.java:18)
	at org.hamcrest.MatcherAssert.assertThat(MatcherAssert.java:6)
	at core.CreditCardValidationTest.exp(CreditCardValidationTest.java:31)
	at sun.reflect.NativeMethodAccessorImpl.invoke0(Native Method)
	at sun.reflect.NativeMethodAccessorImpl.invoke(Unknown Source)
	at sun.reflect.DelegatingMethodAccessorImpl.invoke(Unknown Source)
	at java.lang.reflect.Method.invoke(Unknown Source)
	at org.testng.internal.MethodInvocationHelper.invokeMethod(MethodInvocationHelper.java:108)
	at org.testng.internal.Invoker.invokeMethod(Invoker.java:661)
	at org.testng.internal.Invoker.invokeTestMethod(Invoker.java:869)
	at org.testng.internal.Invoker.invokeTestMethods(Invoker.java:1193)
	at org.testng.internal.TestMethodWorker.invokeTestMethods(TestMethodWorker.java:126)
	at org.testng.internal.TestMethodWorker.run(TestMethodWorker.java:109)
	at org.testng.TestRunner.privateRun(TestRunner.java:744)
	at org.testng.TestRunner.run(TestRunner.java:602)
	at org.testng.SuiteRunner.runTest(SuiteRunner.java:380)
	at org.testng.SuiteRunner.runSequentially(SuiteRunner.java:375)
	at org.testng.SuiteRunner.privateRun(SuiteRunner.java:340)
	at org.testng.SuiteRunner.run(SuiteRunner.java:289)
	at org.testng.SuiteRunnerWorker.runSuite(SuiteRunnerWorker.java:52)
	at org.testng.SuiteRunnerWorker.run(SuiteRunnerWorker.java:86)
	at org.testng.TestNG.runSuitesSequentially(TestNG.java:1301)
	at org.testng.TestNG.runSuitesLocally(TestNG.java:1226)
	at org.testng.TestNG.runSuites(TestNG.java:1144)
	at org.testng.TestNG.run(TestNG.java:1115)
	at org.testng.remote.AbstractRemoteTestNG.run(AbstractRemoteTestNG.java:132)
	at org.testng.remote.RemoteTestNG.initAndRun(RemoteTestNG.java:230)
	at org.testng.remote.RemoteTestNG.main(RemoteTestNG.java:76)
]]>
            </full-stacktrace>
          </exception> <!-- java.lang.AssertionError -->
          <reporter-output>
          </reporter-output>
        </test-method> <!-- exp -->
        <test-method status="PASS" signature="exp(java.lang.String, java.lang.String, java.lang.String, java.lang.String)[pri:0, instance:core.CreditCardValidationTest@c25491]" name="exp" duration-ms="2" started-at="2017-11-11T21:13:58Z" data-provider="dp" finished-at="2017-11-11T21:13:58Z">
          <params>
            <param index="0">
              <value>
                <![CDATA[VISA]]>
              </value>
            </param>
            <param index="1">
              <value>
                <![CDATA[4961785148901]]>
              </value>
            </param>
            <param index="2">
              <value>
                <![CDATA[04/20]]>
              </value>
            </param>
            <param index="3">
              <value>
                <![CDATA[124]]>
              </value>
            </param>
          </params>
          <reporter-output>
          </reporter-output>
        </test-method> <!-- exp -->
        <test-method status="PASS" signature="exp(java.lang.String, java.lang.String, java.lang.String, java.lang.String)[pri:0, instance:core.CreditCardValidationTest@c25491]" name="exp" duration-ms="0" started-at="2017-11-11T21:13:58Z" data-provider="dp" finished-at="2017-11-11T21:13:58Z">
          <params>
            <param index="0">
              <value>
                <![CDATA[MasterCard]]>
              </value>
            </param>
            <param index="1">
              <value>
                <![CDATA[5584398929973080]]>
              </value>
            </param>
            <param index="2">
              <value>
                <![CDATA[09/19]]>
              </value>
            </param>
            <param index="3">
              <value>
                <![CDATA[123]]>
              </value>
            </param>
          </params>
          <reporter-output>
          </reporter-output>
        </test-method> <!-- exp -->
        <test-method status="FAIL" signature="exp(java.lang.String, java.lang.String, java.lang.String, java.lang.String)[pri:0, instance:core.CreditCardValidationTest@c25491]" name="exp" duration-ms="10" started-at="2017-11-11T21:13:58Z" data-provider="dp" finished-at="2017-11-11T21:13:58Z">
          <params>
            <param index="0">
              <value>
                <![CDATA[MasterCard]]>
              </value>
            </param>
            <param index="1">
              <value>
                <![CDATA[5284398929973080]]>
              </value>
            </param>
            <param index="2">
              <value>
                <![CDATA[01/16]]>
              </value>
            </param>
            <param index="3">
              <value>
                <![CDATA[154]]>
              </value>
            </param>
          </params>
          <exception class="java.lang.AssertionError">
            <message>
              <![CDATA[
Expected: Credit Card Exp: 01/16, should be not expired
     but: was <false>]]>
            </message>
            <full-stacktrace>
              <![CDATA[java.lang.AssertionError: 
Expected: Credit Card Exp: 01/16, should be not expired
     but: was <false>
	at org.hamcrest.MatcherAssert.assertThat(MatcherAssert.java:18)
	at org.hamcrest.MatcherAssert.assertThat(MatcherAssert.java:6)
	at core.CreditCardValidationTest.exp(CreditCardValidationTest.java:31)
	at sun.reflect.NativeMethodAccessorImpl.invoke0(Native Method)
	at sun.reflect.NativeMethodAccessorImpl.invoke(Unknown Source)
	at sun.reflect.DelegatingMethodAccessorImpl.invoke(Unknown Source)
	at java.lang.reflect.Method.invoke(Unknown Source)
	at org.testng.internal.MethodInvocationHelper.invokeMethod(MethodInvocationHelper.java:108)
	at org.testng.internal.Invoker.invokeMethod(Invoker.java:661)
	at org.testng.internal.Invoker.invokeTestMethod(Invoker.java:869)
	at org.testng.internal.Invoker.invokeTestMethods(Invoker.java:1193)
	at org.testng.internal.TestMethodWorker.invokeTestMethods(TestMethodWorker.java:126)
	at org.testng.internal.TestMethodWorker.run(TestMethodWorker.java:109)
	at org.testng.TestRunner.privateRun(TestRunner.java:744)
	at org.testng.TestRunner.run(TestRunner.java:602)
	at org.testng.SuiteRunner.runTest(SuiteRunner.java:380)
	at org.testng.SuiteRunner.runSequentially(SuiteRunner.java:375)
	at org.testng.SuiteRunner.privateRun(SuiteRunner.java:340)
	at org.testng.SuiteRunner.run(SuiteRunner.java:289)
	at org.testng.SuiteRunnerWorker.runSuite(SuiteRunnerWorker.java:52)
	at org.testng.SuiteRunnerWorker.run(SuiteRunnerWorker.java:86)
	at org.testng.TestNG.runSuitesSequentially(TestNG.java:1301)
	at org.testng.TestNG.runSuitesLocally(TestNG.java:1226)
	at org.testng.TestNG.runSuites(TestNG.java:1144)
	at org.testng.TestNG.run(TestNG.java:1115)
	at org.testng.remote.AbstractRemoteTestNG.run(AbstractRemoteTestNG.java:132)
	at org.testng.remote.RemoteTestNG.initAndRun(RemoteTestNG.java:230)
	at org.testng.remote.RemoteTestNG.main(RemoteTestNG.java:76)
]]>
            </full-stacktrace>
          </exception> <!-- java.lang.AssertionError -->
          <reporter-output>
          </reporter-output>
        </test-method> <!-- exp -->
        <test-method status="PASS" signature="exp(java.lang.String, java.lang.String, java.lang.String, java.lang.String)[pri:0, instance:core.CreditCardValidationTest@c25491]" name="exp" duration-ms="0" started-at="2017-11-11T21:13:58Z" data-provider="dp" finished-at="2017-11-11T21:13:58Z">
          <params>
            <param index="0">
              <value>
                <![CDATA[MasterCard]]>
              </value>
            </param>
            <param index="1">
              <value>
                <![CDATA[5184398929973080]]>
              </value>
            </param>
            <param index="2">
              <value>
                <![CDATA[09/22]]>
              </value>
            </param>
            <param index="3">
              <value>
                <![CDATA[123]]>
              </value>
            </param>
          </params>
          <reporter-output>
          </reporter-output>
        </test-method> <!-- exp -->
        <test-method status="PASS" signature="exp(java.lang.String, java.lang.String, java.lang.String, java.lang.String)[pri:0, instance:core.CreditCardValidationTest@c25491]" name="exp" duration-ms="0" started-at="2017-11-11T21:13:58Z" data-provider="dp" finished-at="2017-11-11T21:13:58Z">
          <params>
            <param index="0">
              <value>
                <![CDATA[MasterCard]]>
              </value>
            </param>
            <param index="1">
              <value>
                <![CDATA[5384398929973080]]>
              </value>
            </param>
            <param index="2">
              <value>
                <![CDATA[09/20]]>
              </value>
            </param>
            <param index="3">
              <value>
                <![CDATA[823]]>
              </value>
            </param>
          </params>
          <reporter-output>
          </reporter-output>
        </test-method> <!-- exp -->
        <test-method status="PASS" signature="exp(java.lang.String, java.lang.String, java.lang.String, java.lang.String)[pri:0, instance:core.CreditCardValidationTest@c25491]" name="exp" duration-ms="0" started-at="2017-11-11T21:13:58Z" data-provider="dp" finished-at="2017-11-11T21:13:58Z">
          <params>
            <param index="0">
              <value>
                <![CDATA[MasterCard]]>
              </value>
            </param>
            <param index="1">
              <value>
                <![CDATA[5484398929973080]]>
              </value>
            </param>
            <param index="2">
              <value>
                <![CDATA[04/18]]>
              </value>
            </param>
            <param index="3">
              <value>
                <![CDATA[123]]>
              </value>
            </param>
          </params>
          <reporter-output>
          </reporter-output>
        </test-method> <!-- exp -->
        <test-method status="FAIL" signature="exp(java.lang.String, java.lang.String, java.lang.String, java.lang.String)[pri:0, instance:core.CreditCardValidationTest@c25491]" name="exp" duration-ms="6" started-at="2017-11-11T21:13:58Z" data-provider="dp" finished-at="2017-11-11T21:13:58Z">
          <params>
            <param index="0">
              <value>
                <![CDATA[American Express]]>
              </value>
            </param>
            <param index="1">
              <value>
                <![CDATA[344259201906721]]>
              </value>
            </param>
            <param index="2">
              <value>
                <![CDATA[03/16]]>
              </value>
            </param>
            <param index="3">
              <value>
                <![CDATA[1234]]>
              </value>
            </param>
          </params>
          <exception class="java.lang.AssertionError">
            <message>
              <![CDATA[
Expected: Credit Card Exp: 03/16, should be not expired
     but: was <false>]]>
            </message>
            <full-stacktrace>
              <![CDATA[java.lang.AssertionError: 
Expected: Credit Card Exp: 03/16, should be not expired
     but: was <false>
	at org.hamcrest.MatcherAssert.assertThat(MatcherAssert.java:18)
	at org.hamcrest.MatcherAssert.assertThat(MatcherAssert.java:6)
	at core.CreditCardValidationTest.exp(CreditCardValidationTest.java:31)
	at sun.reflect.NativeMethodAccessorImpl.invoke0(Native Method)
	at sun.reflect.NativeMethodAccessorImpl.invoke(Unknown Source)
	at sun.reflect.DelegatingMethodAccessorImpl.invoke(Unknown Source)
	at java.lang.reflect.Method.invoke(Unknown Source)
	at org.testng.internal.MethodInvocationHelper.invokeMethod(MethodInvocationHelper.java:108)
	at org.testng.internal.Invoker.invokeMethod(Invoker.java:661)
	at org.testng.internal.Invoker.invokeTestMethod(Invoker.java:869)
	at org.testng.internal.Invoker.invokeTestMethods(Invoker.java:1193)
	at org.testng.internal.TestMethodWorker.invokeTestMethods(TestMethodWorker.java:126)
	at org.testng.internal.TestMethodWorker.run(TestMethodWorker.java:109)
	at org.testng.TestRunner.privateRun(TestRunner.java:744)
	at org.testng.TestRunner.run(TestRunner.java:602)
	at org.testng.SuiteRunner.runTest(SuiteRunner.java:380)
	at org.testng.SuiteRunner.runSequentially(SuiteRunner.java:375)
	at org.testng.SuiteRunner.privateRun(SuiteRunner.java:340)
	at org.testng.SuiteRunner.run(SuiteRunner.java:289)
	at org.testng.SuiteRunnerWorker.runSuite(SuiteRunnerWorker.java:52)
	at org.testng.SuiteRunnerWorker.run(SuiteRunnerWorker.java:86)
	at org.testng.TestNG.runSuitesSequentially(TestNG.java:1301)
	at org.testng.TestNG.runSuitesLocally(TestNG.java:1226)
	at org.testng.TestNG.runSuites(TestNG.java:1144)
	at org.testng.TestNG.run(TestNG.java:1115)
	at org.testng.remote.AbstractRemoteTestNG.run(AbstractRemoteTestNG.java:132)
	at org.testng.remote.RemoteTestNG.initAndRun(RemoteTestNG.java:230)
	at org.testng.remote.RemoteTestNG.main(RemoteTestNG.java:76)
]]>
            </full-stacktrace>
          </exception> <!-- java.lang.AssertionError -->
          <reporter-output>
          </reporter-output>
        </test-method> <!-- exp -->
        <test-method status="FAIL" signature="exp(java.lang.String, java.lang.String, java.lang.String, java.lang.String)[pri:0, instance:core.CreditCardValidationTest@c25491]" name="exp" duration-ms="3" started-at="2017-11-11T21:13:58Z" data-provider="dp" finished-at="2017-11-11T21:13:58Z">
          <params>
            <param index="0">
              <value>
                <![CDATA[American Express]]>
              </value>
            </param>
            <param index="1">
              <value>
                <![CDATA[374259201906721]]>
              </value>
            </param>
            <param index="2">
              <value>
                <![CDATA[05/17]]>
              </value>
            </param>
            <param index="3">
              <value>
                <![CDATA[1434]]>
              </value>
            </param>
          </params>
          <exception class="java.lang.AssertionError">
            <message>
              <![CDATA[
Expected: Credit Card Exp: 05/17, should be not expired
     but: was <false>]]>
            </message>
            <full-stacktrace>
              <![CDATA[java.lang.AssertionError: 
Expected: Credit Card Exp: 05/17, should be not expired
     but: was <false>
	at org.hamcrest.MatcherAssert.assertThat(MatcherAssert.java:18)
	at org.hamcrest.MatcherAssert.assertThat(MatcherAssert.java:6)
	at core.CreditCardValidationTest.exp(CreditCardValidationTest.java:31)
	at sun.reflect.NativeMethodAccessorImpl.invoke0(Native Method)
	at sun.reflect.NativeMethodAccessorImpl.invoke(Unknown Source)
	at sun.reflect.DelegatingMethodAccessorImpl.invoke(Unknown Source)
	at java.lang.reflect.Method.invoke(Unknown Source)
	at org.testng.internal.MethodInvocationHelper.invokeMethod(MethodInvocationHelper.java:108)
	at org.testng.internal.Invoker.invokeMethod(Invoker.java:661)
	at org.testng.internal.Invoker.invokeTestMethod(Invoker.java:869)
	at org.testng.internal.Invoker.invokeTestMethods(Invoker.java:1193)
	at org.testng.internal.TestMethodWorker.invokeTestMethods(TestMethodWorker.java:126)
	at org.testng.internal.TestMethodWorker.run(TestMethodWorker.java:109)
	at org.testng.TestRunner.privateRun(TestRunner.java:744)
	at org.testng.TestRunner.run(TestRunner.java:602)
	at org.testng.SuiteRunner.runTest(SuiteRunner.java:380)
	at org.testng.SuiteRunner.runSequentially(SuiteRunner.java:375)
	at org.testng.SuiteRunner.privateRun(SuiteRunner.java:340)
	at org.testng.SuiteRunner.run(SuiteRunner.java:289)
	at org.testng.SuiteRunnerWorker.runSuite(SuiteRunnerWorker.java:52)
	at org.testng.SuiteRunnerWorker.run(SuiteRunnerWorker.java:86)
	at org.testng.TestNG.runSuitesSequentially(TestNG.java:1301)
	at org.testng.TestNG.runSuitesLocally(TestNG.java:1226)
	at org.testng.TestNG.runSuites(TestNG.java:1144)
	at org.testng.TestNG.run(TestNG.java:1115)
	at org.testng.remote.AbstractRemoteTestNG.run(AbstractRemoteTestNG.java:132)
	at org.testng.remote.RemoteTestNG.initAndRun(RemoteTestNG.java:230)
	at org.testng.remote.RemoteTestNG.main(RemoteTestNG.java:76)
]]>
            </full-stacktrace>
          </exception> <!-- java.lang.AssertionError -->
          <reporter-output>
          </reporter-output>
        </test-method> <!-- exp -->
        <test-method status="FAIL" signature="exp(java.lang.String, java.lang.String, java.lang.String, java.lang.String)[pri:0, instance:core.CreditCardValidationTest@c25491]" name="exp" duration-ms="11" started-at="2017-11-11T21:13:58Z" data-provider="dp" finished-at="2017-11-11T21:13:58Z">
          <params>
            <param index="0">
              <value>
                <![CDATA[VISA]]>
              </value>
            </param>
            <param index="1">
              <value>
                <![CDATA[4532-5471-0699-4816]]>
              </value>
            </param>
            <param index="2">
              <value>
                <![CDATA[03/17]]>
              </value>
            </param>
            <param index="3">
              <value>
                <![CDATA[1234]]>
              </value>
            </param>
          </params>
          <exception class="java.lang.AssertionError">
            <message>
              <![CDATA[
Expected: Credit Card Exp: 03/17, should be not expired
     but: was <false>]]>
            </message>
            <full-stacktrace>
              <![CDATA[java.lang.AssertionError: 
Expected: Credit Card Exp: 03/17, should be not expired
     but: was <false>
	at org.hamcrest.MatcherAssert.assertThat(MatcherAssert.java:18)
	at org.hamcrest.MatcherAssert.assertThat(MatcherAssert.java:6)
	at core.CreditCardValidationTest.exp(CreditCardValidationTest.java:31)
	at sun.reflect.NativeMethodAccessorImpl.invoke0(Native Method)
	at sun.reflect.NativeMethodAccessorImpl.invoke(Unknown Source)
	at sun.reflect.DelegatingMethodAccessorImpl.invoke(Unknown Source)
	at java.lang.reflect.Method.invoke(Unknown Source)
	at org.testng.internal.MethodInvocationHelper.invokeMethod(MethodInvocationHelper.java:108)
	at org.testng.internal.Invoker.invokeMethod(Invoker.java:661)
	at org.testng.internal.Invoker.invokeTestMethod(Invoker.java:869)
	at org.testng.internal.Invoker.invokeTestMethods(Invoker.java:1193)
	at org.testng.internal.TestMethodWorker.invokeTestMethods(TestMethodWorker.java:126)
	at org.testng.internal.TestMethodWorker.run(TestMethodWorker.java:109)
	at org.testng.TestRunner.privateRun(TestRunner.java:744)
	at org.testng.TestRunner.run(TestRunner.java:602)
	at org.testng.SuiteRunner.runTest(SuiteRunner.java:380)
	at org.testng.SuiteRunner.runSequentially(SuiteRunner.java:375)
	at org.testng.SuiteRunner.privateRun(SuiteRunner.java:340)
	at org.testng.SuiteRunner.run(SuiteRunner.java:289)
	at org.testng.SuiteRunnerWorker.runSuite(SuiteRunnerWorker.java:52)
	at org.testng.SuiteRunnerWorker.run(SuiteRunnerWorker.java:86)
	at org.testng.TestNG.runSuitesSequentially(TestNG.java:1301)
	at org.testng.TestNG.runSuitesLocally(TestNG.java:1226)
	at org.testng.TestNG.runSuites(TestNG.java:1144)
	at org.testng.TestNG.run(TestNG.java:1115)
	at org.testng.remote.AbstractRemoteTestNG.run(AbstractRemoteTestNG.java:132)
	at org.testng.remote.RemoteTestNG.initAndRun(RemoteTestNG.java:230)
	at org.testng.remote.RemoteTestNG.main(RemoteTestNG.java:76)
]]>
            </full-stacktrace>
          </exception> <!-- java.lang.AssertionError -->
          <reporter-output>
          </reporter-output>
        </test-method> <!-- exp -->
        <test-method status="PASS" signature="exp(java.lang.String, java.lang.String, java.lang.String, java.lang.String)[pri:0, instance:core.CreditCardValidationTest@c25491]" name="exp" duration-ms="3" started-at="2017-11-11T21:13:58Z" data-provider="dp" finished-at="2017-11-11T21:13:58Z">
          <params>
            <param index="0">
              <value>
                <![CDATA[Discover]]>
              </value>
            </param>
            <param index="1">
              <value>
                <![CDATA[6011933302679615]]>
              </value>
            </param>
            <param index="2">
              <value>
                <![CDATA[02/18]]>
              </value>
            </param>
            <param index="3">
              <value>
                <![CDATA[123]]>
              </value>
            </param>
          </params>
          <reporter-output>
          </reporter-output>
        </test-method> <!-- exp -->
        <test-method status="PASS" signature="exp(java.lang.String, java.lang.String, java.lang.String, java.lang.String)[pri:0, instance:core.CreditCardValidationTest@c25491]" name="exp" duration-ms="8" started-at="2017-11-11T21:13:58Z" data-provider="dp" finished-at="2017-11-11T21:13:58Z">
          <params>
            <param index="0">
              <value>
                <![CDATA[Discover]]>
              </value>
            </param>
            <param index="1">
              <value>
                <![CDATA[6211933302679615]]>
              </value>
            </param>
            <param index="2">
              <value>
                <![CDATA[06/19]]>
              </value>
            </param>
            <param index="3">
              <value>
                <![CDATA[124]]>
              </value>
            </param>
          </params>
          <reporter-output>
          </reporter-output>
        </test-method> <!-- exp -->
        <test-method status="PASS" signature="exp(java.lang.String, java.lang.String, java.lang.String, java.lang.String)[pri:0, instance:core.CreditCardValidationTest@c25491]" name="exp" duration-ms="4" started-at="2017-11-11T21:13:58Z" data-provider="dp" finished-at="2017-11-11T21:13:58Z">
          <params>
            <param index="0">
              <value>
                <![CDATA[Discover]]>
              </value>
            </param>
            <param index="1">
              <value>
                <![CDATA[6411933302679615]]>
              </value>
            </param>
            <param index="2">
              <value>
                <![CDATA[01/20]]>
              </value>
            </param>
            <param index="3">
              <value>
                <![CDATA[723]]>
              </value>
            </param>
          </params>
          <reporter-output>
          </reporter-output>
        </test-method> <!-- exp -->
        <test-method status="PASS" signature="exp(java.lang.String, java.lang.String, java.lang.String, java.lang.String)[pri:0, instance:core.CreditCardValidationTest@c25491]" name="exp" duration-ms="4" started-at="2017-11-11T21:13:58Z" data-provider="dp" finished-at="2017-11-11T21:13:58Z">
          <params>
            <param index="0">
              <value>
                <![CDATA[Discover]]>
              </value>
            </param>
            <param index="1">
              <value>
                <![CDATA[6511933302679615]]>
              </value>
            </param>
            <param index="2">
              <value>
                <![CDATA[05/21]]>
              </value>
            </param>
            <param index="3">
              <value>
                <![CDATA[183]]>
              </value>
            </param>
          </params>
          <reporter-output>
          </reporter-output>
        </test-method> <!-- exp -->
        <test-method status="PASS" signature="exp(java.lang.String, java.lang.String, java.lang.String, java.lang.String)[pri:0, instance:core.CreditCardValidationTest@c25491]" name="exp" duration-ms="4" started-at="2017-11-11T21:13:58Z" data-provider="dp" finished-at="2017-11-11T21:13:58Z">
          <params>
            <param index="0">
              <value>
                <![CDATA[MoldovaBank]]>
              </value>
            </param>
            <param index="1">
              <value>
                <![CDATA[85247652465412]]>
              </value>
            </param>
            <param index="2">
              <value>
                <![CDATA[12/25]]>
              </value>
            </param>
            <param index="3">
              <value>
                <![CDATA[369]]>
              </value>
            </param>
          </params>
          <reporter-output>
          </reporter-output>
        </test-method> <!-- exp -->
        <test-method status="FAIL" signature="luhn(java.lang.String, java.lang.String, java.lang.String, java.lang.String)[pri:0, instance:core.CreditCardValidationTest@c25491]" name="luhn" duration-ms="124" started-at="2017-11-11T21:13:58Z" data-provider="dp" finished-at="2017-11-11T21:13:58Z">
          <exception class="org.testng.internal.reflect.MethodMatcherException">
            <message>
              <![CDATA[
Data provider mismatch
Method: luhn([Parameter{index=0, type=java.lang.String, declaredAnnotations=[]}, Parameter{index=1, type=java.lang.String, declaredAnnotations=[]}, Parameter{index=2, type=java.lang.String, declaredAnnotations=[]}, Parameter{index=3, type=java.lang.String, declaredAnnotations=[]}])
Arguments: [(java.lang.String)]]]>
            </message>
            <full-stacktrace>
              <![CDATA[org.testng.internal.reflect.MethodMatcherException: 
Data provider mismatch
Method: luhn([Parameter{index=0, type=java.lang.String, declaredAnnotations=[]}, Parameter{index=1, type=java.lang.String, declaredAnnotations=[]}, Parameter{index=2, type=java.lang.String, declaredAnnotations=[]}, Parameter{index=3, type=java.lang.String, declaredAnnotations=[]}])
Arguments: [(java.lang.String)]
	at org.testng.internal.reflect.DataProviderMethodMatcher.getConformingArguments(DataProviderMethodMatcher.java:49)
	at org.testng.internal.Invoker.injectParameters(Invoker.java:1293)
	at org.testng.internal.Invoker.invokeTestMethods(Invoker.java:1187)
	at org.testng.internal.TestMethodWorker.invokeTestMethods(TestMethodWorker.java:126)
	at org.testng.internal.TestMethodWorker.run(TestMethodWorker.java:109)
	at org.testng.TestRunner.privateRun(TestRunner.java:744)
	at org.testng.TestRunner.run(TestRunner.java:602)
	at org.testng.SuiteRunner.runTest(SuiteRunner.java:380)
	at org.testng.SuiteRunner.runSequentially(SuiteRunner.java:375)
	at org.testng.SuiteRunner.privateRun(SuiteRunner.java:340)
	at org.testng.SuiteRunner.run(SuiteRunner.java:289)
	at org.testng.SuiteRunnerWorker.runSuite(SuiteRunnerWorker.java:52)
	at org.testng.SuiteRunnerWorker.run(SuiteRunnerWorker.java:86)
	at org.testng.TestNG.runSuitesSequentially(TestNG.java:1301)
	at org.testng.TestNG.runSuitesLocally(TestNG.java:1226)
	at org.testng.TestNG.runSuites(TestNG.java:1144)
	at org.testng.TestNG.run(TestNG.java:1115)
	at org.testng.remote.AbstractRemoteTestNG.run(AbstractRemoteTestNG.java:132)
	at org.testng.remote.RemoteTestNG.initAndRun(RemoteTestNG.java:230)
	at org.testng.remote.RemoteTestNG.main(RemoteTestNG.java:76)
]]>
            </full-stacktrace>
          </exception> <!-- org.testng.internal.reflect.MethodMatcherException -->
          <reporter-output>
          </reporter-output>
        </test-method> <!-- luhn -->
        <test-method status="PASS" signature="luhn(java.lang.String, java.lang.String, java.lang.String, java.lang.String)[pri:0, instance:core.CreditCardValidationTest@c25491]" name="luhn" duration-ms="4" started-at="2017-11-11T21:13:58Z" data-provider="dp" finished-at="2017-11-11T21:13:58Z">
          <params>
            <param index="0">
              <value>
                <![CDATA[VISA]]>
              </value>
            </param>
            <param index="1">
              <value>
                <![CDATA[4532-5471-0699-4816]]>
              </value>
            </param>
            <param index="2">
              <value>
                <![CDATA[03/17]]>
              </value>
            </param>
            <param index="3">
              <value>
                <![CDATA[123]]>
              </value>
            </param>
          </params>
          <reporter-output>
          </reporter-output>
        </test-method> <!-- luhn -->
        <test-method status="FAIL" signature="luhn(java.lang.String, java.lang.String, java.lang.String, java.lang.String)[pri:0, instance:core.CreditCardValidationTest@c25491]" name="luhn" duration-ms="7" started-at="2017-11-11T21:13:58Z" data-provider="dp" finished-at="2017-11-11T21:13:58Z">
          <params>
            <param index="0">
              <value>
                <![CDATA[VISA]]>
              </value>
            </param>
            <param index="1">
              <value>
                <![CDATA[4961785148901]]>
              </value>
            </param>
            <param index="2">
              <value>
                <![CDATA[04/20]]>
              </value>
            </param>
            <param index="3">
              <value>
                <![CDATA[124]]>
              </value>
            </param>
          </params>
          <exception class="java.lang.AssertionError">
            <message>
              <![CDATA[
Expected: Luhn of: 4961785148901, should be valid
     but: was <false>]]>
            </message>
            <full-stacktrace>
              <![CDATA[java.lang.AssertionError: 
Expected: Luhn of: 4961785148901, should be valid
     but: was <false>
	at org.hamcrest.MatcherAssert.assertThat(MatcherAssert.java:18)
	at org.hamcrest.MatcherAssert.assertThat(MatcherAssert.java:6)
	at core.CreditCardValidationTest.luhn(CreditCardValidationTest.java:41)
	at sun.reflect.NativeMethodAccessorImpl.invoke0(Native Method)
	at sun.reflect.NativeMethodAccessorImpl.invoke(Unknown Source)
	at sun.reflect.DelegatingMethodAccessorImpl.invoke(Unknown Source)
	at java.lang.reflect.Method.invoke(Unknown Source)
	at org.testng.internal.MethodInvocationHelper.invokeMethod(MethodInvocationHelper.java:108)
	at org.testng.internal.Invoker.invokeMethod(Invoker.java:661)
	at org.testng.internal.Invoker.invokeTestMethod(Invoker.java:869)
	at org.testng.internal.Invoker.invokeTestMethods(Invoker.java:1193)
	at org.testng.internal.TestMethodWorker.invokeTestMethods(TestMethodWorker.java:126)
	at org.testng.internal.TestMethodWorker.run(TestMethodWorker.java:109)
	at org.testng.TestRunner.privateRun(TestRunner.java:744)
	at org.testng.TestRunner.run(TestRunner.java:602)
	at org.testng.SuiteRunner.runTest(SuiteRunner.java:380)
	at org.testng.SuiteRunner.runSequentially(SuiteRunner.java:375)
	at org.testng.SuiteRunner.privateRun(SuiteRunner.java:340)
	at org.testng.SuiteRunner.run(SuiteRunner.java:289)
	at org.testng.SuiteRunnerWorker.runSuite(SuiteRunnerWorker.java:52)
	at org.testng.SuiteRunnerWorker.run(SuiteRunnerWorker.java:86)
	at org.testng.TestNG.runSuitesSequentially(TestNG.java:1301)
	at org.testng.TestNG.runSuitesLocally(TestNG.java:1226)
	at org.testng.TestNG.runSuites(TestNG.java:1144)
	at org.testng.TestNG.run(TestNG.java:1115)
	at org.testng.remote.AbstractRemoteTestNG.run(AbstractRemoteTestNG.java:132)
	at org.testng.remote.RemoteTestNG.initAndRun(RemoteTestNG.java:230)
	at org.testng.remote.RemoteTestNG.main(RemoteTestNG.java:76)
]]>
            </full-stacktrace>
          </exception> <!-- java.lang.AssertionError -->
          <reporter-output>
          </reporter-output>
        </test-method> <!-- luhn -->
        <test-method status="PASS" signature="luhn(java.lang.String, java.lang.String, java.lang.String, java.lang.String)[pri:0, instance:core.CreditCardValidationTest@c25491]" name="luhn" duration-ms="3" started-at="2017-11-11T21:13:58Z" data-provider="dp" finished-at="2017-11-11T21:13:58Z">
          <params>
            <param index="0">
              <value>
                <![CDATA[MasterCard]]>
              </value>
            </param>
            <param index="1">
              <value>
                <![CDATA[5584398929973080]]>
              </value>
            </param>
            <param index="2">
              <value>
                <![CDATA[09/19]]>
              </value>
            </param>
            <param index="3">
              <value>
                <![CDATA[123]]>
              </value>
            </param>
          </params>
          <reporter-output>
          </reporter-output>
        </test-method> <!-- luhn -->
        <test-method status="FAIL" signature="luhn(java.lang.String, java.lang.String, java.lang.String, java.lang.String)[pri:0, instance:core.CreditCardValidationTest@c25491]" name="luhn" duration-ms="3" started-at="2017-11-11T21:13:58Z" data-provider="dp" finished-at="2017-11-11T21:13:58Z">
          <params>
            <param index="0">
              <value>
                <![CDATA[MasterCard]]>
              </value>
            </param>
            <param index="1">
              <value>
                <![CDATA[5184398929973080]]>
              </value>
            </param>
            <param index="2">
              <value>
                <![CDATA[09/22]]>
              </value>
            </param>
            <param index="3">
              <value>
                <![CDATA[123]]>
              </value>
            </param>
          </params>
          <exception class="java.lang.AssertionError">
            <message>
              <![CDATA[
Expected: Luhn of: 5184398929973080, should be valid
     but: was <false>]]>
            </message>
            <full-stacktrace>
              <![CDATA[java.lang.AssertionError: 
Expected: Luhn of: 5184398929973080, should be valid
     but: was <false>
	at org.hamcrest.MatcherAssert.assertThat(MatcherAssert.java:18)
	at org.hamcrest.MatcherAssert.assertThat(MatcherAssert.java:6)
	at core.CreditCardValidationTest.luhn(CreditCardValidationTest.java:41)
	at sun.reflect.NativeMethodAccessorImpl.invoke0(Native Method)
	at sun.reflect.NativeMethodAccessorImpl.invoke(Unknown Source)
	at sun.reflect.DelegatingMethodAccessorImpl.invoke(Unknown Source)
	at java.lang.reflect.Method.invoke(Unknown Source)
	at org.testng.internal.MethodInvocationHelper.invokeMethod(MethodInvocationHelper.java:108)
	at org.testng.internal.Invoker.invokeMethod(Invoker.java:661)
	at org.testng.internal.Invoker.invokeTestMethod(Invoker.java:869)
	at org.testng.internal.Invoker.invokeTestMethods(Invoker.java:1193)
	at org.testng.internal.TestMethodWorker.invokeTestMethods(TestMethodWorker.java:126)
	at org.testng.internal.TestMethodWorker.run(TestMethodWorker.java:109)
	at org.testng.TestRunner.privateRun(TestRunner.java:744)
	at org.testng.TestRunner.run(TestRunner.java:602)
	at org.testng.SuiteRunner.runTest(SuiteRunner.java:380)
	at org.testng.SuiteRunner.runSequentially(SuiteRunner.java:375)
	at org.testng.SuiteRunner.privateRun(SuiteRunner.java:340)
	at org.testng.SuiteRunner.run(SuiteRunner.java:289)
	at org.testng.SuiteRunnerWorker.runSuite(SuiteRunnerWorker.java:52)
	at org.testng.SuiteRunnerWorker.run(SuiteRunnerWorker.java:86)
	at org.testng.TestNG.runSuitesSequentially(TestNG.java:1301)
	at org.testng.TestNG.runSuitesLocally(TestNG.java:1226)
	at org.testng.TestNG.runSuites(TestNG.java:1144)
	at org.testng.TestNG.run(TestNG.java:1115)
	at org.testng.remote.AbstractRemoteTestNG.run(AbstractRemoteTestNG.java:132)
	at org.testng.remote.RemoteTestNG.initAndRun(RemoteTestNG.java:230)
	at org.testng.remote.RemoteTestNG.main(RemoteTestNG.java:76)
]]>
            </full-stacktrace>
          </exception> <!-- java.lang.AssertionError -->
          <reporter-output>
          </reporter-output>
        </test-method> <!-- luhn -->
        <test-method status="FAIL" signature="luhn(java.lang.String, java.lang.String, java.lang.String, java.lang.String)[pri:0, instance:core.CreditCardValidationTest@c25491]" name="luhn" duration-ms="3" started-at="2017-11-11T21:13:58Z" data-provider="dp" finished-at="2017-11-11T21:13:58Z">
          <params>
            <param index="0">
              <value>
                <![CDATA[MasterCard]]>
              </value>
            </param>
            <param index="1">
              <value>
                <![CDATA[5284398929973080]]>
              </value>
            </param>
            <param index="2">
              <value>
                <![CDATA[01/16]]>
              </value>
            </param>
            <param index="3">
              <value>
                <![CDATA[154]]>
              </value>
            </param>
          </params>
          <exception class="java.lang.AssertionError">
            <message>
              <![CDATA[
Expected: Luhn of: 5284398929973080, should be valid
     but: was <false>]]>
            </message>
            <full-stacktrace>
              <![CDATA[java.lang.AssertionError: 
Expected: Luhn of: 5284398929973080, should be valid
     but: was <false>
	at org.hamcrest.MatcherAssert.assertThat(MatcherAssert.java:18)
	at org.hamcrest.MatcherAssert.assertThat(MatcherAssert.java:6)
	at core.CreditCardValidationTest.luhn(CreditCardValidationTest.java:41)
	at sun.reflect.NativeMethodAccessorImpl.invoke0(Native Method)
	at sun.reflect.NativeMethodAccessorImpl.invoke(Unknown Source)
	at sun.reflect.DelegatingMethodAccessorImpl.invoke(Unknown Source)
	at java.lang.reflect.Method.invoke(Unknown Source)
	at org.testng.internal.MethodInvocationHelper.invokeMethod(MethodInvocationHelper.java:108)
	at org.testng.internal.Invoker.invokeMethod(Invoker.java:661)
	at org.testng.internal.Invoker.invokeTestMethod(Invoker.java:869)
	at org.testng.internal.Invoker.invokeTestMethods(Invoker.java:1193)
	at org.testng.internal.TestMethodWorker.invokeTestMethods(TestMethodWorker.java:126)
	at org.testng.internal.TestMethodWorker.run(TestMethodWorker.java:109)
	at org.testng.TestRunner.privateRun(TestRunner.java:744)
	at org.testng.TestRunner.run(TestRunner.java:602)
	at org.testng.SuiteRunner.runTest(SuiteRunner.java:380)
	at org.testng.SuiteRunner.runSequentially(SuiteRunner.java:375)
	at org.testng.SuiteRunner.privateRun(SuiteRunner.java:340)
	at org.testng.SuiteRunner.run(SuiteRunner.java:289)
	at org.testng.SuiteRunnerWorker.runSuite(SuiteRunnerWorker.java:52)
	at org.testng.SuiteRunnerWorker.run(SuiteRunnerWorker.java:86)
	at org.testng.TestNG.runSuitesSequentially(TestNG.java:1301)
	at org.testng.TestNG.runSuitesLocally(TestNG.java:1226)
	at org.testng.TestNG.runSuites(TestNG.java:1144)
	at org.testng.TestNG.run(TestNG.java:1115)
	at org.testng.remote.AbstractRemoteTestNG.run(AbstractRemoteTestNG.java:132)
	at org.testng.remote.RemoteTestNG.initAndRun(RemoteTestNG.java:230)
	at org.testng.remote.RemoteTestNG.main(RemoteTestNG.java:76)
]]>
            </full-stacktrace>
          </exception> <!-- java.lang.AssertionError -->
          <reporter-output>
          </reporter-output>
        </test-method> <!-- luhn -->
        <test-method status="FAIL" signature="luhn(java.lang.String, java.lang.String, java.lang.String, java.lang.String)[pri:0, instance:core.CreditCardValidationTest@c25491]" name="luhn" duration-ms="6" started-at="2017-11-11T21:13:58Z" data-provider="dp" finished-at="2017-11-11T21:13:58Z">
          <params>
            <param index="0">
              <value>
                <![CDATA[MasterCard]]>
              </value>
            </param>
            <param index="1">
              <value>
                <![CDATA[5384398929973080]]>
              </value>
            </param>
            <param index="2">
              <value>
                <![CDATA[09/20]]>
              </value>
            </param>
            <param index="3">
              <value>
                <![CDATA[823]]>
              </value>
            </param>
          </params>
          <exception class="java.lang.AssertionError">
            <message>
              <![CDATA[
Expected: Luhn of: 5384398929973080, should be valid
     but: was <false>]]>
            </message>
            <full-stacktrace>
              <![CDATA[java.lang.AssertionError: 
Expected: Luhn of: 5384398929973080, should be valid
     but: was <false>
	at org.hamcrest.MatcherAssert.assertThat(MatcherAssert.java:18)
	at org.hamcrest.MatcherAssert.assertThat(MatcherAssert.java:6)
	at core.CreditCardValidationTest.luhn(CreditCardValidationTest.java:41)
	at sun.reflect.NativeMethodAccessorImpl.invoke0(Native Method)
	at sun.reflect.NativeMethodAccessorImpl.invoke(Unknown Source)
	at sun.reflect.DelegatingMethodAccessorImpl.invoke(Unknown Source)
	at java.lang.reflect.Method.invoke(Unknown Source)
	at org.testng.internal.MethodInvocationHelper.invokeMethod(MethodInvocationHelper.java:108)
	at org.testng.internal.Invoker.invokeMethod(Invoker.java:661)
	at org.testng.internal.Invoker.invokeTestMethod(Invoker.java:869)
	at org.testng.internal.Invoker.invokeTestMethods(Invoker.java:1193)
	at org.testng.internal.TestMethodWorker.invokeTestMethods(TestMethodWorker.java:126)
	at org.testng.internal.TestMethodWorker.run(TestMethodWorker.java:109)
	at org.testng.TestRunner.privateRun(TestRunner.java:744)
	at org.testng.TestRunner.run(TestRunner.java:602)
	at org.testng.SuiteRunner.runTest(SuiteRunner.java:380)
	at org.testng.SuiteRunner.runSequentially(SuiteRunner.java:375)
	at org.testng.SuiteRunner.privateRun(SuiteRunner.java:340)
	at org.testng.SuiteRunner.run(SuiteRunner.java:289)
	at org.testng.SuiteRunnerWorker.runSuite(SuiteRunnerWorker.java:52)
	at org.testng.SuiteRunnerWorker.run(SuiteRunnerWorker.java:86)
	at org.testng.TestNG.runSuitesSequentially(TestNG.java:1301)
	at org.testng.TestNG.runSuitesLocally(TestNG.java:1226)
	at org.testng.TestNG.runSuites(TestNG.java:1144)
	at org.testng.TestNG.run(TestNG.java:1115)
	at org.testng.remote.AbstractRemoteTestNG.run(AbstractRemoteTestNG.java:132)
	at org.testng.remote.RemoteTestNG.initAndRun(RemoteTestNG.java:230)
	at org.testng.remote.RemoteTestNG.main(RemoteTestNG.java:76)
]]>
            </full-stacktrace>
          </exception> <!-- java.lang.AssertionError -->
          <reporter-output>
          </reporter-output>
        </test-method> <!-- luhn -->
        <test-method status="FAIL" signature="luhn(java.lang.String, java.lang.String, java.lang.String, java.lang.String)[pri:0, instance:core.CreditCardValidationTest@c25491]" name="luhn" duration-ms="4" started-at="2017-11-11T21:13:58Z" data-provider="dp" finished-at="2017-11-11T21:13:58Z">
          <params>
            <param index="0">
              <value>
                <![CDATA[MasterCard]]>
              </value>
            </param>
            <param index="1">
              <value>
                <![CDATA[5484398929973080]]>
              </value>
            </param>
            <param index="2">
              <value>
                <![CDATA[04/18]]>
              </value>
            </param>
            <param index="3">
              <value>
                <![CDATA[123]]>
              </value>
            </param>
          </params>
          <exception class="java.lang.AssertionError">
            <message>
              <![CDATA[
Expected: Luhn of: 5484398929973080, should be valid
     but: was <false>]]>
            </message>
            <full-stacktrace>
              <![CDATA[java.lang.AssertionError: 
Expected: Luhn of: 5484398929973080, should be valid
     but: was <false>
	at org.hamcrest.MatcherAssert.assertThat(MatcherAssert.java:18)
	at org.hamcrest.MatcherAssert.assertThat(MatcherAssert.java:6)
	at core.CreditCardValidationTest.luhn(CreditCardValidationTest.java:41)
	at sun.reflect.NativeMethodAccessorImpl.invoke0(Native Method)
	at sun.reflect.NativeMethodAccessorImpl.invoke(Unknown Source)
	at sun.reflect.DelegatingMethodAccessorImpl.invoke(Unknown Source)
	at java.lang.reflect.Method.invoke(Unknown Source)
	at org.testng.internal.MethodInvocationHelper.invokeMethod(MethodInvocationHelper.java:108)
	at org.testng.internal.Invoker.invokeMethod(Invoker.java:661)
	at org.testng.internal.Invoker.invokeTestMethod(Invoker.java:869)
	at org.testng.internal.Invoker.invokeTestMethods(Invoker.java:1193)
	at org.testng.internal.TestMethodWorker.invokeTestMethods(TestMethodWorker.java:126)
	at org.testng.internal.TestMethodWorker.run(TestMethodWorker.java:109)
	at org.testng.TestRunner.privateRun(TestRunner.java:744)
	at org.testng.TestRunner.run(TestRunner.java:602)
	at org.testng.SuiteRunner.runTest(SuiteRunner.java:380)
	at org.testng.SuiteRunner.runSequentially(SuiteRunner.java:375)
	at org.testng.SuiteRunner.privateRun(SuiteRunner.java:340)
	at org.testng.SuiteRunner.run(SuiteRunner.java:289)
	at org.testng.SuiteRunnerWorker.runSuite(SuiteRunnerWorker.java:52)
	at org.testng.SuiteRunnerWorker.run(SuiteRunnerWorker.java:86)
	at org.testng.TestNG.runSuitesSequentially(TestNG.java:1301)
	at org.testng.TestNG.runSuitesLocally(TestNG.java:1226)
	at org.testng.TestNG.runSuites(TestNG.java:1144)
	at org.testng.TestNG.run(TestNG.java:1115)
	at org.testng.remote.AbstractRemoteTestNG.run(AbstractRemoteTestNG.java:132)
	at org.testng.remote.RemoteTestNG.initAndRun(RemoteTestNG.java:230)
	at org.testng.remote.RemoteTestNG.main(RemoteTestNG.java:76)
]]>
            </full-stacktrace>
          </exception> <!-- java.lang.AssertionError -->
          <reporter-output>
          </reporter-output>
        </test-method> <!-- luhn -->
        <test-method status="PASS" signature="luhn(java.lang.String, java.lang.String, java.lang.String, java.lang.String)[pri:0, instance:core.CreditCardValidationTest@c25491]" name="luhn" duration-ms="4" started-at="2017-11-11T21:13:58Z" data-provider="dp" finished-at="2017-11-11T21:13:58Z">
          <params>
            <param index="0">
              <value>
                <![CDATA[American Express]]>
              </value>
            </param>
            <param index="1">
              <value>
                <![CDATA[344259201906721]]>
              </value>
            </param>
            <param index="2">
              <value>
                <![CDATA[03/16]]>
              </value>
            </param>
            <param index="3">
              <value>
                <![CDATA[1234]]>
              </value>
            </param>
          </params>
          <reporter-output>
          </reporter-output>
        </test-method> <!-- luhn -->
        <test-method status="FAIL" signature="luhn(java.lang.String, java.lang.String, java.lang.String, java.lang.String)[pri:0, instance:core.CreditCardValidationTest@c25491]" name="luhn" duration-ms="5" started-at="2017-11-11T21:13:58Z" data-provider="dp" finished-at="2017-11-11T21:13:58Z">
          <params>
            <param index="0">
              <value>
                <![CDATA[American Express]]>
              </value>
            </param>
            <param index="1">
              <value>
                <![CDATA[374259201906721]]>
              </value>
            </param>
            <param index="2">
              <value>
                <![CDATA[05/17]]>
              </value>
            </param>
            <param index="3">
              <value>
                <![CDATA[1434]]>
              </value>
            </param>
          </params>
          <exception class="java.lang.AssertionError">
            <message>
              <![CDATA[
Expected: Luhn of: 374259201906721, should be valid
     but: was <false>]]>
            </message>
            <full-stacktrace>
              <![CDATA[java.lang.AssertionError: 
Expected: Luhn of: 374259201906721, should be valid
     but: was <false>
	at org.hamcrest.MatcherAssert.assertThat(MatcherAssert.java:18)
	at org.hamcrest.MatcherAssert.assertThat(MatcherAssert.java:6)
	at core.CreditCardValidationTest.luhn(CreditCardValidationTest.java:41)
	at sun.reflect.NativeMethodAccessorImpl.invoke0(Native Method)
	at sun.reflect.NativeMethodAccessorImpl.invoke(Unknown Source)
	at sun.reflect.DelegatingMethodAccessorImpl.invoke(Unknown Source)
	at java.lang.reflect.Method.invoke(Unknown Source)
	at org.testng.internal.MethodInvocationHelper.invokeMethod(MethodInvocationHelper.java:108)
	at org.testng.internal.Invoker.invokeMethod(Invoker.java:661)
	at org.testng.internal.Invoker.invokeTestMethod(Invoker.java:869)
	at org.testng.internal.Invoker.invokeTestMethods(Invoker.java:1193)
	at org.testng.internal.TestMethodWorker.invokeTestMethods(TestMethodWorker.java:126)
	at org.testng.internal.TestMethodWorker.run(TestMethodWorker.java:109)
	at org.testng.TestRunner.privateRun(TestRunner.java:744)
	at org.testng.TestRunner.run(TestRunner.java:602)
	at org.testng.SuiteRunner.runTest(SuiteRunner.java:380)
	at org.testng.SuiteRunner.runSequentially(SuiteRunner.java:375)
	at org.testng.SuiteRunner.privateRun(SuiteRunner.java:340)
	at org.testng.SuiteRunner.run(SuiteRunner.java:289)
	at org.testng.SuiteRunnerWorker.runSuite(SuiteRunnerWorker.java:52)
	at org.testng.SuiteRunnerWorker.run(SuiteRunnerWorker.java:86)
	at org.testng.TestNG.runSuitesSequentially(TestNG.java:1301)
	at org.testng.TestNG.runSuitesLocally(TestNG.java:1226)
	at org.testng.TestNG.runSuites(TestNG.java:1144)
	at org.testng.TestNG.run(TestNG.java:1115)
	at org.testng.remote.AbstractRemoteTestNG.run(AbstractRemoteTestNG.java:132)
	at org.testng.remote.RemoteTestNG.initAndRun(RemoteTestNG.java:230)
	at org.testng.remote.RemoteTestNG.main(RemoteTestNG.java:76)
]]>
            </full-stacktrace>
          </exception> <!-- java.lang.AssertionError -->
          <reporter-output>
          </reporter-output>
        </test-method> <!-- luhn -->
        <test-method status="PASS" signature="luhn(java.lang.String, java.lang.String, java.lang.String, java.lang.String)[pri:0, instance:core.CreditCardValidationTest@c25491]" name="luhn" duration-ms="5" started-at="2017-11-11T21:13:58Z" data-provider="dp" finished-at="2017-11-11T21:13:58Z">
          <params>
            <param index="0">
              <value>
                <![CDATA[VISA]]>
              </value>
            </param>
            <param index="1">
              <value>
                <![CDATA[4532-5471-0699-4816]]>
              </value>
            </param>
            <param index="2">
              <value>
                <![CDATA[03/17]]>
              </value>
            </param>
            <param index="3">
              <value>
                <![CDATA[1234]]>
              </value>
            </param>
          </params>
          <reporter-output>
          </reporter-output>
        </test-method> <!-- luhn -->
        <test-method status="FAIL" signature="luhn(java.lang.String, java.lang.String, java.lang.String, java.lang.String)[pri:0, instance:core.CreditCardValidationTest@c25491]" name="luhn" duration-ms="4" started-at="2017-11-11T21:13:58Z" data-provider="dp" finished-at="2017-11-11T21:13:58Z">
          <params>
            <param index="0">
              <value>
                <![CDATA[Discover]]>
              </value>
            </param>
            <param index="1">
              <value>
                <![CDATA[6011933302679615]]>
              </value>
            </param>
            <param index="2">
              <value>
                <![CDATA[02/18]]>
              </value>
            </param>
            <param index="3">
              <value>
                <![CDATA[123]]>
              </value>
            </param>
          </params>
          <exception class="java.lang.AssertionError">
            <message>
              <![CDATA[
Expected: Luhn of: 6011933302679615, should be valid
     but: was <false>]]>
            </message>
            <full-stacktrace>
              <![CDATA[java.lang.AssertionError: 
Expected: Luhn of: 6011933302679615, should be valid
     but: was <false>
	at org.hamcrest.MatcherAssert.assertThat(MatcherAssert.java:18)
	at org.hamcrest.MatcherAssert.assertThat(MatcherAssert.java:6)
	at core.CreditCardValidationTest.luhn(CreditCardValidationTest.java:41)
	at sun.reflect.NativeMethodAccessorImpl.invoke0(Native Method)
	at sun.reflect.NativeMethodAccessorImpl.invoke(Unknown Source)
	at sun.reflect.DelegatingMethodAccessorImpl.invoke(Unknown Source)
	at java.lang.reflect.Method.invoke(Unknown Source)
	at org.testng.internal.MethodInvocationHelper.invokeMethod(MethodInvocationHelper.java:108)
	at org.testng.internal.Invoker.invokeMethod(Invoker.java:661)
	at org.testng.internal.Invoker.invokeTestMethod(Invoker.java:869)
	at org.testng.internal.Invoker.invokeTestMethods(Invoker.java:1193)
	at org.testng.internal.TestMethodWorker.invokeTestMethods(TestMethodWorker.java:126)
	at org.testng.internal.TestMethodWorker.run(TestMethodWorker.java:109)
	at org.testng.TestRunner.privateRun(TestRunner.java:744)
	at org.testng.TestRunner.run(TestRunner.java:602)
	at org.testng.SuiteRunner.runTest(SuiteRunner.java:380)
	at org.testng.SuiteRunner.runSequentially(SuiteRunner.java:375)
	at org.testng.SuiteRunner.privateRun(SuiteRunner.java:340)
	at org.testng.SuiteRunner.run(SuiteRunner.java:289)
	at org.testng.SuiteRunnerWorker.runSuite(SuiteRunnerWorker.java:52)
	at org.testng.SuiteRunnerWorker.run(SuiteRunnerWorker.java:86)
	at org.testng.TestNG.runSuitesSequentially(TestNG.java:1301)
	at org.testng.TestNG.runSuitesLocally(TestNG.java:1226)
	at org.testng.TestNG.runSuites(TestNG.java:1144)
	at org.testng.TestNG.run(TestNG.java:1115)
	at org.testng.remote.AbstractRemoteTestNG.run(AbstractRemoteTestNG.java:132)
	at org.testng.remote.RemoteTestNG.initAndRun(RemoteTestNG.java:230)
	at org.testng.remote.RemoteTestNG.main(RemoteTestNG.java:76)
]]>
            </full-stacktrace>
          </exception> <!-- java.lang.AssertionError -->
          <reporter-output>
          </reporter-output>
        </test-method> <!-- luhn -->
        <test-method status="FAIL" signature="luhn(java.lang.String, java.lang.String, java.lang.String, java.lang.String)[pri:0, instance:core.CreditCardValidationTest@c25491]" name="luhn" duration-ms="5" started-at="2017-11-11T21:13:58Z" data-provider="dp" finished-at="2017-11-11T21:13:58Z">
          <params>
            <param index="0">
              <value>
                <![CDATA[Discover]]>
              </value>
            </param>
            <param index="1">
              <value>
                <![CDATA[6211933302679615]]>
              </value>
            </param>
            <param index="2">
              <value>
                <![CDATA[06/19]]>
              </value>
            </param>
            <param index="3">
              <value>
                <![CDATA[124]]>
              </value>
            </param>
          </params>
          <exception class="java.lang.AssertionError">
            <message>
              <![CDATA[
Expected: Luhn of: 6211933302679615, should be valid
     but: was <false>]]>
            </message>
            <full-stacktrace>
              <![CDATA[java.lang.AssertionError: 
Expected: Luhn of: 6211933302679615, should be valid
     but: was <false>
	at org.hamcrest.MatcherAssert.assertThat(MatcherAssert.java:18)
	at org.hamcrest.MatcherAssert.assertThat(MatcherAssert.java:6)
	at core.CreditCardValidationTest.luhn(CreditCardValidationTest.java:41)
	at sun.reflect.NativeMethodAccessorImpl.invoke0(Native Method)
[...]
          <reporter-output>
          </reporter-output>
        </test-method> <!-- test01 -->
        <test-method status="PASS" signature="test02()[pri:0, instance:core.CreditCardValidationTest@c25491]" name="test02" duration-ms="5" started-at="2017-11-11T21:13:58Z" finished-at="2017-11-11T21:13:58Z">
          <reporter-output>
          </reporter-output>
        </test-method> <!-- test02 -->
        <test-method status="FAIL" signature="type(java.lang.String, java.lang.String, java.lang.String, java.lang.String)[pri:0, instance:core.CreditCardValidationTest@c25491]" name="type" duration-ms="102" started-at="2017-11-11T21:13:58Z" data-provider="dp" finished-at="2017-11-11T21:13:58Z">
          <exception class="org.testng.internal.reflect.MethodMatcherException">
            <message>
              <![CDATA[
Data provider mismatch
Method: type([Parameter{index=0, type=java.lang.String, declaredAnnotations=[]}, Parameter{index=1, type=java.lang.String, declaredAnnotations=[]}, Parameter{index=2, type=java.lang.String, declaredAnnotations=[]}, Parameter{index=3, type=java.lang.String, declaredAnnotations=[]}])
Arguments: [(java.lang.String)]]]>
            </message>
            <full-stacktrace>
              <![CDATA[org.testng.internal.reflect.MethodMatcherException: 
Data provider mismatch
Method: type([Parameter{index=0, type=java.lang.String, declaredAnnotations=[]}, Parameter{index=1, type=java.lang.String, declaredAnnotations=[]}, Parameter{index=2, type=java.lang.String, declaredAnnotations=[]}, Parameter{index=3, type=java.lang.String, declaredAnnotations=[]}])
Arguments: [(java.lang.String)]
	at org.testng.internal.reflect.DataProviderMethodMatcher.getConformingArguments(DataProviderMethodMatcher.java:49)
	at org.testng.internal.Invoker.injectParameters(Invoker.java:1293)
	at org.testng.internal.Invoker.invokeTestMethods(Invoker.java:1187)
	at org.testng.internal.TestMethodWorker.invokeTestMethods(TestMethodWorker.java:126)
	at org.testng.internal.TestMethodWorker.run(TestMethodWorker.java:109)
	at org.testng.TestRunner.privateRun(TestRunner.java:744)
	at org.testng.TestRunner.run(TestRunner.java:602)
	at org.testng.SuiteRunner.runTest(SuiteRunner.java:380)
	at org.testng.SuiteRunner.runSequentially(SuiteRunner.java:375)
	at org.testng.SuiteRunner.privateRun(SuiteRunner.java:340)
	at org.testng.SuiteRunner.run(SuiteRunner.java:289)
	at org.testng.SuiteRunnerWorker.runSuite(SuiteRunnerWorker.java:52)
	at org.testng.SuiteRunnerWorker.run(SuiteRunnerWorker.java:86)
	at org.testng.TestNG.runSuitesSequentially(TestNG.java:1301)
	at org.testng.TestNG.runSuitesLocally(TestNG.java:1226)
	at org.testng.TestNG.runSuites(TestNG.java:1144)
	at org.testng.TestNG.run(TestNG.java:1115)
	at org.testng.remote.AbstractRemoteTestNG.run(AbstractRemoteTestNG.java:132)
	at org.testng.remote.RemoteTestNG.initAndRun(RemoteTestNG.java:230)
	at org.testng.remote.RemoteTestNG.main(RemoteTestNG.java:76)
]]>
            </full-stacktrace>
          </exception> <!-- org.testng.internal.reflect.MethodMatcherException -->
          <reporter-output>
          </reporter-output>
        </test-method> <!-- type -->
        <test-method status="PASS" signature="type(java.lang.String, java.lang.String, java.lang.String, java.lang.String)[pri:0, instance:core.CreditCardValidationTest@c25491]" name="type" duration-ms="4" started-at="2017-11-11T21:13:58Z" data-provider="dp" finished-at="2017-11-11T21:13:58Z">
          <params>
            <param index="0">
              <value>
                <![CDATA[VISA]]>
              </value>
            </param>
            <param index="1">
              <value>
                <![CDATA[4532-5471-0699-4816]]>
              </value>
            </param>
            <param index="2">
              <value>
                <![CDATA[03/17]]>
              </value>
            </param>
            <param index="3">
              <value>
                <![CDATA[123]]>
              </value>
            </param>
          </params>
          <reporter-output>
          </reporter-output>
        </test-method> <!-- type -->
        <test-method status="PASS" signature="type(java.lang.String, java.lang.String, java.lang.String, java.lang.String)[pri:0, instance:core.CreditCardValidationTest@c25491]" name="type" duration-ms="5" started-at="2017-11-11T21:13:58Z" data-provider="dp" finished-at="2017-11-11T21:13:58Z">
          <params>
            <param index="0">
              <value>
                <![CDATA[VISA]]>
              </value>
            </param>
            <param index="1">
              <value>
                <![CDATA[4961785148901]]>
              </value>
            </param>
            <param index="2">
              <value>
                <![CDATA[04/20]]>
              </value>
            </param>
            <param index="3">
              <value>
                <![CDATA[124]]>
              </value>
            </param>
          </params>
          <reporter-output>
          </reporter-output>
        </test-method> <!-- type -->
        <test-method status="PASS" signature="type(java.lang.String, java.lang.String, java.lang.String, java.lang.String)[pri:0, instance:core.CreditCardValidationTest@c25491]" name="type" duration-ms="4" started-at="2017-11-11T21:13:58Z" data-provider="dp" finished-at="2017-11-11T21:13:58Z">
          <params>
            <param index="0">
              <value>
                <![CDATA[MasterCard]]>
              </value>
            </param>
            <param index="1">
              <value>
                <![CDATA[5584398929973080]]>
              </value>
            </param>
            <param index="2">
              <value>
                <![CDATA[09/19]]>
              </value>
            </param>
            <param index="3">
              <value>
                <![CDATA[123]]>
              </value>
            </param>
          </params>
          <reporter-output>
          </reporter-output>
        </test-method> <!-- type -->
        <test-method status="PASS" signature="type(java.lang.String, java.lang.String, java.lang.String, java.lang.String)[pri:0, instance:core.CreditCardValidationTest@c25491]" name="type" duration-ms="4" started-at="2017-11-11T21:13:58Z" data-provider="dp" finished-at="2017-11-11T21:13:58Z">
          <params>
            <param index="0">
              <value>
                <![CDATA[MasterCard]]>
              </value>
            </param>
            <param index="1">
              <value>
                <![CDATA[5184398929973080]]>
              </value>
            </param>
            <param index="2">
              <value>
                <![CDATA[09/22]]>
              </value>
            </param>
            <param index="3">
              <value>
                <![CDATA[123]]>
              </value>
            </param>
          </params>
          <reporter-output>
          </reporter-output>
        </test-method> <!-- type -->
        <test-method status="PASS" signature="type(java.lang.String, java.lang.String, java.lang.String, java.lang.String)[pri:0, instance:core.CreditCardValidationTest@c25491]" name="type" duration-ms="3" started-at="2017-11-11T21:13:58Z" data-provider="dp" finished-at="2017-11-11T21:13:58Z">
          <params>
            <param index="0">
              <value>
                <![CDATA[MasterCard]]>
              </value>
            </param>
            <param index="1">
              <value>
                <![CDATA[5284398929973080]]>
              </value>
            </param>
            <param index="2">
              <value>
                <![CDATA[01/16]]>
              </value>
            </param>
            <param index="3">
              <value>
                <![CDATA[154]]>
              </value>
            </param>
          </params>
          <reporter-output>
          </reporter-output>
        </test-method> <!-- type -->
        <test-method status="PASS" signature="type(java.lang.String, java.lang.String, java.lang.String, java.lang.String)[pri:0, instance:core.CreditCardValidationTest@c25491]" name="type" duration-ms="3" started-at="2017-11-11T21:13:58Z" data-provider="dp" finished-at="2017-11-11T21:13:58Z">
          <params>
            <param index="0">
              <value>
                <![CDATA[MasterCard]]>
              </value>
            </param>
            <param index="1">
              <value>
                <![CDATA[5384398929973080]]>
              </value>
            </param>
            <param index="2">
              <value>
                <![CDATA[09/20]]>
              </value>
            </param>
            <param index="3">
              <value>
                <![CDATA[823]]>
              </value>
            </param>
          </params>
          <reporter-output>
          </reporter-output>
        </test-method> <!-- type -->
        <test-method status="PASS" signature="type(java.lang.String, java.lang.String, java.lang.String, java.lang.String)[pri:0, instance:core.CreditCardValidationTest@c25491]" name="type" duration-ms="5" started-at="2017-11-11T21:13:58Z" data-provider="dp" finished-at="2017-11-11T21:13:58Z">
          <params>
            <param index="0">
              <value>
                <![CDATA[MasterCard]]>
              </value>
            </param>
            <param index="1">
              <value>
                <![CDATA[5484398929973080]]>
              </value>
            </param>
            <param index="2">
              <value>
                <![CDATA[04/18]]>
              </value>
            </param>
            <param index="3">
              <value>
                <![CDATA[123]]>
              </value>
            </param>
          </params>
          <reporter-output>
          </reporter-output>
        </test-method> <!-- type -->
        <test-method status="PASS" signature="type(java.lang.String, java.lang.String, java.lang.String, java.lang.String)[pri:0, instance:core.CreditCardValidationTest@c25491]" name="type" duration-ms="6" started-at="2017-11-11T21:13:58Z" data-provider="dp" finished-at="2017-11-11T21:13:58Z">
          <params>
            <param index="0">
              <value>
                <![CDATA[American Express]]>
              </value>
            </param>
            <param index="1">
              <value>
                <![CDATA[344259201906721]]>
              </value>
            </param>
            <param index="2">
              <value>
                <![CDATA[03/16]]>
              </value>
            </param>
            <param index="3">
              <value>
                <![CDATA[1234]]>
              </value>
            </param>
          </params>
          <reporter-output>
          </reporter-output>
        </test-method> <!-- type -->
        <test-method status="PASS" signature="type(java.lang.String, java.lang.String, java.lang.String, java.lang.String)[pri:0, instance:core.CreditCardValidationTest@c25491]" name="type" duration-ms="3" started-at="2017-11-11T21:13:58Z" data-provider="dp" finished-at="2017-11-11T21:13:58Z">
          <params>
            <param index="0">
              <value>
                <![CDATA[American Express]]>
              </value>
            </param>
            <param index="1">
              <value>
                <![CDATA[374259201906721]]>
              </value>
            </param>
            <param index="2">
              <value>
                <![CDATA[05/17]]>
              </value>
            </param>
            <param index="3">
              <value>
                <![CDATA[1434]]>
              </value>
            </param>
          </params>
          <reporter-output>
          </reporter-output>
        </test-method> <!-- type -->
        <test-method status="PASS" signature="type(java.lang.String, java.lang.String, java.lang.String, java.lang.String)[pri:0, instance:core.CreditCardValidationTest@c25491]" name="type" duration-ms="3" started-at="2017-11-11T21:13:58Z" data-provider="dp" finished-at="2017-11-11T21:13:58Z">
          <params>
            <param index="0">
              <value>
                <![CDATA[VISA]]>
              </value>
            </param>
            <param index="1">
              <value>
                <![CDATA[4532-5471-0699-4816]]>
              </value>
            </param>
            <param index="2">
              <value>
                <![CDATA[03/17]]>
              </value>
            </param>
            <param index="3">
              <value>
                <![CDATA[1234]]>
              </value>
            </param>
          </params>
          <reporter-output>
          </reporter-output>
        </test-method> <!-- type -->
        <test-method status="PASS" signature="type(java.lang.String, java.lang.String, java.lang.String, java.lang.String)[pri:0, instance:core.CreditCardValidationTest@c25491]" name="type" duration-ms="3" started-at="2017-11-11T21:13:58Z" data-provider="dp" finished-at="2017-11-11T21:13:58Z">
          <params>
            <param index="0">
              <value>
                <![CDATA[Discover]]>
              </value>
            </param>
            <param index="1">
              <value>
                <![CDATA[6011933302679615]]>
              </value>
            </param>
            <param index="2">
              <value>
                <![CDATA[02/18]]>
              </value>
            </param>
            <param index="3">
              <value>
                <![CDATA[123]]>
              </value>
            </param>
          </params>
          <reporter-output>
          </reporter-output>
        </test-method> <!-- type -->
        <test-method status="PASS" signature="type(java.lang.String, java.lang.String, java.lang.String, java.lang.String)[pri:0, instance:core.CreditCardValidationTest@c25491]" name="type" duration-ms="3" started-at="2017-11-11T21:13:58Z" data-provider="dp" finished-at="2017-11-11T21:13:58Z">
          <params>
            <param index="0">
              <value>
                <![CDATA[Discover]]>
              </value>
            </param>
            <param index="1">
              <value>
                <![CDATA[6211933302679615]]>
              </value>
            </param>
            <param index="2">
              <value>
                <![CDATA[06/19]]>
              </value>
            </param>
            <param index="3">
              <value>
                <![CDATA[124]]>
              </value>
            </param>
          </params>
          <reporter-output>
          </reporter-output>
        </test-method> <!-- type -->
        <test-method status="PASS" signature="type(java.lang.String, java.lang.String, java.lang.String, java.lang.String)[pri:0, instance:core.CreditCardValidationTest@c25491]" name="type" duration-ms="4" started-at="2017-11-11T21:13:58Z" data-provider="dp" finished-at="2017-11-11T21:13:58Z">
          <params>
            <param index="0">
              <value>
                <![CDATA[Discover]]>
              </value>
            </param>
            <param index="1">
              <value>
                <![CDATA[6411933302679615]]>
              </value>
            </param>
            <param index="2">
              <value>
                <![CDATA[01/20]]>
              </value>
            </param>
            <param index="3">
              <value>
                <![CDATA[723]]>
              </value>
            </param>
          </params>
          <reporter-output>
          </reporter-output>
        </test-method> <!-- type -->
        <test-method status="PASS" signature="type(java.lang.String, java.lang.String, java.lang.String, java.lang.String)[pri:0, instance:core.CreditCardValidationTest@c25491]" name="type" duration-ms="5" started-at="2017-11-11T21:13:58Z" data-provider="dp" finished-at="2017-11-11T21:13:58Z">
          <params>
            <param index="0">
              <value>
                <![CDATA[Discover]]>
              </value>
            </param>
            <param index="1">
              <value>
                <![CDATA[6511933302679615]]>
              </value>
            </param>
            <param index="2">
              <value>
                <![CDATA[05/21]]>
              </value>
            </param>
            <param index="3">
              <value>
                <![CDATA[183]]>
              </value>
            </param>
          </params>
          <reporter-output>
          </reporter-output>
        </test-method> <!-- type -->
        <test-method status="FAIL" signature="type(java.lang.String, java.lang.String, java.lang.String, java.lang.String)[pri:0, instance:core.CreditCardValidationTest@c25491]" name="type" duration-ms="4" started-at="2017-11-11T21:13:58Z" data-provider="dp" finished-at="2017-11-11T21:13:58Z">
          <params>
            <param index="0">
              <value>
                <![CDATA[MoldovaBank]]>
              </value>
            </param>
            <param index="1">
              <value>
                <![CDATA[85247652465412]]>
              </value>
            </param>
            <param index="2">
              <value>
                <![CDATA[12/25]]>
              </value>
            </param>
            <param index="3">
              <value>
                <![CDATA[369]]>
              </value>
            </param>
          </params>
          <exception class="java.lang.AssertionError">
            <message>
              <![CDATA[
Expected: Credit Card Type: MoldovaBank, should be valid
     but: was <false>]]>
            </message>
            <full-stacktrace>
              <![CDATA[java.lang.AssertionError: 
Expected: Credit Card Type: MoldovaBank, should be valid
     but: was <false>
	at org.hamcrest.MatcherAssert.assertThat(MatcherAssert.java:18)
	at org.hamcrest.MatcherAssert.assertThat(MatcherAssert.java:6)
	at core.CreditCardValidationTest.type(CreditCardValidationTest.java:26)
	at sun.reflect.NativeMethodAccessorImpl.invoke0(Native Method)
	at sun.reflect.NativeMethodAccessorImpl.invoke(Unknown Source)
	at sun.reflect.DelegatingMethodAccessorImpl.invoke(Unknown Source)
	at java.lang.reflect.Method.invoke(Unknown Source)
	at org.testng.internal.MethodInvocationHelper.invokeMethod(MethodInvocationHelper.java:108)
	at org.testng.internal.Invoker.invokeMethod(Invoker.java:661)
	at org.testng.internal.Invoker.invokeTestMethod(Invoker.java:869)
	at org.testng.internal.Invoker.invokeTestMethods(Invoker.java:1193)
	at org.testng.internal.TestMethodWorker.invokeTestMethods(TestMethodWorker.java:126)
	at org.testng.internal.TestMethodWorker.run(TestMethodWorker.java:109)
	at org.testng.TestRunner.privateRun(TestRunner.java:744)
	at org.testng.TestRunner.run(TestRunner.java:602)
	at org.testng.SuiteRunner.runTest(SuiteRunner.java:380)
	at org.testng.SuiteRunner.runSequentially(SuiteRunner.java:375)
	at org.testng.SuiteRunner.privateRun(SuiteRunner.java:340)
	at org.testng.SuiteRunner.run(SuiteRunner.java:289)
	at org.testng.SuiteRunnerWorker.runSuite(SuiteRunnerWorker.java:52)
	at org.testng.SuiteRunnerWorker.run(SuiteRunnerWorker.java:86)
	at org.testng.TestNG.runSuitesSequentially(TestNG.java:1301)
	at org.testng.TestNG.runSuitesLocally(TestNG.java:1226)
	at org.testng.TestNG.runSuites(TestNG.java:1144)
	at org.testng.TestNG.run(TestNG.java:1115)
	at org.testng.remote.AbstractRemoteTestNG.run(AbstractRemoteTestNG.java:132)
	at org.testng.remote.RemoteTestNG.initAndRun(RemoteTestNG.java:230)
	at org.testng.remote.RemoteTestNG.main(RemoteTestNG.java:76)
]]>
            </full-stacktrace>
          </exception> <!-- java.lang.AssertionError -->
          <reporter-output>
          </reporter-output>
        </test-method> <!-- type -->
      </class> <!-- core.CreditCardValidationTest -->
    </test> <!-- Default test -->
  </suite> <!-- Default suite -->
</testng-results>
