<?xml version="1.0" encoding="UTF-8"?>
<testng-results skipped="0" failed="0" ignored="0" total="100" passed="100">
  <reporter-output>
  </reporter-output>
  <suite name="Default suite" duration-ms="1602" started-at="2017-09-21T07:40:22Z" finished-at="2017-09-21T07:40:23Z">
    <groups>
    </groups>
    <test name="Default test" duration-ms="1602" started-at="2017-09-21T07:40:22Z" finished-at="2017-09-21T07:40:23Z">
      <class name="core.PrimeNumberCheckerTest">
        <test-method status="PASS" signature="beforemethod(java.lang.reflect.Method, [Ljava.lang.Object;)[pri:0, instance:core.PrimeNumberCheckerTest@137203b]" name="beforemethod" is-config="true" duration-ms="30" started-at="2017-09-21T00:40:22Z" finished-at="2017-09-21T00:40:22Z">
          <params>
            <param index="0">
              <value>
                <![CDATA[public void core.PrimeNumberCheckerTest.test(java.lang.String,java.lang.String,java.lang.String)]]>
              </value>
            </param>
            <param index="1">
              <value>
                <![CDATA[[Ljava.lang.Object;@18c535d]]>
              </value>
            </param>
          </params>
          <reporter-output>
          </reporter-output>
        </test-method> <!-- beforemethod -->
        <test-method status="PASS" signature="test(java.lang.String, java.lang.String, java.lang.String)[pri:0, instance:core.PrimeNumberCheckerTest@137203b]" name="test" duration-ms="343" started-at="2017-09-21T00:40:22Z" data-provider="prime number" finished-at="2017-09-21T00:40:22Z">
          <params>
            <param index="0">
              <value>
                <![CDATA[TC-01 (2 is a prime number)]]>
              </value>
            </param>
            <param index="1">
              <value>
                <![CDATA[2]]>
              </value>
            </param>
            <param index="2">
              <value>
                <![CDATA[true]]>
              </value>
            </param>
          </params>
          <reporter-output>
          </reporter-output>
        </test-method> <!-- test -->
        <test-method status="PASS" signature="beforemethod(java.lang.reflect.Method, [Ljava.lang.Object;)[pri:0, instance:core.PrimeNumberCheckerTest@137203b]" name="beforemethod" is-config="true" duration-ms="1" started-at="2017-09-21T00:40:22Z" finished-at="2017-09-21T00:40:22Z">
          <params>
            <param index="0">
              <value>
                <![CDATA[public void core.PrimeNumberCheckerTest.test(java.lang.String,java.lang.String,java.lang.String)]]>
              </value>
            </param>
            <param index="1">
              <value>
                <![CDATA[[Ljava.lang.Object;@ee9aa7]]>
              </value>
            </param>
          </params>
          <reporter-output>
          </reporter-output>
        </test-method> <!-- beforemethod -->
        <test-method status="PASS" signature="test(java.lang.String, java.lang.String, java.lang.String)[pri:0, instance:core.PrimeNumberCheckerTest@137203b]" name="test" duration-ms="5" started-at="2017-09-21T00:40:22Z" data-provider="prime number" finished-at="2017-09-21T00:40:22Z">
          <params>
            <param index="0">
              <value>
                <![CDATA[TC-02 (3 is a prime number)]]>
              </value>
            </param>
            <param index="1">
              <value>
                <![CDATA[3]]>
              </value>
            </param>
            <param index="2">
              <value>
                <![CDATA[true]]>
              </value>
            </param>
          </params>
          <reporter-output>
          </reporter-output>
        </test-method> <!-- test -->
        <test-method status="PASS" signature="beforemethod(java.lang.reflect.Method, [Ljava.lang.Object;)[pri:0, instance:core.PrimeNumberCheckerTest@137203b]" name="beforemethod" is-config="true" duration-ms="1" started-at="2017-09-21T00:40:22Z" finished-at="2017-09-21T00:40:22Z">
          <params>
            <param index="0">
              <value>
                <![CDATA[public void core.PrimeNumberCheckerTest.test(java.lang.String,java.lang.String,java.lang.String)]]>
              </value>
            </param>
            <param index="1">
              <value>
                <![CDATA[[Ljava.lang.Object;@424582]]>
              </value>
            </param>
          </params>
          <reporter-output>
          </reporter-output>
        </test-method> <!-- beforemethod -->
        <test-method status="PASS" signature="test(java.lang.String, java.lang.String, java.lang.String)[pri:0, instance:core.PrimeNumberCheckerTest@137203b]" name="test" duration-ms="6" started-at="2017-09-21T00:40:22Z" data-provider="prime number" finished-at="2017-09-21T00:40:22Z">
          <params>
            <param index="0">
              <value>
                <![CDATA[TC-03 (4 is not a prime number)]]>
              </value>
            </param>
            <param index="1">
              <value>
                <![CDATA[4]]>
              </value>
            </param>
            <param index="2">
              <value>
                <![CDATA[false]]>
              </value>
            </param>
          </params>
          <reporter-output>
          </reporter-output>
        </test-method> <!-- test -->
        <test-method status="PASS" signature="beforemethod(java.lang.reflect.Method, [Ljava.lang.Object;)[pri:0, instance:core.PrimeNumberCheckerTest@137203b]" name="beforemethod" is-config="true" duration-ms="1" started-at="2017-09-21T00:40:22Z" finished-at="2017-09-21T00:40:22Z">
          <params>
            <param index="0">
              <value>
                <![CDATA[public void core.PrimeNumberCheckerTest.test(java.lang.String,java.lang.String,java.lang.String)]]>
              </value>
            </param>
            <param index="1">
              <value>
                <![CDATA[[Ljava.lang.Object;@dad04a]]>
              </value>
            </param>
          </params>
          <reporter-output>
          </reporter-output>
        </test-method> <!-- beforemethod -->
        <test-method status="PASS" signature="test(java.lang.String, java.lang.String, java.lang.String)[pri:0, instance:core.PrimeNumberCheckerTest@137203b]" name="test" duration-ms="5" started-at="2017-09-21T00:40:22Z" data-provider="prime number" finished-at="2017-09-21T00:40:22Z">
          <params>
            <param index="0">
              <value>
                <![CDATA[TC-04 (5 is a prime number)]]>
              </value>
            </param>
            <param index="1">
              <value>
                <![CDATA[5]]>
              </value>
            </param>
            <param index="2">
              <value>
                <![CDATA[true]]>
              </value>
            </param>
          </params>
          <reporter-output>
          </reporter-output>
        </test-method> <!-- test -->
        <test-method status="PASS" signature="beforemethod(java.lang.reflect.Method, [Ljava.lang.Object;)[pri:0, instance:core.PrimeNumberCheckerTest@137203b]" name="beforemethod" is-config="true" duration-ms="0" started-at="2017-09-21T00:40:22Z" finished-at="2017-09-21T00:40:22Z">
          <params>
            <param index="0">
              <value>
                <![CDATA[public void core.PrimeNumberCheckerTest.test(java.lang.String,java.lang.String,java.lang.String)]]>
              </value>
            </param>
            <param index="1">
              <value>
                <![CDATA[[Ljava.lang.Object;@1e776b7]]>
              </value>
            </param>
          </params>
          <reporter-output>
          </reporter-output>
        </test-method> <!-- beforemethod -->
        <test-method status="PASS" signature="test(java.lang.String, java.lang.String, java.lang.String)[pri:0, instance:core.PrimeNumberCheckerTest@137203b]" name="test" duration-ms="6" started-at="2017-09-21T00:40:22Z" data-provider="prime number" finished-at="2017-09-21T00:40:22Z">
          <params>
            <param index="0">
              <value>
                <![CDATA[TC-05 (6 is not a prime number)]]>
              </value>
            </param>
            <param index="1">
              <value>
                <![CDATA[6]]>
              </value>
            </param>
            <param index="2">
              <value>
                <![CDATA[false]]>
              </value>
            </param>
          </params>
          <reporter-output>
          </reporter-output>
        </test-method> <!-- test -->
        <test-method status="PASS" signature="beforemethod(java.lang.reflect.Method, [Ljava.lang.Object;)[pri:0, instance:core.PrimeNumberCheckerTest@137203b]" name="beforemethod" is-config="true" duration-ms="1" started-at="2017-09-21T00:40:22Z" finished-at="2017-09-21T00:40:22Z">
          <params>
            <param index="0">
              <value>
                <![CDATA[public void core.PrimeNumberCheckerTest.test(java.lang.String,java.lang.String,java.lang.String)]]>
              </value>
            </param>
            <param index="1">
              <value>
                <![CDATA[[Ljava.lang.Object;@13ee1ce]]>
              </value>
            </param>
          </params>
          <reporter-output>
          </reporter-output>
        </test-method> <!-- beforemethod -->
        <test-method status="PASS" signature="test(java.lang.String, java.lang.String, java.lang.String)[pri:0, instance:core.PrimeNumberCheckerTest@137203b]" name="test" duration-ms="5" started-at="2017-09-21T00:40:22Z" data-provider="prime number" finished-at="2017-09-21T00:40:22Z">
          <params>
            <param index="0">
              <value>
                <![CDATA[TC-06 (7 is a prime number)]]>
              </value>
            </param>
            <param index="1">
              <value>
                <![CDATA[7]]>
              </value>
            </param>
            <param index="2">
              <value>
                <![CDATA[true]]>
              </value>
            </param>
          </params>
          <reporter-output>
          </reporter-output>
        </test-method> <!-- test -->
        <test-method status="PASS" signature="beforemethod(java.lang.reflect.Method, [Ljava.lang.Object;)[pri:0, instance:core.PrimeNumberCheckerTest@137203b]" name="beforemethod" is-config="true" duration-ms="0" started-at="2017-09-21T00:40:22Z" finished-at="2017-09-21T00:40:22Z">
          <params>
            <param index="0">
              <value>
                <![CDATA[public void core.PrimeNumberCheckerTest.test(java.lang.String,java.lang.String,java.lang.String)]]>
              </value>
            </param>
            <param index="1">
              <value>
                <![CDATA[[Ljava.lang.Object;@10cc83e]]>
              </value>
            </param>
          </params>
          <reporter-output>
          </reporter-output>
        </test-method> <!-- beforemethod -->
        <test-method status="PASS" signature="test(java.lang.String, java.lang.String, java.lang.String)[pri:0, instance:core.PrimeNumberCheckerTest@137203b]" name="test" duration-ms="106" started-at="2017-09-21T00:40:22Z" data-provider="prime number" finished-at="2017-09-21T00:40:22Z">
          <params>
            <param index="0">
              <value>
                <![CDATA[TC-07 (8 is not a prime number)]]>
              </value>
            </param>
            <param index="1">
              <value>
                <![CDATA[8]]>
              </value>
            </param>
            <param index="2">
              <value>
                <![CDATA[false]]>
              </value>
            </param>
          </params>
          <reporter-output>
          </reporter-output>
        </test-method> <!-- test -->
        <test-method status="PASS" signature="beforemethod(java.lang.reflect.Method, [Ljava.lang.Object;)[pri:0, instance:core.PrimeNumberCheckerTest@137203b]" name="beforemethod" is-config="true" duration-ms="3" started-at="2017-09-21T00:40:22Z" finished-at="2017-09-21T00:40:22Z">
          <params>
            <param index="0">
              <value>
                <![CDATA[public void core.PrimeNumberCheckerTest.test(java.lang.String,java.lang.String,java.lang.String)]]>
              </value>
            </param>
            <param index="1">
              <value>
                <![CDATA[[Ljava.lang.Object;@1da0955]]>
              </value>
            </param>
          </params>
          <reporter-output>
          </reporter-output>
        </test-method> <!-- beforemethod -->
        <test-method status="PASS" signature="test(java.lang.String, java.lang.String, java.lang.String)[pri:0, instance:core.PrimeNumberCheckerTest@137203b]" name="test" duration-ms="4" started-at="2017-09-21T00:40:22Z" data-provider="prime number" finished-at="2017-09-21T00:40:22Z">
          <params>
            <param index="0">
              <value>
                <![CDATA[TC-08 (9 is not a prime number)]]>
              </value>
            </param>
            <param index="1">
              <value>
                <![CDATA[9]]>
              </value>
            </param>
            <param index="2">
              <value>
                <![CDATA[false]]>
              </value>
            </param>
          </params>
          <reporter-output>
          </reporter-output>
        </test-method> <!-- test -->
        <test-method status="PASS" signature="beforemethod(java.lang.reflect.Method, [Ljava.lang.Object;)[pri:0, instance:core.PrimeNumberCheckerTest@137203b]" name="beforemethod" is-config="true" duration-ms="1" started-at="2017-09-21T00:40:22Z" finished-at="2017-09-21T00:40:22Z">
          <params>
            <param index="0">
              <value>
                <![CDATA[public void core.PrimeNumberCheckerTest.test(java.lang.String,java.lang.String,java.lang.String)]]>
              </value>
            </param>
            <param index="1">
              <value>
                <![CDATA[[Ljava.lang.Object;@1c09d57]]>
              </value>
            </param>
          </params>
          <reporter-output>
          </reporter-output>
        </test-method> <!-- beforemethod -->
        <test-method status="PASS" signature="test(java.lang.String, java.lang.String, java.lang.String)[pri:0, instance:core.PrimeNumberCheckerTest@137203b]" name="test" duration-ms="7" started-at="2017-09-21T00:40:22Z" data-provider="prime number" finished-at="2017-09-21T00:40:22Z">
          <params>
            <param index="0">
              <value>
                <![CDATA[TC-9 (10 is not a prime number)]]>
              </value>
            </param>
            <param index="1">
              <value>
                <![CDATA[10]]>
              </value>
            </param>
            <param index="2">
              <value>
                <![CDATA[false]]>
              </value>
            </param>
          </params>
          <reporter-output>
          </reporter-output>
        </test-method> <!-- test -->
        <test-method status="PASS" signature="test(java.lang.String, java.lang.String, java.lang.String)[pri:0, instance:core.PrimeNumberCheckerTest@137203b]" name="test" duration-ms="10" started-at="2017-09-21T00:40:22Z" data-provider="prime number" finished-at="2017-09-21T00:40:22Z">
          <params>
            <param index="0">
              <value>
                <![CDATA[TC-10 (11 is a prime number)]]>
              </value>
            </param>
            <param index="1">
              <value>
                <![CDATA[11]]>
              </value>
            </param>
            <param index="2">
              <value>
                <![CDATA[true]]>
              </value>
            </param>
          </params>
          <reporter-output>
          </reporter-output>
        </test-method> <!-- test -->
        <test-method status="PASS" signature="beforemethod(java.lang.reflect.Method, [Ljava.lang.Object;)[pri:0, instance:core.PrimeNumberCheckerTest@137203b]" name="beforemethod" is-config="true" duration-ms="0" started-at="2017-09-21T00:40:22Z" finished-at="2017-09-21T00:40:22Z">
          <params>
            <param index="0">
              <value>
                <![CDATA[public void core.PrimeNumberCheckerTest.test(java.lang.String,java.lang.String,java.lang.String)]]>
              </value>
            </param>
            <param index="1">
              <value>
                <![CDATA[[Ljava.lang.Object;@1963d70]]>
              </value>
            </param>
          </params>
          <reporter-output>
          </reporter-output>
        </test-method> <!-- beforemethod -->
        <test-method status="PASS" signature="test(java.lang.String, java.lang.String, java.lang.String)[pri:0, instance:core.PrimeNumberCheckerTest@137203b]" name="test" duration-ms="6" started-at="2017-09-21T00:40:22Z" data-provider="prime number" finished-at="2017-09-21T00:40:22Z">
          <params>
            <param index="0">
              <value>
                <![CDATA[TC-11 (12 is not a prime number)]]>
              </value>
            </param>
            <param index="1">
              <value>
                <![CDATA[12]]>
              </value>
            </param>
            <param index="2">
              <value>
                <![CDATA[false]]>
              </value>
            </param>
          </params>
          <reporter-output>
          </reporter-output>
        </test-method> <!-- test -->
        <test-method status="PASS" signature="beforemethod(java.lang.reflect.Method, [Ljava.lang.Object;)[pri:0, instance:core.PrimeNumberCheckerTest@137203b]" name="beforemethod" is-config="true" duration-ms="0" started-at="2017-09-21T00:40:22Z" finished-at="2017-09-21T00:40:22Z">
          <params>
            <param index="0">
              <value>
                <![CDATA[public void core.PrimeNumberCheckerTest.test(java.lang.String,java.lang.String,java.lang.String)]]>
              </value>
            </param>
            <param index="1">
              <value>
                <![CDATA[[Ljava.lang.Object;@7045c4]]>
              </value>
            </param>
          </params>
          <reporter-output>
          </reporter-output>
        </test-method> <!-- beforemethod -->
        <test-method status="PASS" signature="beforemethod(java.lang.reflect.Method, [Ljava.lang.Object;)[pri:0, instance:core.PrimeNumberCheckerTest@137203b]" name="beforemethod" is-config="true" duration-ms="1" started-at="2017-09-21T00:40:23Z" finished-at="2017-09-21T00:40:23Z">
          <params>
            <param index="0">
              <value>
                <![CDATA[public void core.PrimeNumberCheckerTest.test(java.lang.String,java.lang.String,java.lang.String)]]>
              </value>
            </param>
            <param index="1">
              <value>
                <![CDATA[[Ljava.lang.Object;@1736cfe]]>
              </value>
            </param>
          </params>
          <reporter-output>
          </reporter-output>
        </test-method> <!-- beforemethod -->
        <test-method status="PASS" signature="test(java.lang.String, java.lang.String, java.lang.String)[pri:0, instance:core.PrimeNumberCheckerTest@137203b]" name="test" duration-ms="4" started-at="2017-09-21T00:40:23Z" data-provider="prime number" finished-at="2017-09-21T00:40:23Z">
          <params>
            <param index="0">
              <value>
                <![CDATA[TC-12 (13 is a prime number)]]>
              </value>
            </param>
            <param index="1">
              <value>
                <![CDATA[13]]>
              </value>
            </param>
            <param index="2">
              <value>
                <![CDATA[true]]>
              </value>
            </param>
          </params>
          <reporter-output>
          </reporter-output>
        </test-method> <!-- test -->
        <test-method status="PASS" signature="test(java.lang.String, java.lang.String, java.lang.String)[pri:0, instance:core.PrimeNumberCheckerTest@137203b]" name="test" duration-ms="4" started-at="2017-09-21T00:40:23Z" data-provider="prime number" finished-at="2017-09-21T00:40:23Z">
          <params>
            <param index="0">
              <value>
                <![CDATA[TC-13 (14 is not a prime number)]]>
              </value>
            </param>
            <param index="1">
              <value>
                <![CDATA[14]]>
              </value>
            </param>
            <param index="2">
              <value>
                <![CDATA[false]]>
              </value>
            </param>
          </params>
          <reporter-output>
          </reporter-output>
        </test-method> <!-- test -->
        <test-method status="PASS" signature="beforemethod(java.lang.reflect.Method, [Ljava.lang.Object;)[pri:0, instance:core.PrimeNumberCheckerTest@137203b]" name="beforemethod" is-config="true" duration-ms="0" started-at="2017-09-21T00:40:23Z" finished-at="2017-09-21T00:40:23Z">
          <params>
            <param index="0">
              <value>
                <![CDATA[public void core.PrimeNumberCheckerTest.test(java.lang.String,java.lang.String,java.lang.String)]]>
              </value>
            </param>
            <param index="1">
              <value>
                <![CDATA[[Ljava.lang.Object;@566922]]>
              </value>
            </param>
          </params>
          <reporter-output>
          </reporter-output>
        </test-method> <!-- beforemethod -->
        <test-method status="PASS" signature="beforemethod(java.lang.reflect.Method, [Ljava.lang.Object;)[pri:0, instance:core.PrimeNumberCheckerTest@137203b]" name="beforemethod" is-config="true" duration-ms="0" started-at="2017-09-21T00:40:23Z" finished-at="2017-09-21T00:40:23Z">
          <params>
            <param index="0">
              <value>
                <![CDATA[public void core.PrimeNumberCheckerTest.test(java.lang.String,java.lang.String,java.lang.String)]]>
              </value>
            </param>
            <param index="1">
              <value>
                <![CDATA[[Ljava.lang.Object;@f7a2a5]]>
              </value>
            </param>
          </params>
          <reporter-output>
          </reporter-output>
        </test-method> <!-- beforemethod -->
        <test-method status="PASS" signature="test(java.lang.String, java.lang.String, java.lang.String)[pri:0, instance:core.PrimeNumberCheckerTest@137203b]" name="test" duration-ms="7" started-at="2017-09-21T00:40:23Z" data-provider="prime number" finished-at="2017-09-21T00:40:23Z">
          <params>
            <param index="0">
              <value>
                <![CDATA[TC-14 (15 is not a prime number)]]>
              </value>
            </param>
            <param index="1">
              <value>
                <![CDATA[15]]>
              </value>
            </param>
            <param index="2">
              <value>
                <![CDATA[false]]>
              </value>
            </param>
          </params>
          <reporter-output>
          </reporter-output>
        </test-method> <!-- test -->
        <test-method status="PASS" signature="test(java.lang.String, java.lang.String, java.lang.String)[pri:0, instance:core.PrimeNumberCheckerTest@137203b]" name="test" duration-ms="8" started-at="2017-09-21T00:40:23Z" data-provider="prime number" finished-at="2017-09-21T00:40:23Z">
          <params>
            <param index="0">
              <value>
                <![CDATA[TC-15 (16 is not a prime number)]]>
              </value>
            </param>
            <param index="1">
              <value>
                <![CDATA[16]]>
              </value>
            </param>
            <param index="2">
              <value>
                <![CDATA[false]]>
              </value>
            </param>
          </params>
          <reporter-output>
          </reporter-output>
        </test-method> <!-- test -->
        <test-method status="PASS" signature="beforemethod(java.lang.reflect.Method, [Ljava.lang.Object;)[pri:0, instance:core.PrimeNumberCheckerTest@137203b]" name="beforemethod" is-config="true" duration-ms="0" started-at="2017-09-21T00:40:23Z" finished-at="2017-09-21T00:40:23Z">
          <params>
            <param index="0">
              <value>
                <![CDATA[public void core.PrimeNumberCheckerTest.test(java.lang.String,java.lang.String,java.lang.String)]]>
              </value>
            </param>
            <param index="1">
              <value>
                <![CDATA[[Ljava.lang.Object;@ed89da]]>
              </value>
            </param>
          </params>
          <reporter-output>
          </reporter-output>
        </test-method> <!-- beforemethod -->
        <test-method status="PASS" signature="beforemethod(java.lang.reflect.Method, [Ljava.lang.Object;)[pri:0, instance:core.PrimeNumberCheckerTest@137203b]" name="beforemethod" is-config="true" duration-ms="1" started-at="2017-09-21T00:40:23Z" finished-at="2017-09-21T00:40:23Z">
          <params>
            <param index="0">
              <value>
                <![CDATA[public void core.PrimeNumberCheckerTest.test(java.lang.String,java.lang.String,java.lang.String)]]>
              </value>
            </param>
            <param index="1">
              <value>
                <![CDATA[[Ljava.lang.Object;@3719e5]]>
              </value>
            </param>
          </params>
          <reporter-output>
          </reporter-output>
        </test-method> <!-- beforemethod -->
        <test-method status="PASS" signature="test(java.lang.String, java.lang.String, java.lang.String)[pri:0, instance:core.PrimeNumberCheckerTest@137203b]" name="test" duration-ms="6" started-at="2017-09-21T00:40:23Z" data-provider="prime number" finished-at="2017-09-21T00:40:23Z">
          <params>
            <param index="0">
              <value>
                <![CDATA[TC-16 (17 is a prime number)]]>
              </value>
            </param>
            <param index="1">
              <value>
                <![CDATA[17]]>
              </value>
            </param>
            <param index="2">
              <value>
                <![CDATA[true]]>
              </value>
            </param>
          </params>
          <reporter-output>
          </reporter-output>
        </test-method> <!-- test -->
        <test-method status="PASS" signature="beforemethod(java.lang.reflect.Method, [Ljava.lang.Object;)[pri:0, instance:core.PrimeNumberCheckerTest@137203b]" name="beforemethod" is-config="true" duration-ms="0" started-at="2017-09-21T00:40:23Z" finished-at="2017-09-21T00:40:23Z">
          <params>
            <param index="0">
              <value>
                <![CDATA[public void core.PrimeNumberCheckerTest.test(java.lang.String,java.lang.String,java.lang.String)]]>
              </value>
            </param>
            <param index="1">
              <value>
                <![CDATA[[Ljava.lang.Object;@1c17e38]]>
              </value>
            </param>
          </params>
          <reporter-output>
          </reporter-output>
        </test-method> <!-- beforemethod -->
        <test-method status="PASS" signature="test(java.lang.String, java.lang.String, java.lang.String)[pri:0, instance:core.PrimeNumberCheckerTest@137203b]" name="test" duration-ms="9" started-at="2017-09-21T00:40:23Z" data-provider="prime number" finished-at="2017-09-21T00:40:23Z">
          <params>
            <param index="0">
              <value>
                <![CDATA[TC-17 (18 is not a prime number)]]>
              </value>
            </param>
            <param index="1">
              <value>
                <![CDATA[18]]>
              </value>
            </param>
            <param index="2">
              <value>
                <![CDATA[false]]>
              </value>
            </param>
          </params>
          <reporter-output>
          </reporter-output>
        </test-method> <!-- test -->
        <test-method status="PASS" signature="beforemethod(java.lang.reflect.Method, [Ljava.lang.Object;)[pri:0, instance:core.PrimeNumberCheckerTest@137203b]" name="beforemethod" is-config="true" duration-ms="1" started-at="2017-09-21T00:40:23Z" finished-at="2017-09-21T00:40:23Z">
          <params>
            <param index="0">
              <value>
                <![CDATA[public void core.PrimeNumberCheckerTest.test(java.lang.String,java.lang.String,java.lang.String)]]>
              </value>
            </param>
            <param index="1">
              <value>
                <![CDATA[[Ljava.lang.Object;@180aaf]]>
              </value>
            </param>
          </params>
          <reporter-output>
          </reporter-output>
        </test-method> <!-- beforemethod -->
        <test-method status="PASS" signature="test(java.lang.String, java.lang.String, java.lang.String)[pri:0, instance:core.PrimeNumberCheckerTest@137203b]" name="test" duration-ms="19" started-at="2017-09-21T00:40:23Z" data-provider="prime number" finished-at="2017-09-21T00:40:23Z">
          <params>
            <param index="0">
              <value>
                <![CDATA[TC-18 (19 is a prime number)]]>
              </value>
            </param>
            <param index="1">
              <value>
                <![CDATA[19]]>
              </value>
            </param>
            <param index="2">
              <value>
                <![CDATA[true]]>
              </value>
            </param>
          </params>
          <reporter-output>
          </reporter-output>
        </test-method> <!-- test -->
        <test-method status="PASS" signature="test(java.lang.String, java.lang.String, java.lang.String)[pri:0, instance:core.PrimeNumberCheckerTest@137203b]" name="test" duration-ms="24" started-at="2017-09-21T00:40:23Z" data-provider="prime number" finished-at="2017-09-21T00:40:23Z">
          <params>
            <param index="0">
              <value>
                <![CDATA[TC-19 (20 is not a prime number)]]>
              </value>
            </param>
            <param index="1">
              <value>
                <![CDATA[20]]>
              </value>
            </param>
            <param index="2">
              <value>
                <![CDATA[false]]>
              </value>
            </param>
          </params>
          <reporter-output>
          </reporter-output>
        </test-method> <!-- test -->
        <test-method status="PASS" signature="beforemethod(java.lang.reflect.Method, [Ljava.lang.Object;)[pri:0, instance:core.PrimeNumberCheckerTest@137203b]" name="beforemethod" is-config="true" duration-ms="0" started-at="2017-09-21T00:40:23Z" finished-at="2017-09-21T00:40:23Z">
          <params>
            <param index="0">
              <value>
                <![CDATA[public void core.PrimeNumberCheckerTest.test(java.lang.String,java.lang.String,java.lang.String)]]>
              </value>
            </param>
            <param index="1">
              <value>
                <![CDATA[[Ljava.lang.Object;@15ebef]]>
              </value>
            </param>
          </params>
          <reporter-output>
          </reporter-output>
        </test-method> <!-- beforemethod -->
        <test-method status="PASS" signature="test(java.lang.String, java.lang.String, java.lang.String)[pri:0, instance:core.PrimeNumberCheckerTest@137203b]" name="test" duration-ms="6" started-at="2017-09-21T00:40:23Z" data-provider="prime number" finished-at="2017-09-21T00:40:23Z">
          <params>
            <param index="0">
              <value>
                <![CDATA[TC-20 (21 is not a prime number)]]>
              </value>
            </param>
            <param index="1">
              <value>
                <![CDATA[21]]>
              </value>
            </param>
            <param index="2">
              <value>
                <![CDATA[false]]>
              </value>
            </param>
          </params>
          <reporter-output>
          </reporter-output>
        </test-method> <!-- test -->
        <test-method status="PASS" signature="beforemethod(java.lang.reflect.Method, [Ljava.lang.Object;)[pri:0, instance:core.PrimeNumberCheckerTest@137203b]" name="beforemethod" is-config="true" duration-ms="0" started-at="2017-09-21T00:40:23Z" finished-at="2017-09-21T00:40:23Z">
          <params>
            <param index="0">
              <value>
                <![CDATA[public void core.PrimeNumberCheckerTest.test(java.lang.String,java.lang.String,java.lang.String)]]>
              </value>
            </param>
            <param index="1">
              <value>
                <![CDATA[[Ljava.lang.Object;@592c39]]>
              </value>
            </param>
          </params>
          <reporter-output>
          </reporter-output>
        </test-method> <!-- beforemethod -->
        <test-method status="PASS" signature="test(java.lang.String, java.lang.String, java.lang.String)[pri:0, instance:core.PrimeNumberCheckerTest@137203b]" name="test" duration-ms="5" started-at="2017-09-21T00:40:23Z" data-provider="prime number" finished-at="2017-09-21T00:40:23Z">
          <params>
            <param index="0">
              <value>
                <![CDATA[TC-21 (22 is not a prime number)]]>
              </value>
            </param>
            <param index="1">
              <value>
                <![CDATA[22]]>
              </value>
            </param>
            <param index="2">
              <value>
                <![CDATA[false]]>
              </value>
            </param>
          </params>
          <reporter-output>
          </reporter-output>
        </test-method> <!-- test -->
        <test-method status="PASS" signature="beforemethod(java.lang.reflect.Method, [Ljava.lang.Object;)[pri:0, instance:core.PrimeNumberCheckerTest@137203b]" name="beforemethod" is-config="true" duration-ms="0" started-at="2017-09-21T00:40:23Z" finished-at="2017-09-21T00:40:23Z">
          <params>
            <param index="0">
              <value>
                <![CDATA[public void core.PrimeNumberCheckerTest.test(java.lang.String,java.lang.String,java.lang.String)]]>
              </value>
            </param>
            <param index="1">
              <value>
                <![CDATA[[Ljava.lang.Object;@87ba34]]>
              </value>
            </param>
          </params>
          <reporter-output>
          </reporter-output>
        </test-method> <!-- beforemethod -->
        <test-method status="PASS" signature="test(java.lang.String, java.lang.String, java.lang.String)[pri:0, instance:core.PrimeNumberCheckerTest@137203b]" name="test" duration-ms="5" started-at="2017-09-21T00:40:23Z" data-provider="prime number" finished-at="2017-09-21T00:40:23Z">
          <params>
            <param index="0">
              <value>
                <![CDATA[TC-22 (23 is a prime number)]]>
              </value>
            </param>
            <param index="1">
              <value>
                <![CDATA[23]]>
              </value>
            </param>
            <param index="2">
              <value>
                <![CDATA[true]]>
              </value>
            </param>
          </params>
          <reporter-output>
          </reporter-output>
        </test-method> <!-- test -->
        <test-method status="PASS" signature="beforemethod(java.lang.reflect.Method, [Ljava.lang.Object;)[pri:0, instance:core.PrimeNumberCheckerTest@137203b]" name="beforemethod" is-config="true" duration-ms="0" started-at="2017-09-21T00:40:23Z" finished-at="2017-09-21T00:40:23Z">
          <params>
            <param index="0">
              <value>
                <![CDATA[public void core.PrimeNumberCheckerTest.test(java.lang.String,java.lang.String,java.lang.String)]]>
              </value>
            </param>
            <param index="1">
              <value>
                <![CDATA[[Ljava.lang.Object;@d480b9]]>
              </value>
            </param>
          </params>
          <reporter-output>
          </reporter-output>
        </test-method> <!-- beforemethod -->
        <test-method status="PASS" signature="beforemethod(java.lang.reflect.Method, [Ljava.lang.Object;)[pri:0, instance:core.PrimeNumberCheckerTest@137203b]" name="beforemethod" is-config="true" duration-ms="1" started-at="2017-09-21T00:40:23Z" finished-at="2017-09-21T00:40:23Z">
          <params>
            <param index="0">
              <value>
                <![CDATA[public void core.PrimeNumberCheckerTest.test(java.lang.String,java.lang.String,java.lang.String)]]>
              </value>
            </param>
            <param index="1">
              <value>
                <![CDATA[[Ljava.lang.Object;@1415f5f]]>
              </value>
            </param>
          </params>
          <reporter-output>
          </reporter-output>
        </test-method> <!-- beforemethod -->
        <test-method status="PASS" signature="test(java.lang.String, java.lang.String, java.lang.String)[pri:0, instance:core.PrimeNumberCheckerTest@137203b]" name="test" duration-ms="6" started-at="2017-09-21T00:40:23Z" data-provider="prime number" finished-at="2017-09-21T00:40:23Z">
          <params>
            <param index="0">
              <value>
                <![CDATA[TC-23 (24 is not a prime number)]]>
              </value>
            </param>
            <param index="1">
              <value>
                <![CDATA[24]]>
              </value>
            </param>
            <param index="2">
              <value>
                <![CDATA[false]]>
              </value>
            </param>
          </params>
          <reporter-output>
          </reporter-output>
        </test-method> <!-- test -->
        <test-method status="PASS" signature="test(java.lang.String, java.lang.String, java.lang.String)[pri:0, instance:core.PrimeNumberCheckerTest@137203b]" name="test" duration-ms="4" started-at="2017-09-21T00:40:23Z" data-provider="prime number" finished-at="2017-09-21T00:40:23Z">
          <params>
            <param index="0">
              <value>
                <![CDATA[TC-24 (25 is not a prime number)]]>
              </value>
            </param>
            <param index="1">
              <value>
                <![CDATA[25]]>
              </value>
            </param>
            <param index="2">
              <value>
                <![CDATA[false]]>
              </value>
            </param>
          </params>
          <reporter-output>
          </reporter-output>
        </test-method> <!-- test -->
        <test-method status="PASS" signature="beforemethod(java.lang.reflect.Method, [Ljava.lang.Object;)[pri:0, instance:core.PrimeNumberCheckerTest@137203b]" name="beforemethod" is-config="true" duration-ms="0" started-at="2017-09-21T00:40:23Z" finished-at="2017-09-21T00:40:23Z">
          <params>
            <param index="0">
              <value>
                <![CDATA[public void core.PrimeNumberCheckerTest.test(java.lang.String,java.lang.String,java.lang.String)]]>
              </value>
            </param>
            <param index="1">
              <value>
                <![CDATA[[Ljava.lang.Object;@749eea]]>
              </value>
            </param>
          </params>
          <reporter-output>
          </reporter-output>
        </test-method> <!-- beforemethod -->
        <test-method status="PASS" signature="beforemethod(java.lang.reflect.Method, [Ljava.lang.Object;)[pri:0, instance:core.PrimeNumberCheckerTest@137203b]" name="beforemethod" is-config="true" duration-ms="1" started-at="2017-09-21T00:40:23Z" finished-at="2017-09-21T00:40:23Z">
          <params>
            <param index="0">
              <value>
                <![CDATA[public void core.PrimeNumberCheckerTest.test(java.lang.String,java.lang.String,java.lang.String)]]>
              </value>
            </param>
            <param index="1">
              <value>
                <![CDATA[[Ljava.lang.Object;@135ce0a]]>
              </value>
            </param>
          </params>
          <reporter-output>
          </reporter-output>
        </test-method> <!-- beforemethod -->
        <test-method status="PASS" signature="test(java.lang.String, java.lang.String, java.lang.String)[pri:0, instance:core.PrimeNumberCheckerTest@137203b]" name="test" duration-ms="13" started-at="2017-09-21T00:40:23Z" data-provider="prime number" finished-at="2017-09-21T00:40:23Z">
          <params>
            <param index="0">
              <value>
                <![CDATA[TC-25 (26 is not a prime number)]]>
              </value>
            </param>
            <param index="1">
              <value>
                <![CDATA[26]]>
              </value>
            </param>
            <param index="2">
              <value>
                <![CDATA[false]]>
              </value>
            </param>
          </params>
          <reporter-output>
          </reporter-output>
        </test-method> <!-- test -->
        <test-method status="PASS" signature="test(java.lang.String, java.lang.String, java.lang.String)[pri:0, instance:core.PrimeNumberCheckerTest@137203b]" name="test" duration-ms="4" started-at="2017-09-21T00:40:23Z" data-provider="prime number" finished-at="2017-09-21T00:40:23Z">
          <params>
            <param index="0">
              <value>
                <![CDATA[TC-26 (27 is not a prime number)]]>
              </value>
            </param>
            <param index="1">
              <value>
                <![CDATA[27]]>
              </value>
            </param>
            <param index="2">
              <value>
                <![CDATA[false]]>
              </value>
            </param>
          </params>
          <reporter-output>
          </reporter-output>
        </test-method> <!-- test -->
        <test-method status="PASS" signature="beforemethod(java.lang.reflect.Method, [Ljava.lang.Object;)[pri:0, instance:core.PrimeNumberCheckerTest@137203b]" name="beforemethod" is-config="true" duration-ms="0" started-at="2017-09-21T00:40:23Z" finished-at="2017-09-21T00:40:23Z">
          <params>
            <param index="0">
              <value>
                <![CDATA[public void core.PrimeNumberCheckerTest.test(java.lang.String,java.lang.String,java.lang.String)]]>
              </value>
            </param>
            <param index="1">
              <value>
                <![CDATA[[Ljava.lang.Object;@17449dd]]>
              </value>
            </param>
          </params>
          <reporter-output>
          </reporter-output>
        </test-method> <!-- beforemethod -->
        <test-method status="PASS" signature="beforemethod(java.lang.reflect.Method, [Ljava.lang.Object;)[pri:0, instance:core.PrimeNumberCheckerTest@137203b]" name="beforemethod" is-config="true" duration-ms="1" started-at="2017-09-21T00:40:23Z" finished-at="2017-09-21T00:40:23Z">
          <params>
            <param index="0">
              <value>
                <![CDATA[public void core.PrimeNumberCheckerTest.test(java.lang.String,java.lang.String,java.lang.String)]]>
              </value>
            </param>
            <param index="1">
              <value>
                <![CDATA[[Ljava.lang.Object;@2e590b]]>
              </value>
            </param>
          </params>
          <reporter-output>
          </reporter-output>
        </test-method> <!-- beforemethod -->
        <test-method status="PASS" signature="test(java.lang.String, java.lang.String, java.lang.String)[pri:0, instance:core.PrimeNumberCheckerTest@137203b]" name="test" duration-ms="6" started-at="2017-09-21T00:40:23Z" data-provider="prime number" finished-at="2017-09-21T00:40:23Z">
          <params>
            <param index="0">
              <value>
                <![CDATA[TC-27 (28 is not a prime number)]]>
              </value>
            </param>
            <param index="1">
              <value>
                <![CDATA[28]]>
              </value>
            </param>
            <param index="2">
              <value>
                <![CDATA[false]]>
              </value>
            </param>
          </params>
          <reporter-output>
          </reporter-output>
        </test-method> <!-- test -->
        <test-method status="PASS" signature="test(java.lang.String, java.lang.String, java.lang.String)[pri:0, instance:core.PrimeNumberCheckerTest@137203b]" name="test" duration-ms="4" started-at="2017-09-21T00:40:23Z" data-provider="prime number" finished-at="2017-09-21T00:40:23Z">
          <params>
            <param index="0">
              <value>
                <![CDATA[TC-28 (29 is a prime number)]]>
              </value>
            </param>
            <param index="1">
              <value>
                <![CDATA[29]]>
              </value>
            </param>
            <param index="2">
              <value>
                <![CDATA[true]]>
              </value>
            </param>
          </params>
          <reporter-output>
          </reporter-output>
        </test-method> <!-- test -->
        <test-method status="PASS" signature="beforemethod(java.lang.reflect.Method, [Ljava.lang.Object;)[pri:0, instance:core.PrimeNumberCheckerTest@137203b]" name="beforemethod" is-config="true" duration-ms="0" started-at="2017-09-21T00:40:23Z" finished-at="2017-09-21T00:40:23Z">
          <params>
            <param index="0">
              <value>
                <![CDATA[public void core.PrimeNumberCheckerTest.test(java.lang.String,java.lang.String,java.lang.String)]]>
              </value>
            </param>
            <param index="1">
              <value>
                <![CDATA[[Ljava.lang.Object;@ef042a]]>
              </value>
            </param>
          </params>
          <reporter-output>
          </reporter-output>
        </test-method> <!-- beforemethod -->
        <test-method status="PASS" signature="test(java.lang.String, java.lang.String, java.lang.String)[pri:0, instance:core.PrimeNumberCheckerTest@137203b]" name="test" duration-ms="4" started-at="2017-09-21T00:40:23Z" data-provider="prime number" finished-at="2017-09-21T00:40:23Z">
          <params>
            <param index="0">
              <value>
                <![CDATA[TC-29 (30 is not a prime number)]]>
              </value>
            </param>
            <param index="1">
              <value>
                <![CDATA[30]]>
              </value>
            </param>
            <param index="2">
              <value>
                <![CDATA[false]]>
              </value>
            </param>
          </params>
          <reporter-output>
          </reporter-output>
        </test-method> <!-- test -->
        <test-method status="PASS" signature="beforemethod(java.lang.reflect.Method, [Ljava.lang.Object;)[pri:0, instance:core.PrimeNumberCheckerTest@137203b]" name="beforemethod" is-config="true" duration-ms="0" started-at="2017-09-21T00:40:23Z" finished-at="2017-09-21T00:40:23Z">
          <params>
            <param index="0">
              <value>
                <![CDATA[public void core.PrimeNumberCheckerTest.test(java.lang.String,java.lang.String,java.lang.String)]]>
              </value>
            </param>
            <param index="1">
              <value>
                <![CDATA[[Ljava.lang.Object;@1f5c7e3]]>
              </value>
            </param>
          </params>
          <reporter-output>
          </reporter-output>
        </test-method> <!-- beforemethod -->
        <test-method status="PASS" signature="beforemethod(java.lang.reflect.Method, [Ljava.lang.Object;)[pri:0, instance:core.PrimeNumberCheckerTest@137203b]" name="beforemethod" is-config="true" duration-ms="1" started-at="2017-09-21T00:40:23Z" finished-at="2017-09-21T00:40:23Z">
          <params>
            <param index="0">
              <value>
                <![CDATA[public void core.PrimeNumberCheckerTest.test(java.lang.String,java.lang.String,java.lang.String)]]>
              </value>
            </param>
            <param index="1">
              <value>
                <![CDATA[[Ljava.lang.Object;@c4f21]]>
              </value>
            </param>
          </params>
          <reporter-output>
          </reporter-output>
        </test-method> <!-- beforemethod -->
        <test-method status="PASS" signature="test(java.lang.String, java.lang.String, java.lang.String)[pri:0, instance:core.PrimeNumberCheckerTest@137203b]" name="test" duration-ms="6" started-at="2017-09-21T00:40:23Z" data-provider="prime number" finished-at="2017-09-21T00:40:23Z">
          <params>
            <param index="0">
              <value>
                <![CDATA[TC-30 (31 is a prime number)]]>
              </value>
            </param>
            <param index="1">
              <value>
                <![CDATA[31]]>
              </value>
            </param>
            <param index="2">
              <value>
                <![CDATA[true]]>
              </value>
            </param>
          </params>
          <reporter-output>
          </reporter-output>
        </test-method> <!-- test -->
        <test-method status="PASS" signature="beforemethod(java.lang.reflect.Method, [Ljava.lang.Object;)[pri:0, instance:core.PrimeNumberCheckerTest@137203b]" name="beforemethod" is-config="true" duration-ms="1" started-at="2017-09-21T00:40:23Z" finished-at="2017-09-21T00:40:23Z">
          <params>
            <param index="0">
              <value>
                <![CDATA[public void core.PrimeNumberCheckerTest.test(java.lang.String,java.lang.String,java.lang.String)]]>
              </value>
            </param>
            <param index="1">
              <value>
                <![CDATA[[Ljava.lang.Object;@18a3ea]]>
              </value>
            </param>
          </params>
          <reporter-output>
          </reporter-output>
        </test-method> <!-- beforemethod -->
        <test-method status="PASS" signature="test(java.lang.String, java.lang.String, java.lang.String)[pri:0, instance:core.PrimeNumberCheckerTest@137203b]" name="test" duration-ms="5" started-at="2017-09-21T00:40:23Z" data-provider="prime number" finished-at="2017-09-21T00:40:23Z">
          <params>
            <param index="0">
              <value>
                <![CDATA[TC-31 (32 is not a prime number)]]>
              </value>
            </param>
            <param index="1">
              <value>
                <![CDATA[32]]>
              </value>
            </param>
            <param index="2">
              <value>
                <![CDATA[false]]>
              </value>
            </param>
          </params>
          <reporter-output>
          </reporter-output>
        </test-method> <!-- test -->
        <test-method status="PASS" signature="beforemethod(java.lang.reflect.Method, [Ljava.lang.Object;)[pri:0, instance:core.PrimeNumberCheckerTest@137203b]" name="beforemethod" is-config="true" duration-ms="0" started-at="2017-09-21T00:40:23Z" finished-at="2017-09-21T00:40:23Z">
          <params>
            <param index="0">
              <value>
                <![CDATA[public void core.PrimeNumberCheckerTest.test(java.lang.String,java.lang.String,java.lang.String)]]>
              </value>
            </param>
            <param index="1">
              <value>
                <![CDATA[[Ljava.lang.Object;@6c2c17]]>
              </value>
            </param>
          </params>
          <reporter-output>
          </reporter-output>
        </test-method> <!-- beforemethod -->
        <test-method status="PASS" signature="test(java.lang.String, java.lang.String, java.lang.String)[pri:0, instance:core.PrimeNumberCheckerTest@137203b]" name="test" duration-ms="3" started-at="2017-09-21T00:40:23Z" data-provider="prime number" finished-at="2017-09-21T00:40:23Z">
          <params>
            <param index="0">
              <value>
                <![CDATA[TC-32 (33 is not a prime number)]]>
              </value>
            </param>
            <param index="1">
              <value>
                <![CDATA[33]]>
              </value>
            </param>
            <param index="2">
              <value>
                <![CDATA[false]]>
              </value>
            </param>
          </params>
          <reporter-output>
          </reporter-output>
        </test-method> <!-- test -->
        <test-method status="PASS" signature="beforemethod(java.lang.reflect.Method, [Ljava.lang.Object;)[pri:0, instance:core.PrimeNumberCheckerTest@137203b]" name="beforemethod" is-config="true" duration-ms="0" started-at="2017-09-21T00:40:23Z" finished-at="2017-09-21T00:40:23Z">
          <params>
            <param index="0">
              <value>
                <![CDATA[public void core.PrimeNumberCheckerTest.test(java.lang.String,java.lang.String,java.lang.String)]]>
              </value>
            </param>
            <param index="1">
              <value>
                <![CDATA[[Ljava.lang.Object;@1953be6]]>
              </value>
            </param>
          </params>
          <reporter-output>
          </reporter-output>
        </test-method> <!-- beforemethod -->
        <test-method status="PASS" signature="test(java.lang.String, java.lang.String, java.lang.String)[pri:0, instance:core.PrimeNumberCheckerTest@137203b]" name="test" duration-ms="6" started-at="2017-09-21T00:40:23Z" data-provider="prime number" finished-at="2017-09-21T00:40:23Z">
          <params>
            <param index="0">
              <value>
                <![CDATA[TC-33 (34 is not a prime number)]]>
              </value>
            </param>
            <param index="1">
              <value>
                <![CDATA[34]]>
              </value>
            </param>
            <param index="2">
              <value>
                <![CDATA[false]]>
              </value>
            </param>
          </params>
          <reporter-output>
          </reporter-output>
        </test-method> <!-- test -->
        <test-method status="PASS" signature="beforemethod(java.lang.reflect.Method, [Ljava.lang.Object;)[pri:0, instance:core.PrimeNumberCheckerTest@137203b]" name="beforemethod" is-config="true" duration-ms="1" started-at="2017-09-21T00:40:23Z" finished-at="2017-09-21T00:40:23Z">
          <params>
            <param index="0">
              <value>
                <![CDATA[public void core.PrimeNumberCheckerTest.test(java.lang.String,java.lang.String,java.lang.String)]]>
              </value>
            </param>
            <param index="1">
              <value>
                <![CDATA[[Ljava.lang.Object;@1dc0d32]]>
              </value>
            </param>
          </params>
          <reporter-output>
          </reporter-output>
        </test-method> <!-- beforemethod -->
        <test-method status="PASS" signature="test(java.lang.String, java.lang.String, java.lang.String)[pri:0, instance:core.PrimeNumberCheckerTest@137203b]" name="test" duration-ms="5" started-at="2017-09-21T00:40:23Z" data-provider="prime number" finished-at="2017-09-21T00:40:23Z">
          <params>
            <param index="0">
              <value>
                <![CDATA[TC-34 (35 is not a prime number)]]>
              </value>
            </param>
            <param index="1">
              <value>
                <![CDATA[35]]>
              </value>
            </param>
            <param index="2">
              <value>
                <![CDATA[false]]>
              </value>
            </param>
          </params>
          <reporter-output>
          </reporter-output>
        </test-method> <!-- test -->
        <test-method status="PASS" signature="beforemethod(java.lang.reflect.Method, [Ljava.lang.Object;)[pri:0, instance:core.PrimeNumberCheckerTest@137203b]" name="beforemethod" is-config="true" duration-ms="1" started-at="2017-09-21T00:40:23Z" finished-at="2017-09-21T00:40:23Z">
          <params>
            <param index="0">
              <value>
                <![CDATA[public void core.PrimeNumberCheckerTest.test(java.lang.String,java.lang.String,java.lang.String)]]>
              </value>
            </param>
            <param index="1">
              <value>
                <![CDATA[[Ljava.lang.Object;@b2fa10]]>
              </value>
            </param>
          </params>
          <reporter-output>
          </reporter-output>
        </test-method> <!-- beforemethod -->
        <test-method status="PASS" signature="test(java.lang.String, java.lang.String, java.lang.String)[pri:0, instance:core.PrimeNumberCheckerTest@137203b]" name="test" duration-ms="3" started-at="2017-09-21T00:40:23Z" data-provider="prime number" finished-at="2017-09-21T00:40:23Z">
          <params>
            <param index="0">
              <value>
                <![CDATA[TC-35 (36 is not a prime number)]]>
              </value>
            </param>
            <param index="1">
              <value>
                <![CDATA[36]]>
              </value>
            </param>
            <param index="2">
              <value>
                <![CDATA[false]]>
              </value>
            </param>
          </params>
          <reporter-output>
          </reporter-output>
        </test-method> <!-- test -->
        <test-method status="PASS" signature="beforemethod(java.lang.reflect.Method, [Ljava.lang.Object;)[pri:0, instance:core.PrimeNumberCheckerTest@137203b]" name="beforemethod" is-config="true" duration-ms="1" started-at="2017-09-21T00:40:23Z" finished-at="2017-09-21T00:40:23Z">
          <params>
            <param index="0">
              <value>
                <![CDATA[public void core.PrimeNumberCheckerTest.test(java.lang.String,java.lang.String,java.lang.String)]]>
              </value>
            </param>
            <param index="1">
              <value>
                <![CDATA[[Ljava.lang.Object;@1c96c85]]>
              </value>
            </param>
          </params>
          <reporter-output>
          </reporter-output>
        </test-method> <!-- beforemethod -->
        <test-method status="PASS" signature="test(java.lang.String, java.lang.String, java.lang.String)[pri:0, instance:core.PrimeNumberCheckerTest@137203b]" name="test" duration-ms="3" started-at="2017-09-21T00:40:23Z" data-provider="prime number" finished-at="2017-09-21T00:40:23Z">
          <params>
            <param index="0">
              <value>
                <![CDATA[TC-36 (37 is a prime number)]]>
              </value>
            </param>
            <param index="1">
              <value>
                <![CDATA[37]]>
              </value>
            </param>
            <param index="2">
              <value>
                <![CDATA[true]]>
              </value>
            </param>
          </params>
          <reporter-output>
          </reporter-output>
        </test-method> <!-- test -->
        <test-method status="PASS" signature="beforemethod(java.lang.reflect.Method, [Ljava.lang.Object;)[pri:0, instance:core.PrimeNumberCheckerTest@137203b]" name="beforemethod" is-config="true" duration-ms="1" started-at="2017-09-21T00:40:23Z" finished-at="2017-09-21T00:40:23Z">
          <params>
            <param index="0">
              <value>
                <![CDATA[public void core.PrimeNumberCheckerTest.test(java.lang.String,java.lang.String,java.lang.String)]]>
              </value>
            </param>
            <param index="1">
              <value>
                <![CDATA[[Ljava.lang.Object;@10f2d91]]>
              </value>
            </param>
          </params>
          <reporter-output>
          </reporter-output>
        </test-method> <!-- beforemethod -->
        <test-method status="PASS" signature="test(java.lang.String, java.lang.String, java.lang.String)[pri:0, instance:core.PrimeNumberCheckerTest@137203b]" name="test" duration-ms="4" started-at="2017-09-21T00:40:23Z" data-provider="prime number" finished-at="2017-09-21T00:40:23Z">
          <params>
            <param index="0">
              <value>
                <![CDATA[TC-37 (38 is not a prime number)]]>
              </value>
            </param>
            <param index="1">
              <value>
                <![CDATA[38]]>
              </value>
            </param>
            <param index="2">
              <value>
                <![CDATA[false]]>
              </value>
            </param>
          </params>
          <reporter-output>
          </reporter-output>
        </test-method> <!-- test -->
        <test-method status="PASS" signature="beforemethod(java.lang.reflect.Method, [Ljava.lang.Object;)[pri:0, instance:core.PrimeNumberCheckerTest@137203b]" name="beforemethod" is-config="true" duration-ms="1" started-at="2017-09-21T00:40:23Z" finished-at="2017-09-21T00:40:23Z">
          <params>
            <param index="0">
              <value>
                <![CDATA[public void core.PrimeNumberCheckerTest.test(java.lang.String,java.lang.String,java.lang.String)]]>
              </value>
            </param>
            <param index="1">
              <value>
                <![CDATA[[Ljava.lang.Object;@43145f]]>
              </value>
            </param>
          </params>
          <reporter-output>
          </reporter-output>
        </test-method> <!-- beforemethod -->
        <test-method status="PASS" signature="test(java.lang.String, java.lang.String, java.lang.String)[pri:0, instance:core.PrimeNumberCheckerTest@137203b]" name="test" duration-ms="6" started-at="2017-09-21T00:40:23Z" data-provider="prime number" finished-at="2017-09-21T00:40:23Z">
          <params>
            <param index="0">
              <value>
                <![CDATA[TC-38 (39 is not a prime number)]]>
              </value>
            </param>
            <param index="1">
              <value>
                <![CDATA[39]]>
              </value>
            </param>
            <param index="2">
              <value>
                <![CDATA[false]]>
              </value>
            </param>
          </params>
          <reporter-output>
          </reporter-output>
        </test-method> <!-- test -->
        <test-method status="PASS" signature="beforemethod(java.lang.reflect.Method, [Ljava.lang.Object;)[pri:0, instance:core.PrimeNumberCheckerTest@137203b]" name="beforemethod" is-config="true" duration-ms="1" started-at="2017-09-21T00:40:23Z" finished-at="2017-09-21T00:40:23Z">
          <params>
            <param index="0">
              <value>
                <![CDATA[public void core.PrimeNumberCheckerTest.test(java.lang.String,java.lang.String,java.lang.String)]]>
              </value>
            </param>
            <param index="1">
              <value>
                <![CDATA[[Ljava.lang.Object;@1c6027d]]>
              </value>
            </param>
          </params>
          <reporter-output>
          </reporter-output>
        </test-method> <!-- beforemethod -->
        <test-method status="PASS" signature="test(java.lang.String, java.lang.String, java.lang.String)[pri:0, instance:core.PrimeNumberCheckerTest@137203b]" name="test" duration-ms="5" started-at="2017-09-21T00:40:23Z" data-provider="prime number" finished-at="2017-09-21T00:40:23Z">
          <params>
            <param index="0">
              <value>
                <![CDATA[TC-39 (40 is not a prime number)]]>
              </value>
            </param>
            <param index="1">
              <value>
                <![CDATA[40]]>
              </value>
            </param>
            <param index="2">
              <value>
                <![CDATA[false]]>
              </value>
            </param>
          </params>
          <reporter-output>
          </reporter-output>
        </test-method> <!-- test -->
        <test-method status="PASS" signature="beforemethod(java.lang.reflect.Method, [Ljava.lang.Object;)[pri:0, instance:core.PrimeNumberCheckerTest@137203b]" name="beforemethod" is-config="true" duration-ms="1" started-at="2017-09-21T00:40:23Z" finished-at="2017-09-21T00:40:23Z">
          <params>
            <param index="0">
              <value>
                <![CDATA[public void core.PrimeNumberCheckerTest.test(java.lang.String,java.lang.String,java.lang.String)]]>
              </value>
            </param>
            <param index="1">
              <value>
                <![CDATA[[Ljava.lang.Object;@127f904]]>
              </value>
            </param>
          </params>
          <reporter-output>
          </reporter-output>
        </test-method> <!-- beforemethod -->
        <test-method status="PASS" signature="test(java.lang.String, java.lang.String, java.lang.String)[pri:0, instance:core.PrimeNumberCheckerTest@137203b]" name="test" duration-ms="5" started-at="2017-09-21T00:40:23Z" data-provider="prime number" finished-at="2017-09-21T00:40:23Z">
          <params>
            <param index="0">
              <value>
                <![CDATA[TC-40 (41 is a prime number)]]>
              </value>
            </param>
            <param index="1">
              <value>
                <![CDATA[41]]>
              </value>
            </param>
            <param index="2">
              <value>
                <![CDATA[true]]>
              </value>
            </param>
          </params>
          <reporter-output>
          </reporter-output>
        </test-method> <!-- test -->
        <test-method status="PASS" signature="test(java.lang.String, java.lang.String, java.lang.String)[pri:0, instance:core.PrimeNumberCheckerTest@137203b]" name="test" duration-ms="6" started-at="2017-09-21T00:40:23Z" data-provider="prime number" finished-at="2017-09-21T00:40:23Z">
          <params>
            <param index="0">
              <value>
                <![CDATA[TC-41 (42 is not a prime number)]]>
              </value>
            </param>
            <param index="1">
              <value>
                <![CDATA[42]]>
              </value>
            </param>
            <param index="2">
              <value>
                <![CDATA[false]]>
              </value>
            </param>
          </params>
          <reporter-output>
          </reporter-output>
        </test-method> <!-- test -->
        <test-method status="PASS" signature="beforemethod(java.lang.reflect.Method, [Ljava.lang.Object;)[pri:0, instance:core.PrimeNumberCheckerTest@137203b]" name="beforemethod" is-config="true" duration-ms="0" started-at="2017-09-21T00:40:23Z" finished-at="2017-09-21T00:40:23Z">
          <params>
            <param index="0">
              <value>
                <![CDATA[public void core.PrimeNumberCheckerTest.test(java.lang.String,java.lang.String,java.lang.String)]]>
              </value>
            </param>
            <param index="1">
              <value>
                <![CDATA[[Ljava.lang.Object;@1b62414]]>
              </value>
            </param>
          </params>
          <reporter-output>
          </reporter-output>
        </test-method> <!-- beforemethod -->
        <test-method status="PASS" signature="beforemethod(java.lang.reflect.Method, [Ljava.lang.Object;)[pri:0, instance:core.PrimeNumberCheckerTest@137203b]" name="beforemethod" is-config="true" duration-ms="1" started-at="2017-09-21T00:40:23Z" finished-at="2017-09-21T00:40:23Z">
          <params>
            <param index="0">
              <value>
                <![CDATA[public void core.PrimeNumberCheckerTest.test(java.lang.String,java.lang.String,java.lang.String)]]>
              </value>
            </param>
            <param index="1">
              <value>
                <![CDATA[[Ljava.lang.Object;@13d2cd1]]>
              </value>
            </param>
          </params>
          <reporter-output>
          </reporter-output>
        </test-method> <!-- beforemethod -->
        <test-method status="PASS" signature="test(java.lang.String, java.lang.String, java.lang.String)[pri:0, instance:core.PrimeNumberCheckerTest@137203b]" name="test" duration-ms="7" started-at="2017-09-21T00:40:23Z" data-provider="prime number" finished-at="2017-09-21T00:40:23Z">
          <params>
            <param index="0">
              <value>
                <![CDATA[TC-42 (43 is a prime number)]]>
              </value>
            </param>
            <param index="1">
              <value>
                <![CDATA[43]]>
              </value>
            </param>
            <param index="2">
              <value>
                <![CDATA[true]]>
              </value>
            </param>
          </params>
          <reporter-output>
          </reporter-output>
        </test-method> <!-- test -->
        <test-method status="PASS" signature="test(java.lang.String, java.lang.String, java.lang.String)[pri:0, instance:core.PrimeNumberCheckerTest@137203b]" name="test" duration-ms="4" started-at="2017-09-21T00:40:23Z" data-provider="prime number" finished-at="2017-09-21T00:40:23Z">
          <params>
            <param index="0">
              <value>
                <![CDATA[TC-43 (44 is not a prime number)]]>
              </value>
            </param>
            <param index="1">
              <value>
                <![CDATA[44]]>
              </value>
            </param>
            <param index="2">
              <value>
                <![CDATA[false]]>
              </value>
            </param>
          </params>
          <reporter-output>
          </reporter-output>
        </test-method> <!-- test -->
        <test-method status="PASS" signature="beforemethod(java.lang.reflect.Method, [Ljava.lang.Object;)[pri:0, instance:core.PrimeNumberCheckerTest@137203b]" name="beforemethod" is-config="true" duration-ms="0" started-at="2017-09-21T00:40:23Z" finished-at="2017-09-21T00:40:23Z">
          <params>
            <param index="0">
              <value>
                <![CDATA[public void core.PrimeNumberCheckerTest.test(java.lang.String,java.lang.String,java.lang.String)]]>
              </value>
            </param>
            <param index="1">
              <value>
                <![CDATA[[Ljava.lang.Object;@4d1b61]]>
              </value>
            </param>
          </params>
          <reporter-output>
          </reporter-output>
        </test-method> <!-- beforemethod -->
        <test-method status="PASS" signature="test(java.lang.String, java.lang.String, java.lang.String)[pri:0, instance:core.PrimeNumberCheckerTest@137203b]" name="test" duration-ms="4" started-at="2017-09-21T00:40:23Z" data-provider="prime number" finished-at="2017-09-21T00:40:23Z">
          <params>
            <param index="0">
              <value>
                <![CDATA[TC-44 (45 is not a prime number)]]>
              </value>
            </param>
            <param index="1">
              <value>
                <![CDATA[45]]>
              </value>
            </param>
            <param index="2">
              <value>
                <![CDATA[false]]>
              </value>
            </param>
          </params>
          <reporter-output>
          </reporter-output>
        </test-method> <!-- test -->
        <test-method status="PASS" signature="beforemethod(java.lang.reflect.Method, [Ljava.lang.Object;)[pri:0, instance:core.PrimeNumberCheckerTest@137203b]" name="beforemethod" is-config="true" duration-ms="0" started-at="2017-09-21T00:40:23Z" finished-at="2017-09-21T00:40:23Z">
          <params>
            <param index="0">
              <value>
                <![CDATA[public void core.PrimeNumberCheckerTest.test(java.lang.String,java.lang.String,java.lang.String)]]>
              </value>
            </param>
            <param index="1">
              <value>
                <![CDATA[[Ljava.lang.Object;@443135]]>
              </value>
            </param>
          </params>
          <reporter-output>
          </reporter-output>
        </test-method> <!-- beforemethod -->
        <test-method status="PASS" signature="beforemethod(java.lang.reflect.Method, [Ljava.lang.Object;)[pri:0, instance:core.PrimeNumberCheckerTest@137203b]" name="beforemethod" is-config="true" duration-ms="0" started-at="2017-09-21T00:40:23Z" finished-at="2017-09-21T00:40:23Z">
          <params>
            <param index="0">
              <value>
                <![CDATA[public void core.PrimeNumberCheckerTest.test(java.lang.String,java.lang.String,java.lang.String)]]>
              </value>
            </param>
            <param index="1">
              <value>
                <![CDATA[[Ljava.lang.Object;@4823ed]]>
              </value>
            </param>
          </params>
          <reporter-output>
          </reporter-output>
        </test-method> <!-- beforemethod -->
        <test-method status="PASS" signature="test(java.lang.String, java.lang.String, java.lang.String)[pri:0, instance:core.PrimeNumberCheckerTest@137203b]" name="test" duration-ms="5" started-at="2017-09-21T00:40:23Z" data-provider="prime number" finished-at="2017-09-21T00:40:23Z">
          <params>
            <param index="0">
              <value>
                <![CDATA[TC-45 (46 is not a prime number)]]>
              </value>
            </param>
            <param index="1">
              <value>
                <![CDATA[46]]>
              </value>
            </param>
            <param index="2">
              <value>
                <![CDATA[false]]>
              </value>
            </param>
          </params>
          <reporter-output>
          </reporter-output>
        </test-method> <!-- test -->
        <test-method status="PASS" signature="beforemethod(java.lang.reflect.Method, [Ljava.lang.Object;)[pri:0, instance:core.PrimeNumberCheckerTest@137203b]" name="beforemethod" is-config="true" duration-ms="0" started-at="2017-09-21T00:40:23Z" finished-at="2017-09-21T00:40:23Z">
          <params>
            <param index="0">
              <value>
                <![CDATA[public void core.PrimeNumberCheckerTest.test(java.lang.String,java.lang.String,java.lang.String)]]>
              </value>
            </param>
            <param index="1">
              <value>
                <![CDATA[[Ljava.lang.Object;@bbcf91]]>
              </value>
            </param>
          </params>
          <reporter-output>
          </reporter-output>
        </test-method> <!-- beforemethod -->
        <test-method status="PASS" signature="test(java.lang.String, java.lang.String, java.lang.String)[pri:0, instance:core.PrimeNumberCheckerTest@137203b]" name="test" duration-ms="4" started-at="2017-09-21T00:40:23Z" data-provider="prime number" finished-at="2017-09-21T00:40:23Z">
          <params>
            <param index="0">
              <value>
                <![CDATA[TC-46 (47 is a prime number)]]>
              </value>
            </param>
            <param index="1">
              <value>
                <![CDATA[47]]>
              </value>
            </param>
            <param index="2">
              <value>
                <![CDATA[true]]>
              </value>
            </param>
          </params>
          <reporter-output>
          </reporter-output>
        </test-method> <!-- test -->
        <test-method status="PASS" signature="beforemethod(java.lang.reflect.Method, [Ljava.lang.Object;)[pri:0, instance:core.PrimeNumberCheckerTest@137203b]" name="beforemethod" is-config="true" duration-ms="1" started-at="2017-09-21T00:40:23Z" finished-at="2017-09-21T00:40:23Z">
          <params>
            <param index="0">
              <value>
                <![CDATA[public void core.PrimeNumberCheckerTest.test(java.lang.String,java.lang.String,java.lang.String)]]>
              </value>
            </param>
            <param index="1">
              <value>
                <![CDATA[[Ljava.lang.Object;@a14cf4]]>
              </value>
            </param>
          </params>
          <reporter-output>
          </reporter-output>
        </test-method> <!-- beforemethod -->
        <test-method status="PASS" signature="test(java.lang.String, java.lang.String, java.lang.String)[pri:0, instance:core.PrimeNumberCheckerTest@137203b]" name="test" duration-ms="5" started-at="2017-09-21T00:40:23Z" data-provider="prime number" finished-at="2017-09-21T00:40:23Z">
          <params>
            <param index="0">
              <value>
                <![CDATA[TC-47 (48 is not a prime number)]]>
              </value>
            </param>
            <param index="1">
              <value>
                <![CDATA[48]]>
              </value>
            </param>
            <param index="2">
              <value>
                <![CDATA[false]]>
              </value>
            </param>
          </params>
          <reporter-output>
          </reporter-output>
        </test-method> <!-- test -->
        <test-method status="PASS" signature="test(java.lang.String, java.lang.String, java.lang.String)[pri:0, instance:core.PrimeNumberCheckerTest@137203b]" name="test" duration-ms="4" started-at="2017-09-21T00:40:23Z" data-provider="prime number" finished-at="2017-09-21T00:40:23Z">
          <params>
            <param index="0">
              <value>
                <![CDATA[TC-48 (49 is not a prime number)]]>
              </value>
            </param>
            <param index="1">
              <value>
                <![CDATA[49]]>
              </value>
            </param>
            <param index="2">
              <value>
                <![CDATA[false]]>
              </value>
            </param>
          </params>
          <reporter-output>
          </reporter-output>
        </test-method> <!-- test -->
        <test-method status="PASS" signature="beforemethod(java.lang.reflect.Method, [Ljava.lang.Object;)[pri:0, instance:core.PrimeNumberCheckerTest@137203b]" name="beforemethod" is-config="true" duration-ms="0" started-at="2017-09-21T00:40:23Z" finished-at="2017-09-21T00:40:23Z">
          <params>
            <param index="0">
              <value>
[...]
          <params>
            <param index="0">
              <value>
                <![CDATA[public void core.PrimeNumberCheckerTest.test(java.lang.String,java.lang.String,java.lang.String)]]>
              </value>
            </param>
            <param index="1">
              <value>
                <![CDATA[[Ljava.lang.Object;@1be88ae]]>
              </value>
            </param>
          </params>
          <reporter-output>
          </reporter-output>
        </test-method> <!-- beforemethod -->
        <test-method status="PASS" signature="test(java.lang.String, java.lang.String, java.lang.String)[pri:0, instance:core.PrimeNumberCheckerTest@137203b]" name="test" duration-ms="5" started-at="2017-09-21T00:40:23Z" data-provider="prime number" finished-at="2017-09-21T00:40:23Z">
          <params>
            <param index="0">
              <value>
                <![CDATA[TC-89 (90 is not a prime number)]]>
              </value>
            </param>
            <param index="1">
              <value>
                <![CDATA[90]]>
              </value>
            </param>
            <param index="2">
              <value>
                <![CDATA[false]]>
              </value>
            </param>
          </params>
          <reporter-output>
          </reporter-output>
        </test-method> <!-- test -->
        <test-method status="PASS" signature="beforemethod(java.lang.reflect.Method, [Ljava.lang.Object;)[pri:0, instance:core.PrimeNumberCheckerTest@137203b]" name="beforemethod" is-config="true" duration-ms="0" started-at="2017-09-21T00:40:23Z" finished-at="2017-09-21T00:40:23Z">
          <params>
            <param index="0">
              <value>
                <![CDATA[public void core.PrimeNumberCheckerTest.test(java.lang.String,java.lang.String,java.lang.String)]]>
              </value>
            </param>
            <param index="1">
              <value>
                <![CDATA[[Ljava.lang.Object;@ade015]]>
              </value>
            </param>
          </params>
          <reporter-output>
          </reporter-output>
        </test-method> <!-- beforemethod -->
        <test-method status="PASS" signature="test(java.lang.String, java.lang.String, java.lang.String)[pri:0, instance:core.PrimeNumberCheckerTest@137203b]" name="test" duration-ms="5" started-at="2017-09-21T00:40:23Z" data-provider="prime number" finished-at="2017-09-21T00:40:23Z">
          <params>
            <param index="0">
              <value>
                <![CDATA[TC-90 (91 is not a prime number)]]>
              </value>
            </param>
            <param index="1">
              <value>
                <![CDATA[91]]>
              </value>
            </param>
            <param index="2">
              <value>
                <![CDATA[false]]>
              </value>
            </param>
          </params>
          <reporter-output>
          </reporter-output>
        </test-method> <!-- test -->
        <test-method status="PASS" signature="test(java.lang.String, java.lang.String, java.lang.String)[pri:0, instance:core.PrimeNumberCheckerTest@137203b]" name="test" duration-ms="4" started-at="2017-09-21T00:40:23Z" data-provider="prime number" finished-at="2017-09-21T00:40:23Z">
          <params>
            <param index="0">
              <value>
                <![CDATA[TC-91 (92 is not a prime number)]]>
              </value>
            </param>
            <param index="1">
              <value>
                <![CDATA[92]]>
              </value>
            </param>
            <param index="2">
              <value>
                <![CDATA[false]]>
              </value>
            </param>
          </params>
          <reporter-output>
          </reporter-output>
        </test-method> <!-- test -->
        <test-method status="PASS" signature="beforemethod(java.lang.reflect.Method, [Ljava.lang.Object;)[pri:0, instance:core.PrimeNumberCheckerTest@137203b]" name="beforemethod" is-config="true" duration-ms="0" started-at="2017-09-21T00:40:23Z" finished-at="2017-09-21T00:40:23Z">
          <params>
            <param index="0">
              <value>
                <![CDATA[public void core.PrimeNumberCheckerTest.test(java.lang.String,java.lang.String,java.lang.String)]]>
              </value>
            </param>
            <param index="1">
              <value>
                <![CDATA[[Ljava.lang.Object;@ede57d]]>
              </value>
            </param>
          </params>
          <reporter-output>
          </reporter-output>
        </test-method> <!-- beforemethod -->
        <test-method status="PASS" signature="beforemethod(java.lang.reflect.Method, [Ljava.lang.Object;)[pri:0, instance:core.PrimeNumberCheckerTest@137203b]" name="beforemethod" is-config="true" duration-ms="0" started-at="2017-09-21T00:40:23Z" finished-at="2017-09-21T00:40:23Z">
          <params>
            <param index="0">
              <value>
                <![CDATA[public void core.PrimeNumberCheckerTest.test(java.lang.String,java.lang.String,java.lang.String)]]>
              </value>
            </param>
            <param index="1">
              <value>
                <![CDATA[[Ljava.lang.Object;@997a94]]>
              </value>
            </param>
          </params>
          <reporter-output>
          </reporter-output>
        </test-method> <!-- beforemethod -->
        <test-method status="PASS" signature="test(java.lang.String, java.lang.String, java.lang.String)[pri:0, instance:core.PrimeNumberCheckerTest@137203b]" name="test" duration-ms="3" started-at="2017-09-21T00:40:23Z" data-provider="prime number" finished-at="2017-09-21T00:40:23Z">
          <params>
            <param index="0">
              <value>
                <![CDATA[TC-92 (93 is not a prime number)]]>
              </value>
            </param>
            <param index="1">
              <value>
                <![CDATA[93]]>
              </value>
            </param>
            <param index="2">
              <value>
                <![CDATA[false]]>
              </value>
            </param>
          </params>
          <reporter-output>
          </reporter-output>
        </test-method> <!-- test -->
        <test-method status="PASS" signature="beforemethod(java.lang.reflect.Method, [Ljava.lang.Object;)[pri:0, instance:core.PrimeNumberCheckerTest@137203b]" name="beforemethod" is-config="true" duration-ms="1" started-at="2017-09-21T00:40:23Z" finished-at="2017-09-21T00:40:23Z">
          <params>
            <param index="0">
              <value>
                <![CDATA[public void core.PrimeNumberCheckerTest.test(java.lang.String,java.lang.String,java.lang.String)]]>
              </value>
            </param>
            <param index="1">
              <value>
                <![CDATA[[Ljava.lang.Object;@1f377d1]]>
              </value>
            </param>
          </params>
          <reporter-output>
          </reporter-output>
        </test-method> <!-- beforemethod -->
        <test-method status="PASS" signature="test(java.lang.String, java.lang.String, java.lang.String)[pri:0, instance:core.PrimeNumberCheckerTest@137203b]" name="test" duration-ms="3" started-at="2017-09-21T00:40:23Z" data-provider="prime number" finished-at="2017-09-21T00:40:23Z">
          <params>
            <param index="0">
              <value>
                <![CDATA[TC-93 (94 is not a prime number)]]>
              </value>
            </param>
            <param index="1">
              <value>
                <![CDATA[94]]>
              </value>
            </param>
            <param index="2">
              <value>
                <![CDATA[false]]>
              </value>
            </param>
          </params>
          <reporter-output>
          </reporter-output>
        </test-method> <!-- test -->
        <test-method status="PASS" signature="beforemethod(java.lang.reflect.Method, [Ljava.lang.Object;)[pri:0, instance:core.PrimeNumberCheckerTest@137203b]" name="beforemethod" is-config="true" duration-ms="0" started-at="2017-09-21T00:40:23Z" finished-at="2017-09-21T00:40:23Z">
          <params>
            <param index="0">
              <value>
                <![CDATA[public void core.PrimeNumberCheckerTest.test(java.lang.String,java.lang.String,java.lang.String)]]>
              </value>
            </param>
            <param index="1">
              <value>
                <![CDATA[[Ljava.lang.Object;@538eb2]]>
              </value>
            </param>
          </params>
          <reporter-output>
          </reporter-output>
        </test-method> <!-- beforemethod -->
        <test-method status="PASS" signature="test(java.lang.String, java.lang.String, java.lang.String)[pri:0, instance:core.PrimeNumberCheckerTest@137203b]" name="test" duration-ms="5" started-at="2017-09-21T00:40:23Z" data-provider="prime number" finished-at="2017-09-21T00:40:23Z">
          <params>
            <param index="0">
              <value>
                <![CDATA[TC-94 (95 is not a prime number)]]>
              </value>
            </param>
            <param index="1">
              <value>
                <![CDATA[95]]>
              </value>
            </param>
            <param index="2">
              <value>
                <![CDATA[false]]>
              </value>
            </param>
          </params>
          <reporter-output>
          </reporter-output>
        </test-method> <!-- test -->
        <test-method status="PASS" signature="beforemethod(java.lang.reflect.Method, [Ljava.lang.Object;)[pri:0, instance:core.PrimeNumberCheckerTest@137203b]" name="beforemethod" is-config="true" duration-ms="1" started-at="2017-09-21T00:40:23Z" finished-at="2017-09-21T00:40:23Z">
          <params>
            <param index="0">
              <value>
                <![CDATA[public void core.PrimeNumberCheckerTest.test(java.lang.String,java.lang.String,java.lang.String)]]>
              </value>
            </param>
            <param index="1">
              <value>
                <![CDATA[[Ljava.lang.Object;@18a5848]]>
              </value>
            </param>
          </params>
          <reporter-output>
          </reporter-output>
        </test-method> <!-- beforemethod -->
        <test-method status="PASS" signature="test(java.lang.String, java.lang.String, java.lang.String)[pri:0, instance:core.PrimeNumberCheckerTest@137203b]" name="test" duration-ms="5" started-at="2017-09-21T00:40:23Z" data-provider="prime number" finished-at="2017-09-21T00:40:23Z">
          <params>
            <param index="0">
              <value>
                <![CDATA[TC-95 (96 is not a prime number)]]>
              </value>
            </param>
            <param index="1">
              <value>
                <![CDATA[96]]>
              </value>
            </param>
            <param index="2">
              <value>
                <![CDATA[false]]>
              </value>
            </param>
          </params>
          <reporter-output>
          </reporter-output>
        </test-method> <!-- test -->
        <test-method status="PASS" signature="beforemethod(java.lang.reflect.Method, [Ljava.lang.Object;)[pri:0, instance:core.PrimeNumberCheckerTest@137203b]" name="beforemethod" is-config="true" duration-ms="1" started-at="2017-09-21T00:40:23Z" finished-at="2017-09-21T00:40:23Z">
          <params>
            <param index="0">
              <value>
                <![CDATA[public void core.PrimeNumberCheckerTest.test(java.lang.String,java.lang.String,java.lang.String)]]>
              </value>
            </param>
            <param index="1">
              <value>
                <![CDATA[[Ljava.lang.Object;@7cd177]]>
              </value>
            </param>
          </params>
          <reporter-output>
          </reporter-output>
        </test-method> <!-- beforemethod -->
        <test-method status="PASS" signature="test(java.lang.String, java.lang.String, java.lang.String)[pri:0, instance:core.PrimeNumberCheckerTest@137203b]" name="test" duration-ms="4" started-at="2017-09-21T00:40:23Z" data-provider="prime number" finished-at="2017-09-21T00:40:23Z">
          <params>
            <param index="0">
              <value>
                <![CDATA[TC-96 (97 is a prime number)]]>
              </value>
            </param>
            <param index="1">
              <value>
                <![CDATA[97]]>
              </value>
            </param>
            <param index="2">
              <value>
                <![CDATA[true]]>
              </value>
            </param>
          </params>
          <reporter-output>
          </reporter-output>
        </test-method> <!-- test -->
        <test-method status="PASS" signature="beforemethod(java.lang.reflect.Method, [Ljava.lang.Object;)[pri:0, instance:core.PrimeNumberCheckerTest@137203b]" name="beforemethod" is-config="true" duration-ms="0" started-at="2017-09-21T00:40:23Z" finished-at="2017-09-21T00:40:23Z">
          <params>
            <param index="0">
              <value>
                <![CDATA[public void core.PrimeNumberCheckerTest.test(java.lang.String,java.lang.String,java.lang.String)]]>
              </value>
            </param>
            <param index="1">
              <value>
                <![CDATA[[Ljava.lang.Object;@4b6a56]]>
              </value>
            </param>
          </params>
          <reporter-output>
          </reporter-output>
        </test-method> <!-- beforemethod -->
        <test-method status="PASS" signature="test(java.lang.String, java.lang.String, java.lang.String)[pri:0, instance:core.PrimeNumberCheckerTest@137203b]" name="test" duration-ms="4" started-at="2017-09-21T00:40:23Z" data-provider="prime number" finished-at="2017-09-21T00:40:23Z">
          <params>
            <param index="0">
              <value>
                <![CDATA[TC-97 (98 is not a prime number)]]>
              </value>
            </param>
            <param index="1">
              <value>
                <![CDATA[98]]>
              </value>
            </param>
            <param index="2">
              <value>
                <![CDATA[false]]>
              </value>
            </param>
          </params>
          <reporter-output>
          </reporter-output>
        </test-method> <!-- test -->
        <test-method status="PASS" signature="beforemethod(java.lang.reflect.Method, [Ljava.lang.Object;)[pri:0, instance:core.PrimeNumberCheckerTest@137203b]" name="beforemethod" is-config="true" duration-ms="0" started-at="2017-09-21T00:40:23Z" finished-at="2017-09-21T00:40:23Z">
          <params>
            <param index="0">
              <value>
                <![CDATA[public void core.PrimeNumberCheckerTest.test(java.lang.String,java.lang.String,java.lang.String)]]>
              </value>
            </param>
            <param index="1">
              <value>
                <![CDATA[[Ljava.lang.Object;@1d54b3]]>
              </value>
            </param>
          </params>
          <reporter-output>
          </reporter-output>
        </test-method> <!-- beforemethod -->
        <test-method status="PASS" signature="test(java.lang.String, java.lang.String, java.lang.String)[pri:0, instance:core.PrimeNumberCheckerTest@137203b]" name="test" duration-ms="4" started-at="2017-09-21T00:40:23Z" data-provider="prime number" finished-at="2017-09-21T00:40:23Z">
          <params>
            <param index="0">
              <value>
                <![CDATA[TC-98 (99 is not a prime number)]]>
              </value>
            </param>
            <param index="1">
              <value>
                <![CDATA[99]]>
              </value>
            </param>
            <param index="2">
              <value>
                <![CDATA[false]]>
              </value>
            </param>
          </params>
          <reporter-output>
          </reporter-output>
        </test-method> <!-- test -->
        <test-method status="PASS" signature="test(java.lang.String, java.lang.String, java.lang.String)[pri:0, instance:core.PrimeNumberCheckerTest@137203b]" name="test" duration-ms="3" started-at="2017-09-21T00:40:23Z" data-provider="prime number" finished-at="2017-09-21T00:40:23Z">
          <params>
            <param index="0">
              <value>
                <![CDATA[TC-99 (100 is not a prime number)]]>
              </value>
            </param>
            <param index="1">
              <value>
                <![CDATA[100]]>
              </value>
            </param>
            <param index="2">
              <value>
                <![CDATA[false]]>
              </value>
            </param>
          </params>
          <reporter-output>
          </reporter-output>
        </test-method> <!-- test -->
        <test-method status="PASS" signature="beforemethod(java.lang.reflect.Method, [Ljava.lang.Object;)[pri:0, instance:core.PrimeNumberCheckerTest@137203b]" name="beforemethod" is-config="true" duration-ms="0" started-at="2017-09-21T00:40:23Z" finished-at="2017-09-21T00:40:23Z">
          <params>
            <param index="0">
              <value>
                <![CDATA[public void core.PrimeNumberCheckerTest.test(java.lang.String,java.lang.String,java.lang.String)]]>
              </value>
            </param>
            <param index="1">
              <value>
                <![CDATA[[Ljava.lang.Object;@1f40ca0]]>
              </value>
            </param>
          </params>
          <reporter-output>
          </reporter-output>
        </test-method> <!-- beforemethod -->
        <test-method status="PASS" signature="beforemethod(java.lang.reflect.Method, [Ljava.lang.Object;)[pri:0, instance:core.PrimeNumberCheckerTest@137203b]" name="beforemethod" is-config="true" duration-ms="1" started-at="2017-09-21T00:40:23Z" finished-at="2017-09-21T00:40:23Z">
          <params>
            <param index="0">
              <value>
                <![CDATA[public void core.PrimeNumberCheckerTest.test(java.lang.String,java.lang.String,java.lang.String)]]>
              </value>
            </param>
            <param index="1">
              <value>
                <![CDATA[[Ljava.lang.Object;@1ad8ec0]]>
              </value>
            </param>
          </params>
          <reporter-output>
          </reporter-output>
        </test-method> <!-- beforemethod -->
        <test-method status="PASS" signature="test(java.lang.String, java.lang.String, java.lang.String)[pri:0, instance:core.PrimeNumberCheckerTest@137203b]" name="test" duration-ms="3" started-at="2017-09-21T00:40:23Z" data-provider="prime number" finished-at="2017-09-21T00:40:23Z">
          <params>
            <param index="0">
              <value>
                <![CDATA[TC-100 (101 is a prime number)]]>
              </value>
            </param>
            <param index="1">
              <value>
                <![CDATA[101]]>
              </value>
            </param>
            <param index="2">
              <value>
                <![CDATA[true]]>
              </value>
            </param>
          </params>
          <reporter-output>
          </reporter-output>
        </test-method> <!-- test -->
      </class> <!-- core.PrimeNumberCheckerTest -->
    </test> <!-- Default test -->
  </suite> <!-- Default suite -->
</testng-results>
