<?xml version="1.0" encoding="UTF-8"?>
<testng-results skipped="0" failed="0" ignored="0" total="4" passed="4">
  <reporter-output>
  </reporter-output>
  <suite name="Default suite" duration-ms="134" started-at="2017-08-25T03:04:22Z" finished-at="2017-08-25T03:04:22Z">
    <groups>
    </groups>
    <test name="Default test" duration-ms="134" started-at="2017-08-25T03:04:22Z" finished-at="2017-08-25T03:04:22Z">
      <class name="core.DivideTest">
        <test-method status="PASS" signature="divide_test_2_param()[pri:0, instance:core.DivideTest@1e94a96]" name="divide_test_2_param" duration-ms="38" started-at="2017-08-24T20:04:22Z" finished-at="2017-08-24T20:04:22Z">
          <reporter-output>
          </reporter-output>
        </test-method> <!-- divide_test_2_param -->
        <test-method status="PASS" signature="divide_test_3_param()[pri:0, instance:core.DivideTest@1e94a96]" name="divide_test_3_param" duration-ms="2" started-at="2017-08-24T20:04:22Z" finished-at="2017-08-24T20:04:22Z">
          <reporter-output>
          </reporter-output>
        </test-method> <!-- divide_test_3_param -->
        <test-method status="PASS" signature="divide_test_4_param()[pri:0, instance:core.DivideTest@1e94a96]" name="divide_test_4_param" duration-ms="2" started-at="2017-08-24T20:04:22Z" finished-at="2017-08-24T20:04:22Z">
          <reporter-output>
          </reporter-output>
        </test-method> <!-- divide_test_4_param -->
        <test-method status="PASS" signature="divide_test_instanceOf()[pri:0, instance:core.DivideTest@1e94a96]" name="divide_test_instanceOf" duration-ms="6" started-at="2017-08-24T20:04:22Z" finished-at="2017-08-24T20:04:22Z">
          <reporter-output>
          </reporter-output>
        </test-method> <!-- divide_test_instanceOf -->
      </class> <!-- core.DivideTest -->
    </test> <!-- Default test -->
  </suite> <!-- Default suite -->
</testng-results>
