<?xml version="1.0" encoding="UTF-8"?>
<testng-results skipped="0" failed="0" ignored="0" total="4" passed="4">
  <reporter-output>
  </reporter-output>
  <suite name="Surefire suite" duration-ms="101" started-at="2017-08-24T06:35:24Z" finished-at="2017-08-24T06:35:24Z">
    <groups>
    </groups>
    <test name="Surefire test" duration-ms="101" started-at="2017-08-24T06:35:24Z" finished-at="2017-08-24T06:35:24Z">
      <class name="core.SubtractTest">
        <test-method status="PASS" signature="divide_test_2_param()[pri:0, instance:core.SubtractTest@1550481]" name="divide_test_2_param" duration-ms="39" started-at="2017-08-23T23:35:24Z" finished-at="2017-08-23T23:35:24Z">
          <reporter-output>
          </reporter-output>
        </test-method> <!-- divide_test_2_param -->
        <test-method status="PASS" signature="divide_test_3_param()[pri:0, instance:core.SubtractTest@1550481]" name="divide_test_3_param" duration-ms="0" started-at="2017-08-23T23:35:24Z" finished-at="2017-08-23T23:35:24Z">
          <reporter-output>
          </reporter-output>
        </test-method> <!-- divide_test_3_param -->
        <test-method status="PASS" signature="divide_test_4_param()[pri:0, instance:core.SubtractTest@1550481]" name="divide_test_4_param" duration-ms="0" started-at="2017-08-23T23:35:24Z" finished-at="2017-08-23T23:35:24Z">
          <reporter-output>
          </reporter-output>
        </test-method> <!-- divide_test_4_param -->
        <test-method status="PASS" signature="divide_test_instanceOf()[pri:0, instance:core.SubtractTest@1550481]" name="divide_test_instanceOf" duration-ms="4" started-at="2017-08-23T23:35:24Z" finished-at="2017-08-23T23:35:24Z">
          <reporter-output>
          </reporter-output>
        </test-method> <!-- divide_test_instanceOf -->
      </class> <!-- core.SubtractTest -->
    </test> <!-- Surefire test -->
  </suite> <!-- Surefire suite -->
</testng-results>
