<?xml version="1.0" encoding="UTF-8"?>
<!-- Generated by org.testng.reporters.JUnitXMLReporter -->
<testsuite hostname="Vova-ПК" ignored="0" name="PrimeNumber" tests="100" failures="0" timestamp="09 ноя 2017 05:19:44 GMT" time="0.922" errors="0">
  <testcase name="test" time="0.19" classname="core.PrimeNumberCheckerTest"/>
  <testcase name="test" time="0.005" classname="core.PrimeNumberCheckerTest"/>
  <testcase name="test" time="0.0" classname="core.PrimeNumberCheckerTest"/>
  <testcase name="test" time="0.0" classname="core.PrimeNumberCheckerTest"/>
  <testcase name="test" time="0.016" classname="core.PrimeNumberCheckerTest"/>
  <testcase name="test" time="0.0" classname="core.PrimeNumberCheckerTest"/>
  <testcase name="test" time="0.0" classname="core.PrimeNumberCheckerTest"/>
  <testcase name="test" time="0.0" classname="core.PrimeNumberCheckerTest"/>
  <testcase name="test" time="0.0" classname="core.PrimeNumberCheckerTest"/>
  <testcase name="test" time="0.016" classname="core.PrimeNumberCheckerTest"/>
  <testcase name="test" time="0.0" classname="core.PrimeNumberCheckerTest"/>
  <testcase name="test" time="0.0" classname="core.PrimeNumberCheckerTest"/>
  <testcase name="test" time="0.016" classname="core.PrimeNumberCheckerTest"/>
  <testcase name="test" time="0.0" classname="core.PrimeNumberCheckerTest"/>
  <testcase name="test" time="0.0" classname="core.PrimeNumberCheckerTest"/>
  <testcase name="test" time="0.015" classname="core.PrimeNumberCheckerTest"/>
  <testcase name="test" time="0.0" classname="core.PrimeNumberCheckerTest"/>
  <testcase name="test" time="0.0" classname="core.PrimeNumberCheckerTest"/>
  <testcase name="test" time="0.016" classname="core.PrimeNumberCheckerTest"/>
  <testcase name="test" time="0.0" classname="core.PrimeNumberCheckerTest"/>
  <testcase name="test" time="0.0" classname="core.PrimeNumberCheckerTest"/>
  <testcase name="test" time="0.0" classname="core.PrimeNumberCheckerTest"/>
  <testcase name="test" time="0.003" classname="core.PrimeNumberCheckerTest"/>
  <testcase name="test" time="0.0" classname="core.PrimeNumberCheckerTest"/>
  <testcase name="test" time="0.0" classname="core.PrimeNumberCheckerTest"/>
  <testcase name="test" time="0.0" classname="core.PrimeNumberCheckerTest"/>
  <testcase name="test" time="0.0" classname="core.PrimeNumberCheckerTest"/>
  <testcase name="test" time="0.0" classname="core.PrimeNumberCheckerTest"/>
  <testcase name="test" time="0.0" classname="core.PrimeNumberCheckerTest"/>
  <testcase name="test" time="0.016" classname="core.PrimeNumberCheckerTest"/>
  <testcase name="test" time="0.0" classname="core.PrimeNumberCheckerTest"/>
  <testcase name="test" time="0.0" classname="core.PrimeNumberCheckerTest"/>
  <testcase name="test" time="0.0" classname="core.PrimeNumberCheckerTest"/>
  <testcase name="test" time="0.016" classname="core.PrimeNumberCheckerTest"/>
  <testcase name="test" time="0.0" classname="core.PrimeNumberCheckerTest"/>
  <testcase name="test" time="0.0" classname="core.PrimeNumberCheckerTest"/>
  <testcase name="test" time="0.0" classname="core.PrimeNumberCheckerTest"/>
  <testcase name="test" time="0.015" classname="core.PrimeNumberCheckerTest"/>
  <testcase name="test" time="0.0" classname="core.PrimeNumberCheckerTest"/>
  <testcase name="test" time="0.0" classname="core.PrimeNumberCheckerTest"/>
  <testcase name="test" time="0.0" classname="core.PrimeNumberCheckerTest"/>
  <testcase name="test" time="0.0" classname="core.PrimeNumberCheckerTest"/>
  <testcase name="test" time="0.0" classname="core.PrimeNumberCheckerTest"/>
  <testcase name="test" time="0.0" classname="core.PrimeNumberCheckerTest"/>
  <testcase name="test" time="0.0" classname="core.PrimeNumberCheckerTest"/>
  <testcase name="test" time="0.015" classname="core.PrimeNumberCheckerTest"/>
  <testcase name="test" time="0.003" classname="core.PrimeNumberCheckerTest"/>
  <testcase name="test" time="0.0" classname="core.PrimeNumberCheckerTest"/>
  <testcase name="test" time="0.0" classname="core.PrimeNumberCheckerTest"/>
  <testcase name="test" time="0.0" classname="core.PrimeNumberCheckerTest"/>
  <testcase name="test" time="0.016" classname="core.PrimeNumberCheckerTest"/>
  <testcase name="test" time="0.0" classname="core.PrimeNumberCheckerTest"/>
  <testcase name="test" time="0.0" classname="core.PrimeNumberCheckerTest"/>
  <testcase name="test" time="0.0" classname="core.PrimeNumberCheckerTest"/>
  <testcase name="test" time="0.015" classname="core.PrimeNumberCheckerTest"/>
  <testcase name="test" time="0.0" classname="core.PrimeNumberCheckerTest"/>
  <testcase name="test" time="0.0" classname="core.PrimeNumberCheckerTest"/>
  <testcase name="test" time="0.0" classname="core.PrimeNumberCheckerTest"/>
  <testcase name="test" time="0.016" classname="core.PrimeNumberCheckerTest"/>
  <testcase name="test" time="0.0" classname="core.PrimeNumberCheckerTest"/>
  <testcase name="test" time="0.0" classname="core.PrimeNumberCheckerTest"/>
  <testcase name="test" time="0.0" classname="core.PrimeNumberCheckerTest"/>
  <testcase name="test" time="0.015" classname="core.PrimeNumberCheckerTest"/>
  <testcase name="test" time="0.0" classname="core.PrimeNumberCheckerTest"/>
  <testcase name="test" time="0.0" classname="core.PrimeNumberCheckerTest"/>
  <testcase name="test" time="0.0" classname="core.PrimeNumberCheckerTest"/>
  <testcase name="test" time="0.016" classname="core.PrimeNumberCheckerTest"/>
  <testcase name="test" time="0.0" classname="core.PrimeNumberCheckerTest"/>
  <testcase name="test" time="0.0" classname="core.PrimeNumberCheckerTest"/>
  <testcase name="test" time="0.0" classname="core.PrimeNumberCheckerTest"/>
  <testcase name="test" time="0.0" classname="core.PrimeNumberCheckerTest"/>
  <testcase name="test" time="0.002" classname="core.PrimeNumberCheckerTest"/>
  <testcase name="test" time="0.003" classname="core.PrimeNumberCheckerTest"/>
  <testcase name="test" time="0.0" classname="core.PrimeNumberCheckerTest"/>
  <testcase name="test" time="0.0" classname="core.PrimeNumberCheckerTest"/>
  <testcase name="test" time="0.0" classname="core.PrimeNumberCheckerTest"/>
  <testcase name="test" time="0.0" classname="core.PrimeNumberCheckerTest"/>
  <testcase name="test" time="0.016" classname="core.PrimeNumberCheckerTest"/>
  <testcase name="test" time="0.0" classname="core.PrimeNumberCheckerTest"/>
  <testcase name="test" time="0.0" classname="core.PrimeNumberCheckerTest"/>
  <testcase name="test" time="0.0" classname="core.PrimeNumberCheckerTest"/>
  <testcase name="test" time="0.015" classname="core.PrimeNumberCheckerTest"/>
  <testcase name="test" time="0.0" classname="core.PrimeNumberCheckerTest"/>
  <testcase name="test" time="0.0" classname="core.PrimeNumberCheckerTest"/>
  <testcase name="test" time="0.0" classname="core.PrimeNumberCheckerTest"/>
  <testcase name="test" time="0.0" classname="core.PrimeNumberCheckerTest"/>
  <testcase name="test" time="0.0" classname="core.PrimeNumberCheckerTest"/>
  <testcase name="test" time="0.0" classname="core.PrimeNumberCheckerTest"/>
  <testcase name="test" time="0.0" classname="core.PrimeNumberCheckerTest"/>
  <testcase name="test" time="0.0" classname="core.PrimeNumberCheckerTest"/>
  <testcase name="test" time="0.0" classname="core.PrimeNumberCheckerTest"/>
  <testcase name="test" time="0.0" classname="core.PrimeNumberCheckerTest"/>
  <testcase name="test" time="0.016" classname="core.PrimeNumberCheckerTest"/>
  <testcase name="test" time="0.0" classname="core.PrimeNumberCheckerTest"/>
  <testcase name="test" time="0.0" classname="core.PrimeNumberCheckerTest"/>
  <testcase name="test" time="0.0" classname="core.PrimeNumberCheckerTest"/>
  <testcase name="test" time="0.016" classname="core.PrimeNumberCheckerTest"/>
  <testcase name="test" time="0.005" classname="core.PrimeNumberCheckerTest"/>
  <testcase name="test" time="0.003" classname="core.PrimeNumberCheckerTest"/>
  <testcase name="test" time="0.003" classname="core.PrimeNumberCheckerTest"/>
</testsuite> <!-- PrimeNumber -->
