<?xml version="1.0" encoding="UTF-8"?>
<!-- Generated by org.testng.reporters.JUnitXMLReporter -->
<testsuite hostname="Vova-ПК" ignored="0" name="Surefire test" tests="99" failures="0" timestamp="25 авг 2017 03:58:54 GMT" time="0.671" errors="0">
  <testcase name="test" time="0.093" classname="core.PrimeNumberCheckerTest"/>
  <testcase name="test" time="0.0" classname="core.PrimeNumberCheckerTest"/>
  <testcase name="test" time="0.0" classname="core.PrimeNumberCheckerTest"/>
  <testcase name="test" time="0.0" classname="core.PrimeNumberCheckerTest"/>
  <testcase name="test" time="0.016" classname="core.PrimeNumberCheckerTest"/>
  <testcase name="test" time="0.0" classname="core.PrimeNumberCheckerTest"/>
  <testcase name="test" time="0.0" classname="core.PrimeNumberCheckerTest"/>
  <testcase name="test" time="0.0" classname="core.PrimeNumberCheckerTest"/>
  <testcase name="test" time="0.0" classname="core.PrimeNumberCheckerTest"/>
  <testcase name="test" time="0.0" classname="core.PrimeNumberCheckerTest"/>
  <testcase name="test" time="0.0" classname="core.PrimeNumberCheckerTest"/>
  <testcase name="test" time="0.0" classname="core.PrimeNumberCheckerTest"/>
  <testcase name="test" time="0.0" classname="core.PrimeNumberCheckerTest"/>
  <testcase name="test" time="0.0" classname="core.PrimeNumberCheckerTest"/>
  <testcase name="test" time="0.0" classname="core.PrimeNumberCheckerTest"/>
  <testcase name="test" time="0.047" classname="core.PrimeNumberCheckerTest"/>
  <testcase name="test" time="0.0" classname="core.PrimeNumberCheckerTest"/>
  <testcase name="test" time="0.0" classname="core.PrimeNumberCheckerTest"/>
  <testcase name="test" time="0.0" classname="core.PrimeNumberCheckerTest"/>
  <testcase name="test" time="0.0" classname="core.PrimeNumberCheckerTest"/>
  <testcase name="test" time="0.0" classname="core.PrimeNumberCheckerTest"/>
  <testcase name="test" time="0.0" classname="core.PrimeNumberCheckerTest"/>
  <testcase name="test" time="0.0" classname="core.PrimeNumberCheckerTest"/>
  <testcase name="test" time="0.0" classname="core.PrimeNumberCheckerTest"/>
  <testcase name="test" time="0.0" classname="core.PrimeNumberCheckerTest"/>
  <testcase name="test" time="0.016" classname="core.PrimeNumberCheckerTest"/>
  <testcase name="test" time="0.0" classname="core.PrimeNumberCheckerTest"/>
  <testcase name="test" time="0.0" classname="core.PrimeNumberCheckerTest"/>
  <testcase name="test" time="0.0" classname="core.PrimeNumberCheckerTest"/>
  <testcase name="test" time="0.015" classname="core.PrimeNumberCheckerTest"/>
  <testcase name="test" time="0.0" classname="core.PrimeNumberCheckerTest"/>
  <testcase name="test" time="0.0" classname="core.PrimeNumberCheckerTest"/>
  <testcase name="test" time="0.016" classname="core.PrimeNumberCheckerTest"/>
  <testcase name="test" time="0.016" classname="core.PrimeNumberCheckerTest"/>
  <testcase name="test" time="0.0" classname="core.PrimeNumberCheckerTest"/>
  <testcase name="test" time="0.0" classname="core.PrimeNumberCheckerTest"/>
  <testcase name="test" time="0.0" classname="core.PrimeNumberCheckerTest"/>
  <testcase name="test" time="0.0" classname="core.PrimeNumberCheckerTest"/>
  <testcase name="test" time="0.0" classname="core.PrimeNumberCheckerTest"/>
  <testcase name="test" time="0.0" classname="core.PrimeNumberCheckerTest"/>
  <testcase name="test" time="0.0" classname="core.PrimeNumberCheckerTest"/>
  <testcase name="test" time="0.0" classname="core.PrimeNumberCheckerTest"/>
  <testcase name="test" time="0.015" classname="core.PrimeNumberCheckerTest"/>
  <testcase name="test" time="0.0" classname="core.PrimeNumberCheckerTest"/>
  <testcase name="test" time="0.0" classname="core.PrimeNumberCheckerTest"/>
  <testcase name="test" time="0.0" classname="core.PrimeNumberCheckerTest"/>
  <testcase name="test" time="0.0" classname="core.PrimeNumberCheckerTest"/>
  <testcase name="test" time="0.0" classname="core.PrimeNumberCheckerTest"/>
  <testcase name="test" time="0.0" classname="core.PrimeNumberCheckerTest"/>
  <testcase name="test" time="0.016" classname="core.PrimeNumberCheckerTest"/>
  <testcase name="test" time="0.0" classname="core.PrimeNumberCheckerTest"/>
  <testcase name="test" time="0.0" classname="core.PrimeNumberCheckerTest"/>
  <testcase name="test" time="0.0" classname="core.PrimeNumberCheckerTest"/>
  <testcase name="test" time="0.0" classname="core.PrimeNumberCheckerTest"/>
  <testcase name="test" time="0.0" classname="core.PrimeNumberCheckerTest"/>
  <testcase name="test" time="0.0" classname="core.PrimeNumberCheckerTest"/>
  <testcase name="test" time="0.0" classname="core.PrimeNumberCheckerTest"/>
  <testcase name="test" time="0.0" classname="core.PrimeNumberCheckerTest"/>
  <testcase name="test" time="0.0" classname="core.PrimeNumberCheckerTest"/>
  <testcase name="test" time="0.0" classname="core.PrimeNumberCheckerTest"/>
  <testcase name="test" time="0.015" classname="core.PrimeNumberCheckerTest"/>
  <testcase name="test" time="0.0" classname="core.PrimeNumberCheckerTest"/>
  <testcase name="test" time="0.0" classname="core.PrimeNumberCheckerTest"/>
  <testcase name="test" time="0.0" classname="core.PrimeNumberCheckerTest"/>
  <testcase name="test" time="0.0" classname="core.PrimeNumberCheckerTest"/>
  <testcase name="test" time="0.0" classname="core.PrimeNumberCheckerTest"/>
  <testcase name="test" time="0.0" classname="core.PrimeNumberCheckerTest"/>
  <testcase name="test" time="0.016" classname="core.PrimeNumberCheckerTest"/>
  <testcase name="test" time="0.0" classname="core.PrimeNumberCheckerTest"/>
  <testcase name="test" time="0.0" classname="core.PrimeNumberCheckerTest"/>
  <testcase name="test" time="0.015" classname="core.PrimeNumberCheckerTest"/>
  <testcase name="test" time="0.0" classname="core.PrimeNumberCheckerTest"/>
  <testcase name="test" time="0.016" classname="core.PrimeNumberCheckerTest"/>
  <testcase name="test" time="0.0" classname="core.PrimeNumberCheckerTest"/>
  <testcase name="test" time="0.0" classname="core.PrimeNumberCheckerTest"/>
  <testcase name="test" time="0.0" classname="core.PrimeNumberCheckerTest"/>
  <testcase name="test" time="0.015" classname="core.PrimeNumberCheckerTest"/>
  <testcase name="test" time="0.0" classname="core.PrimeNumberCheckerTest"/>
  <testcase name="test" time="0.016" classname="core.PrimeNumberCheckerTest"/>
  <testcase name="test" time="0.016" classname="core.PrimeNumberCheckerTest"/>
  <testcase name="test" time="0.031" classname="core.PrimeNumberCheckerTest"/>
  <testcase name="test" time="0.0" classname="core.PrimeNumberCheckerTest"/>
  <testcase name="test" time="0.0" classname="core.PrimeNumberCheckerTest"/>
  <testcase name="test" time="0.0" classname="core.PrimeNumberCheckerTest"/>
  <testcase name="test" time="0.016" classname="core.PrimeNumberCheckerTest"/>
  <testcase name="test" time="0.0" classname="core.PrimeNumberCheckerTest"/>
  <testcase name="test" time="0.0" classname="core.PrimeNumberCheckerTest"/>
  <testcase name="test" time="0.0" classname="core.PrimeNumberCheckerTest"/>
  <testcase name="test" time="0.0" classname="core.PrimeNumberCheckerTest"/>
  <testcase name="test" time="0.0" classname="core.PrimeNumberCheckerTest"/>
  <testcase name="test" time="0.0" classname="core.PrimeNumberCheckerTest"/>
  <testcase name="test" time="0.0" classname="core.PrimeNumberCheckerTest"/>
  <testcase name="test" time="0.0" classname="core.PrimeNumberCheckerTest"/>
  <testcase name="test" time="0.016" classname="core.PrimeNumberCheckerTest"/>
  <testcase name="test" time="0.047" classname="core.PrimeNumberCheckerTest"/>
  <testcase name="test" time="0.0" classname="core.PrimeNumberCheckerTest"/>
  <testcase name="test" time="0.0" classname="core.PrimeNumberCheckerTest"/>
  <testcase name="test" time="0.015" classname="core.PrimeNumberCheckerTest"/>
  <testcase name="test" time="0.0" classname="core.PrimeNumberCheckerTest"/>
</testsuite> <!-- Surefire test -->
